[96msrc/app/api/recipes/[id]/pricing/route.ts[0m:[93m108[0m:[93m69[0m - [91merror[0m[90m TS2345: [0mArgument of type 'RecipeWithIngredients' is not assignable to parameter of type '{ batch_size: number | null; category: string | null; cook_time: number | null; cost_per_unit: number | null; created_at: string | null; created_by: string | null; description: string | null; ... 18 more ...; user_id: string; } & { ...; }'.
  Type 'RecipeWithIngredients' is not assignable to type '{ recipe_ingredients: ({ id: string; ingredient_id: string; quantity: number; recipe_id: string; unit: string; user_id: string; } & { ingredient: { category: string | null; cost_per_batch: number | null; ... 24 more ...; weighted_average_cost: number; }; })[]; }'.
    Types of property 'recipe_ingredients' are incompatible.
      Type '({ id: string; ingredient_id: string; quantity: number; recipe_id: string; unit: string; user_id: string; } & { ingredient?: { category: string | null; cost_per_batch: number | null; created_at: string | null; ... 23 more ...; weighted_average_cost: number; } | null | undefined; })[] | undefined' is not assignable to type '({ id: string; ingredient_id: string; quantity: number; recipe_id: string; unit: string; user_id: string; } & { ingredient: { category: string | null; cost_per_batch: number | null; created_at: string | null; ... 23 more ...; weighted_average_cost: number; }; })[]'.
        Type 'undefined' is not assignable to type '({ id: string; ingredient_id: string; quantity: number; recipe_id: string; unit: string; user_id: string; } & { ingredient: { category: string | null; cost_per_batch: number | null; created_at: string | null; ... 23 more ...; weighted_average_cost: number; }; })[]'.

[7m108[0m     const pricingAnalysis = pricingAutomation.calculateSmartPricing({
[7m   [0m [91m                                                                    ~[0m
[7m109[0m       ...recipeData,
[7m   [0m [91m~~~~~~~~~~~~~~~~~~~~[0m
[7m...[0m 
[7m115[0m         }))
[7m   [0m [91m~~~~~~~~~~~[0m
[7m116[0m     } as RecipeWithIngredients)
[7m   [0m [91m~~~~~~~~~~~~~~~~~~~~~~~~~~~~~~[0m

[96msrc/app/customers/[id]/page.tsx[0m:[93m259[0m:[93m60[0m - [91merror[0m[90m TS2345: [0mArgument of type 'string | null' is not assignable to parameter of type 'string'.
  Type 'null' is not assignable to type 'string'.

[7m259[0m                           <Badge variant={getStatusVariant(order.status)}>
[7m   [0m [91m                                                           ~~~~~~~~~~~~[0m

[96msrc/app/customers/[id]/page.tsx[0m:[93m277[0m:[93m10[0m - [91merror[0m[90m TS2304: [0mCannot find name 'ConfirmDialog'.

[7m277[0m         <ConfirmDialog
[7m   [0m [91m         ~~~~~~~~~~~~~[0m

[96msrc/app/recipes/ai-generator/components/AIRecipeGeneratorLayout.tsx[0m:[93m224[0m:[93m17[0m - [91merror[0m[90m TS2769: [0mNo overload matches this call.
  Overload 1 of 2, '(values: never, options?: { count?: "exact" | "planned" | "estimated" | undefined; } | undefined): PostgrestFilterBuilder<{ PostgrestVersion: "13.0.5"; }, never, never, null, "recipes", never, "POST">', gave the following error.
    Argument of type '{ user_id: string; name: string; category: string; servings: number; prep_time: number; cook_time: number; description: string; instructions: string; is_active: boolean; }' is not assignable to parameter of type 'never'.
  Overload 2 of 2, '(values: never[], options?: { count?: "exact" | "planned" | "estimated" | undefined; defaultToNull?: boolean | undefined; } | undefined): PostgrestFilterBuilder<{ PostgrestVersion: "13.0.5"; }, never, ... 4 more ..., "POST">', gave the following error.
    Argument of type '{ user_id: string; name: string; category: string; servings: number; prep_time: number; cook_time: number; description: string; instructions: string; is_active: boolean; }' is not assignable to parameter of type 'never[]'.
      Type '{ user_id: string; name: string; category: string; servings: number; prep_time: number; cook_time: number; description: string; instructions: string; is_active: boolean; }' is missing the following properties from type 'never[]': length, pop, push, concat, and 35 more.

[7m224[0m         .insert(recipeInsert)
[7m   [0m [91m                ~~~~~~~~~~~~[0m


[96msrc/app/recipes/ai-generator/components/AIRecipeGeneratorLayout.tsx[0m:[93m238[0m:[93m29[0m - [91merror[0m[90m TS2339: [0mProperty 'id' does not exist on type 'never'.

[7m238[0m           recipe_id: recipe.id,
[7m   [0m [91m                            ~~[0m

[96msrc/app/recipes/ai-generator/components/AIRecipeGeneratorLayout.tsx[0m:[93m248[0m:[93m17[0m - [91merror[0m[90m TS2769: [0mNo overload matches this call.
  Overload 1 of 2, '(values: never, options?: { count?: "exact" | "planned" | "estimated" | undefined; } | undefined): PostgrestFilterBuilder<{ PostgrestVersion: "13.0.5"; }, never, never, null, "recipe_ingredients", never, "POST">', gave the following error.
    Argument of type '{ recipe_id: any; ingredient_id: string; quantity: number; unit: string; user_id: string; }[]' is not assignable to parameter of type 'never'.
  Overload 2 of 2, '(values: never[], options?: { count?: "exact" | "planned" | "estimated" | undefined; defaultToNull?: boolean | undefined; } | undefined): PostgrestFilterBuilder<{ PostgrestVersion: "13.0.5"; }, never, ... 4 more ..., "POST">', gave the following error.
    Argument of type '{ recipe_id: any; ingredient_id: string; quantity: number; unit: string; user_id: string; }[]' is not assignable to parameter of type 'never[]'.
      Type '{ recipe_id: any; ingredient_id: string; quantity: number; unit: string; user_id: string; }' is not assignable to type 'never'.

[7m248[0m         .insert(recipeIngredients)
[7m   [0m [91m                ~~~~~~~~~~~~~~~~~[0m


[96msrc/components/lazy/modal-lazy-loader.tsx[0m:[93m144[0m:[93m37[0m - [91merror[0m[90m TS2322: [0mType '{ onClose: () => void; }' is not assignable to type 'IntrinsicAttributes & CustomerFormComponentProps'.
  Property 'onClose' does not exist on type 'IntrinsicAttributes & CustomerFormComponentProps'.

[7m144[0m               <Component {...props} onClose={onClose} />
[7m   [0m [91m                                    ~~~~~~~[0m

[96msrc/components/lazy/modal-lazy-loader.tsx[0m:[93m161[0m:[93m33[0m - [91merror[0m[90m TS2322: [0mType '{ onClose: () => void; }' is not assignable to type 'IntrinsicAttributes & CustomerFormComponentProps'.
  Property 'onClose' does not exist on type 'IntrinsicAttributes & CustomerFormComponentProps'.

[7m161[0m           <Component {...props} onClose={onClose} />
[7m   [0m [91m                                ~~~~~~~[0m

[96msrc/components/lazy/modal-lazy-loader.tsx[0m:[93m215[0m:[93m9[0m - [91merror[0m[90m TS2322: [0mType 'unknown' is not assignable to type 'Record<string, unknown> | undefined'.

[7m215[0m         props={modalState.props}
[7m   [0m [91m        ~~~~~[0m

  [96msrc/components/lazy/modal-lazy-loader.tsx[0m:[93m90[0m:[93m3[0m
    [7m90[0m   props?: Record<string, unknown>
    [7m  [0m [96m  ~~~~~[0m
    The expected type comes from property 'props' which is declared here on type 'IntrinsicAttributes & LazyModalProps'

[96msrc/components/lazy/progressive-loading.tsx[0m:[93m130[0m:[93m47[0m - [91merror[0m[90m TS2322: [0mType '{ data: unknown[]; columns: unknown[]; }' is not assignable to type 'IntrinsicAttributes & { data?: unknown[] | undefined; }'.
  Property 'columns' does not exist on type 'IntrinsicAttributes & { data?: unknown[] | undefined; }'.

[7m130[0m           <VirtualizedTableLoader data={data} columns={columns} />
[7m   [0m [91m                                              ~~~~~~~[0m

[96msrc/components/lazy/progressive-loading.tsx[0m:[93m138[0m:[93m24[0m - [91merror[0m[90m TS2322: [0mType 'unknown[]' is not assignable to type 'Record<string, unknown>[]'.
  Type 'unknown' is not assignable to type 'Record<string, unknown>'.

[7m138[0m       <SimpleTableView data={displayedData} columns={columns} />
[7m   [0m [91m                       ~~~~[0m

  [96msrc/components/lazy/progressive-loading.tsx[0m:[93m241[0m:[93m3[0m
    [7m241[0m   data: T[];
    [7m   [0m [96m  ~~~~[0m
    The expected type comes from property 'data' which is declared here on type 'IntrinsicAttributes & { data: Record<string, unknown>[]; columns: { header: string; accessor: string; }[]; }'

[96msrc/components/lazy/progressive-loading.tsx[0m:[93m138[0m:[93m45[0m - [91merror[0m[90m TS2322: [0mType 'unknown[]' is not assignable to type '{ header: string; accessor: string; }[]'.
  Type 'unknown' is not assignable to type '{ header: string; accessor: string; }'.

[7m138[0m       <SimpleTableView data={displayedData} columns={columns} />
[7m   [0m [91m                                            ~~~~~~~[0m

  [96msrc/components/lazy/progressive-loading.tsx[0m:[93m242[0m:[93m3[0m
    [7m242[0m   columns: Array<{ header: string; accessor: keyof T }>
    [7m   [0m [96m  ~~~~~~~[0m
    The expected type comes from property 'columns' which is declared here on type 'IntrinsicAttributes & { data: Record<string, unknown>[]; columns: { header: string; accessor: string; }[]; }'

[96msrc/components/lazy/progressive-loading.tsx[0m:[93m260[0m:[93m17[0m - [91merror[0m[90m TS2322: [0mType 'T[keyof T]' is not assignable to type 'ReactNode'.
  Type 'T[string] | T[number] | T[symbol]' is not assignable to type 'ReactNode'.
    Type 'T[string]' is not assignable to type 'ReactNode'.
      Type 'T[string]' is not assignable to type 'Promise<AwaitedReactNode>'.
        Type 'T[keyof T]' is not assignable to type 'Promise<AwaitedReactNode>'.
          Type 'T[string] | T[number] | T[symbol]' is not assignable to type 'Promise<AwaitedReactNode>'.
            Type 'T[string]' is not assignable to type 'Promise<AwaitedReactNode>'.

[7m260[0m                 {row[col.accessor]}
[7m   [0m [91m                ~~~~~~~~~~~~~~~~~~~[0m

  [96mnode_modules/.pnpm/@types+react@18.3.26/node_modules/@types/react/index.d.ts[0m:[93m2398[0m:[93m9[0m
    [7m2398[0m         children?: ReactNode | undefined;
    [7m    [0m [96m        ~~~~~~~~[0m
    The expected type comes from property 'children' which is declared here on type 'DetailedHTMLProps<TdHTMLAttributes<HTMLTableDataCellElement>, HTMLTableDataCellElement>'

[96msrc/components/orders/useOrders.ts[0m:[93m253[0m:[93m60[0m - [91merror[0m[90m TS2345: [0mArgument of type 'unknown' is not assignable to parameter of type 'string | undefined'.

[7m253[0m         queryLogger.error('Error in createOrder mutation', err)
[7m   [0m [91m                                                           ~~~[0m

[96msrc/components/orders/useOrders.ts[0m:[93m263[0m:[93m68[0m - [91merror[0m[90m TS2554: [0mExpected 1-2 arguments, but got 3.

[7m263[0m       queryLogger.error('Create order mutation failed', undefined, { error: message })
[7m   [0m [91m                                                                   ~~~~~~~~~~~~~~~~~~[0m

[96msrc/components/orders/useOrders.ts[0m:[93m322[0m:[93m60[0m - [91merror[0m[90m TS2554: [0mExpected 1-2 arguments, but got 3.

[7m322[0m       queryLogger.error('Error updating order', undefined, { error: message })
[7m   [0m [91m                                                           ~~~~~~~~~~~~~~~~~~[0m

[96msrc/components/orders/useOrders.ts[0m:[93m370[0m:[93m67[0m - [91merror[0m[90m TS2554: [0mExpected 1-2 arguments, but got 3.

[7m370[0m       queryLogger.error('Error updating order status', undefined, { error: message })
[7m   [0m [91m                                                                  ~~~~~~~~~~~~~~~~~~[0m

[96msrc/components/orders/useOrders.ts[0m:[93m403[0m:[93m60[0m - [91merror[0m[90m TS2554: [0mExpected 1-2 arguments, but got 3.

[7m403[0m       queryLogger.error('Error deleting order', undefined, { error: message })
[7m   [0m [91m                                                           ~~~~~~~~~~~~~~~~~~[0m

[96msrc/components/production/ProductionBatchExecution.tsx[0m:[93m78[0m:[93m48[0m - [91merror[0m[90m TS2339: [0mProperty 'estimated_duration' does not exist on type '{ actual_end_time: string | null; actual_quantity: number | null; completed_at: string | null; cost_per_unit: number; created_at: string | null; created_by: string | null; id: string; ... 9 more ...; user_id: string; }'.

[7m78[0m         const estimatedDuration = state.batch?.estimated_duration || state.batch?.duration || 60 // fallback to 60 minutes if not provided
[7m  [0m [91m                                               ~~~~~~~~~~~~~~~~~~[0m

[96msrc/components/production/ProductionBatchExecution.tsx[0m:[93m78[0m:[93m83[0m - [91merror[0m[90m TS2339: [0mProperty 'duration' does not exist on type '{ actual_end_time: string | null; actual_quantity: number | null; completed_at: string | null; cost_per_unit: number; created_at: string | null; created_by: string | null; id: string; ... 9 more ...; user_id: string; }'.

[7m78[0m         const estimatedDuration = state.batch?.estimated_duration || state.batch?.duration || 60 // fallback to 60 minutes if not provided
[7m  [0m [91m                                                                                  ~~~~~~~~[0m

[96msrc/components/production/ProductionBatchExecution.tsx[0m:[93m118[0m:[93m46[0m - [91merror[0m[90m TS2554: [0mExpected 2 arguments, but got 3.

[7m118[0m     onBatchUpdate?.(batch.id, 'IN_PROGRESS', `Batch started at ${format(now, 'HH:mm')}`)
[7m   [0m [91m                                             ~~~~~~~~~~~~~~~~~~~~~~~~~~~~~~~~~~~~~~~~~~[0m

[96msrc/components/production/ProductionBatchExecution.tsx[0m:[93m140[0m:[93m41[0m - [91merror[0m[90m TS2554: [0mExpected 2 arguments, but got 3.

[7m140[0m     onBatchUpdate?.(batchId, 'PLANNED', `Batch paused at ${format(new Date(), 'HH:mm')}`)
[7m   [0m [91m                                        ~~~~~~~~~~~~~~~~~~~~~~~~~~~~~~~~~~~~~~~~~~~~~~~~[0m

[96msrc/components/production/ProductionBatchExecution.tsx[0m:[93m186[0m:[93m45[0m - [91merror[0m[90m TS2554: [0mExpected 2 arguments, but got 3.

[7m186[0m       onBatchUpdate?.(batchId, 'COMPLETED', `Batch completed at ${format(completedAt, 'HH:mm')}`)
[7m   [0m [91m                                            ~~~~~~~~~~~~~~~~~~~~~~~~~~~~~~~~~~~~~~~~~~~~~~~~~~~~[0m

[96msrc/components/production/ProductionBatchExecution.tsx[0m:[93m266[0m:[93m29[0m - [91merror[0m[90m TS2345: [0mArgument of type 'ProductionBatchWithDetails | undefined' is not assignable to parameter of type 'string'.
  Type 'undefined' is not assignable to type 'string'.

[7m266[0m             onBatchSelect?.(batches.find(b => b.id === batchId))
[7m   [0m [91m                            ~~~~~~~~~~~~~~~~~~~~~~~~~~~~~~~~~~~[0m

[96msrc/components/production/ProductionBatchExecution.tsx[0m:[93m268[0m:[93m11[0m - [91merror[0m[90m TS2322: [0mType '((batchId: string, updates: Partial<ProductionBatchWithDetails>) => void) | undefined' is not assignable to type '((batchId: string, status: ProductionStatus, notes?: string | undefined) => void) | undefined'.
  Type '(batchId: string, updates: Partial<ProductionBatchWithDetails>) => void' is not assignable to type '(batchId: string, status: ProductionStatus, notes?: string | undefined) => void'.
    Types of parameters 'updates' and 'status' are incompatible.
      Type 'string' is not assignable to type 'Partial<ProductionBatchWithDetails>'.
        Type '"IN_PROGRESS"' has no properties in common with type 'Partial<ProductionBatchWithDetails>'.

[7m268[0m           onBatchUpdate={onBatchUpdate}
[7m   [0m [91m          ~~~~~~~~~~~~~[0m

  [96msrc/components/production/components/ActiveBatchesList.tsx[0m:[93m25[0m:[93m3[0m
    [7m25[0m   onBatchUpdate?: (batchId: string, status: ProductionStatus, notes?: string) => void
    [7m  [0m [96m  ~~~~~~~~~~~~~[0m
    The expected type comes from property 'onBatchUpdate' which is declared here on type 'IntrinsicAttributes & ActiveBatchesListProps'

[96msrc/components/production/ProductionTimeline.tsx[0m:[93m11[0m:[93m36[0m - [91merror[0m[90m TS2305: [0mModule '"lucide-react"' has no exported member 'Oven'.

[7m11[0m import { Calendar, Clock, ChefHat, Oven, Package, AlertTriangle, CheckCircle, Play, Pause, BarChart3, Settings } from 'lucide-react'
[7m  [0m [91m                                   ~~~~[0m

[96msrc/components/production/ProductionTimeline.tsx[0m:[93m92[0m:[93m70[0m - [91merror[0m[90m TS2339: [0mProperty 'scheduled_start' does not exist on type '{ actual_end_time: string | null; actual_quantity: number | null; completed_at: string | null; cost_per_unit: number; created_at: string | null; created_by: string | null; id: string; ... 9 more ...; user_id: string; }'.

[7m92[0m     const scheduledBatches = schedulingResult.schedule.filter(b => b.scheduled_start)
[7m  [0m [91m                                                                     ~~~~~~~~~~~~~~~[0m

[96msrc/components/production/ProductionTimeline.tsx[0m:[93m93[0m:[93m52[0m - [91merror[0m[90m TS2339: [0mProperty 'scheduled_start' does not exist on type '{ actual_end_time: string | null; actual_quantity: number | null; completed_at: string | null; cost_per_unit: number; created_at: string | null; created_by: string | null; id: string; ... 9 more ...; user_id: string; }'.

[7m93[0m     const startTimes = scheduledBatches.map(b => b.scheduled_start ? new Date(b.scheduled_start) : new Date())
[7m  [0m [91m                                                   ~~~~~~~~~~~~~~~[0m

[96msrc/components/production/ProductionTimeline.tsx[0m:[93m93[0m:[93m81[0m - [91merror[0m[90m TS2339: [0mProperty 'scheduled_start' does not exist on type '{ actual_end_time: string | null; actual_quantity: number | null; completed_at: string | null; cost_per_unit: number; created_at: string | null; created_by: string | null; id: string; ... 9 more ...; user_id: string; }'.

[7m93[0m     const startTimes = scheduledBatches.map(b => b.scheduled_start ? new Date(b.scheduled_start) : new Date())
[7m  [0m [91m                                                                                ~~~~~~~~~~~~~~~[0m

[96msrc/components/production/ProductionTimeline.tsx[0m:[93m94[0m:[93m50[0m - [91merror[0m[90m TS2339: [0mProperty 'scheduled_end' does not exist on type '{ actual_end_time: string | null; actual_quantity: number | null; completed_at: string | null; cost_per_unit: number; created_at: string | null; created_by: string | null; id: string; ... 9 more ...; user_id: string; }'.

[7m94[0m     const endTimes = scheduledBatches.map(b => b.scheduled_end ? new Date(b.scheduled_end) : new Date())
[7m  [0m [91m                                                 ~~~~~~~~~~~~~[0m

[96msrc/components/production/ProductionTimeline.tsx[0m:[93m94[0m:[93m77[0m - [91merror[0m[90m TS2339: [0mProperty 'scheduled_end' does not exist on type '{ actual_end_time: string | null; actual_quantity: number | null; completed_at: string | null; cost_per_unit: number; created_at: string | null; created_by: string | null; id: string; ... 9 more ...; user_id: string; }'.

[7m94[0m     const endTimes = scheduledBatches.map(b => b.scheduled_end ? new Date(b.scheduled_end) : new Date())
[7m  [0m [91m                                                                            ~~~~~~~~~~~~~[0m

[96msrc/components/production/ProductionTimeline.tsx[0m:[93m381[0m:[93m56[0m - [91merror[0m[90m TS2339: [0mProperty 'scheduled_start' does not exist on type '{ actual_end_time: string | null; actual_quantity: number | null; completed_at: string | null; cost_per_unit: number; created_at: string | null; created_by: string | null; id: string; ... 9 more ...; user_id: string; }'.

[7m381[0m                                     <div>Start: {batch.scheduled_start ? format(new Date(batch.scheduled_start), 'HH:mm') : 'Not scheduled'}</div>
[7m   [0m [91m                                                       ~~~~~~~~~~~~~~~[0m

[96msrc/components/production/ProductionTimeline.tsx[0m:[93m381[0m:[93m96[0m - [91merror[0m[90m TS2339: [0mProperty 'scheduled_start' does not exist on type '{ actual_end_time: string | null; actual_quantity: number | null; completed_at: string | null; cost_per_unit: number; created_at: string | null; created_by: string | null; id: string; ... 9 more ...; user_id: string; }'.

[7m381[0m                                     <div>Start: {batch.scheduled_start ? format(new Date(batch.scheduled_start), 'HH:mm') : 'Not scheduled'}</div>
[7m   [0m [91m                                                                                               ~~~~~~~~~~~~~~~[0m

[96msrc/components/production/ProductionTimeline.tsx[0m:[93m382[0m:[93m54[0m - [91merror[0m[90m TS2339: [0mProperty 'scheduled_end' does not exist on type '{ actual_end_time: string | null; actual_quantity: number | null; completed_at: string | null; cost_per_unit: number; created_at: string | null; created_by: string | null; id: string; ... 9 more ...; user_id: string; }'.

[7m382[0m                                     <div>End: {batch.scheduled_end ? format(new Date(batch.scheduled_end), 'HH:mm') : 'Not scheduled'}</div>
[7m   [0m [91m                                                     ~~~~~~~~~~~~~[0m

[96msrc/components/production/ProductionTimeline.tsx[0m:[93m382[0m:[93m92[0m - [91merror[0m[90m TS2339: [0mProperty 'scheduled_end' does not exist on type '{ actual_end_time: string | null; actual_quantity: number | null; completed_at: string | null; cost_per_unit: number; created_at: string | null; created_by: string | null; id: string; ... 9 more ...; user_id: string; }'.

[7m382[0m                                     <div>End: {batch.scheduled_end ? format(new Date(batch.scheduled_end), 'HH:mm') : 'Not scheduled'}</div>
[7m   [0m [91m                                                                                           ~~~~~~~~~~~~~[0m

[96msrc/components/recipes/RecipeFormPage.tsx[0m:[93m96[0m:[93m56[0m - [91merror[0m[90m TS2304: [0mCannot find name 'Database'.

[7m96[0m                     recipe.recipe_ingredients.map((ri: Database['public']['Tables']['recipe_ingredients']['Row']) => ({
[7m  [0m [91m                                                       ~~~~~~~~[0m

[96msrc/components/recipes/RecipeStatsCards.tsx[0m:[93m73[0m:[93m34[0m - [91merror[0m[90m TS2304: [0mCannot find name 'getDifficultyLabel'.

[7m73[0m                                 {getDifficultyLabel(avgDifficulty)}
[7m  [0m [91m                                 ~~~~~~~~~~~~~~~~~~[0m

[96msrc/components/shared/ErrorBoundary.tsx[0m:[93m12[0m:[93m13[0m - [91merror[0m[90m TS2304: [0mCannot find name 'ReactNode'.

[7m12[0m   children: ReactNode
[7m  [0m [91m            ~~~~~~~~~[0m

[96msrc/components/shared/ErrorBoundary.tsx[0m:[93m13[0m:[93m14[0m - [91merror[0m[90m TS2304: [0mCannot find name 'ReactNode'.

[7m13[0m   fallback?: ReactNode
[7m  [0m [91m             ~~~~~~~~~[0m

[96msrc/components/shared/ErrorBoundary.tsx[0m:[93m14[0m:[93m39[0m - [91merror[0m[90m TS2304: [0mCannot find name 'ErrorInfo'.

[7m14[0m   onError?: (error: Error, errorInfo: ErrorInfo) => void
[7m  [0m [91m                                      ~~~~~~~~~[0m

[96msrc/components/shared/ErrorBoundary.tsx[0m:[93m22[0m:[93m14[0m - [91merror[0m[90m TS2304: [0mCannot find name 'ErrorInfo'.

[7m22[0m   errorInfo: ErrorInfo | null
[7m  [0m [91m             ~~~~~~~~~[0m

[96msrc/components/shared/ErrorBoundary.tsx[0m:[93m55[0m:[93m55[0m - [91merror[0m[90m TS2304: [0mCannot find name 'ErrorInfo'.

[7m55[0m   override componentDidCatch(error: Error, errorInfo: ErrorInfo) {
[7m  [0m [91m                                                      ~~~~~~~~~[0m

[96msrc/components/shared/ErrorBoundary.tsx[0m:[93m179[0m:[93m14[0m - [91merror[0m[90m TS2304: [0mCannot find name 'ComponentType'.

[7m179[0m   Component: ComponentType<P>,
[7m   [0m [91m             ~~~~~~~~~~~~~[0m

[96msrc/components/shared/ErrorBoundary.tsx[0m:[93m193[0m:[93m37[0m - [91merror[0m[90m TS2304: [0mCannot find name 'ErrorInfo'.

[7m193[0m   return (error: Error, errorInfo?: ErrorInfo) => {
[7m   [0m [91m                                    ~~~~~~~~~[0m

[96msrc/components/shared/SharedDataTable.tsx[0m:[93m363[0m:[93m13[0m - [91merror[0m[90m TS2322: [0mType '{ title: string; description: string; action: { label: string; onClick: () => void; } | undefined; }' is not assignable to type 'IntrinsicAttributes & EmptyStateProps'.
  Property 'action' does not exist on type 'IntrinsicAttributes & EmptyStateProps'. Did you mean 'actions'?

[7m363[0m             action={onAdd ? { label: addButtonText, onClick: onAdd } : undefined}
[7m   [0m [91m            ~~~~~~[0m

[96msrc/components/shared/SharedForm.tsx[0m:[93m86[0m:[93m5[0m - [91merror[0m[90m TS2322: [0mType 'Resolver<FieldValues, any, T>' is not assignable to type 'Resolver<T, any, T>'.
  Types of parameters 'options' and 'options' are incompatible.
    Type 'ResolverOptions<T>' is not assignable to type 'ResolverOptions<FieldValues>'.
      Type 'FieldValues' is not assignable to type 'T'.
        'FieldValues' is assignable to the constraint of type 'T', but 'T' could be instantiated with a different subtype of constraint 'Record<string, unknown>'.

[7m86[0m     resolver: zodResolver(schema),
[7m  [0m [91m    ~~~~~~~~[0m

[96msrc/components/shared/SharedForm.tsx[0m:[93m86[0m:[93m27[0m - [91merror[0m[90m TS2769: [0mNo overload matches this call.
  Overload 1 of 4, '(schema: Zod3Type<T, FieldValues>, schemaOptions?: ParseParams | undefined, resolverOptions?: NonRawResolverOptions | undefined): Resolver<...>', gave the following error.
    Argument of type 'ZodType<T, unknown, $ZodTypeInternals<T, unknown>>' is not assignable to parameter of type 'Zod3Type<T, FieldValues>'.
      Types of property '_input' are incompatible.
        Type 'unknown' is not assignable to type 'FieldValues'.
  Overload 2 of 4, '(schema: $ZodType<unknown, FieldValues, $ZodTypeInternals<unknown, FieldValues>>, schemaOptions?: ParseContext<$ZodIssue> | undefined, resolverOptions?: NonRawResolverOptions | undefined): Resolver<...>', gave the following error.
    Argument of type 'ZodType<T, unknown, $ZodTypeInternals<T, unknown>>' is not assignable to parameter of type '$ZodType<unknown, FieldValues, $ZodTypeInternals<unknown, FieldValues>>'.
      Types of property '_zod' are incompatible.
        Type '$ZodTypeInternals<T, unknown>' is not assignable to type '$ZodTypeInternals<unknown, FieldValues>'.
          Type 'unknown' is not assignable to type 'FieldValues'.

[7m86[0m     resolver: zodResolver(schema),
[7m  [0m [91m                          ~~~~~~[0m


[96msrc/components/shared/SharedForm.tsx[0m:[93m112[0m:[93m43[0m - [91merror[0m[90m TS2345: [0mArgument of type '(data: T) => Promise<void>' is not assignable to parameter of type 'SubmitHandler<TFieldValues>'.
  Types of parameters 'data' and 'data' are incompatible.
    Type 'TFieldValues' is not assignable to type 'T'.
      'TFieldValues' is assignable to the constraint of type 'T', but 'T' could be instantiated with a different subtype of constraint 'Record<string, unknown>'.

[7m112[0m         <form onSubmit={form.handleSubmit(handleSubmit)} className="space-y-6">
[7m   [0m [91m                                          ~~~~~~~~~~~~[0m

[96msrc/components/shared/SharedForm.tsx[0m:[93m132[0m:[93m23[0m - [91merror[0m[90m TS2783: [0m'name' is specified more than once, so this usage will be overwritten.

[7m132[0m                       name={field.name}
[7m   [0m [91m                      ~~~~~~~~~~~~~~~~~[0m

  [96msrc/components/shared/SharedForm.tsx[0m:[93m134[0m:[93m23[0m
    [7m134[0m                       {...form.register(field.name as Path<T>)}
    [7m   [0m [96m                      ~~~~~~~~~~~~~~~~~~~~~~~~~~~~~~~~~~~~~~~~~[0m
    This spread always overwrites this property.

[96msrc/components/shared/SharedForm.tsx[0m:[93m133[0m:[93m23[0m - [91merror[0m[90m TS2322: [0mType '"number" | "email" | "date" | "select" | "textarea" | "text" | "checkbox"' is not assignable to type '"number" | "url" | "email" | "date" | "select" | "textarea" | "text" | "password" | "datetime-local" | "tel" | undefined'.
  Type '"checkbox"' is not assignable to type '"number" | "url" | "email" | "date" | "select" | "textarea" | "text" | "password" | "datetime-local" | "tel" | undefined'.

[7m133[0m                       type={field.type}
[7m   [0m [91m                      ~~~~[0m

  [96msrc/components/ui/crud-form.tsx[0m:[93m8[0m:[93m3[0m
    [7m8[0m   type?: 'text' | 'email' | 'password' | 'number' | 'textarea' | 'select' | 'date' | 'datetime-local' | 'tel' | 'url';
    [7m [0m [96m  ~~~~[0m
    The expected type comes from property 'type' which is declared here on type 'IntrinsicAttributes & FormFieldProps'

[96msrc/components/shared/SharedForm.tsx[0m:[93m135[0m:[93m23[0m - [91merror[0m[90m TS2322: [0mType 'string | ("message" extends keyof FieldError & keyof DeepRequired<T>[string] ? [FieldError["message" & keyof DeepRequired<T>[string]], FieldErrorsImpl<...>["message" & keyof DeepRequired<...>[string]]] extends [...] ? Merge<...> : FieldErrorsImpl<...>["message" & keyof DeepRequired<...>[string]] : string | undefined...' is not assignable to type 'string | undefined'.
  Type '"message" extends keyof FieldError & keyof DeepRequired<T>[string] ? [FieldError["message" & keyof DeepRequired<T>[string]], FieldErrorsImpl<...>["message" & keyof DeepRequired<...>[string]]] extends [...] ? Merge<...> : FieldErrorsImpl<...>["message" & keyof DeepRequired<...>[string]] : string | undefined' is not assignable to type 'string | undefined'.
    Type 'string | ([FieldError["message" & keyof DeepRequired<T>[string]], FieldErrorsImpl<DeepRequired<T>[string]>["message" & keyof DeepRequired<...>[string]]] extends [...] ? Merge<...> : FieldErrorsImpl<...>["message" & keyof DeepRequired<...>[string]]) | undefined' is not assignable to type 'string | undefined'.
      Type '[FieldError["message" & keyof DeepRequired<T>[string]], FieldErrorsImpl<DeepRequired<T>[string]>["message" & keyof DeepRequired<...>[string]]] extends [...] ? Merge<...> : FieldErrorsImpl<...>["message" & keyof DeepRequired<...>[string]]' is not assignable to type 'string | undefined'.
        Type 'FieldErrorsImpl<DeepRequired<T>[string]>["message" & keyof DeepRequired<T>[string]] | Merge<FieldError["message" & keyof DeepRequired<...>[string]], FieldErrorsImpl<...>["message" & keyof DeepRequired<...>[string]]>' is not assignable to type 'string | undefined'.
          Type '(DeepRequired<T>[string]["message" & keyof DeepRequired<T>[string]] extends Blob | BrowserNativeObject ? FieldError : "message" & keyof DeepRequired<...>[string] extends "root" | `root.${string}` ? Partial<...> : DeepRequired<...>[string]["message" & keyof DeepRequired<...>[string]] extends object ? Merge<...> : Fie...' is not assignable to type 'string | undefined'.
            Type 'DeepRequired<T>[string]["message" & keyof DeepRequired<T>[string]] extends Blob | BrowserNativeObject ? FieldError : "message" & keyof DeepRequired<...>[string] extends "root" | `root.${string}` ? Partial<...> : DeepRequired<...>[string]["message" & keyof DeepRequired<...>[string]] extends object ? Merge<...> : Fiel...' is not assignable to type 'string | undefined'.
              Type 'FieldError | ("message" & keyof DeepRequired<T>[string] extends "root" | `root.${string}` ? Partial<{ type: string | number; message: string; }> : DeepRequired<...>[string]["message" & keyof DeepRequired<...>[string]] extends object ? Merge<...> : FieldError)' is not assignable to type 'string | undefined'.
                Type 'FieldError' is not assignable to type 'string'.

[7m135[0m                       error={form.formState.errors[field.name as keyof typeof form.formState.errors]?.message}
[7m   [0m [91m                      ~~~~~[0m

  [96msrc/components/ui/crud-form.tsx[0m:[93m12[0m:[93m3[0m
    [7m12[0m   error?: string;
    [7m  [0m [96m  ~~~~~[0m
    The expected type comes from property 'error' which is declared here on type 'IntrinsicAttributes & FormFieldProps'

[96msrc/components/shared/SharedForm.tsx[0m:[93m176[0m:[93m5[0m - [91merror[0m[90m TS2322: [0mType 'Resolver<FieldValues, any, T>' is not assignable to type 'Resolver<T, any, T>'.
  Types of parameters 'options' and 'options' are incompatible.
    Type 'ResolverOptions<T>' is not assignable to type 'ResolverOptions<FieldValues>'.
      Type 'FieldValues' is not assignable to type 'T'.
        'FieldValues' is assignable to the constraint of type 'T', but 'T' could be instantiated with a different subtype of constraint 'Record<string, unknown>'.

[7m176[0m     resolver: zodResolver(schema),
[7m   [0m [91m    ~~~~~~~~[0m

[96msrc/components/shared/SharedForm.tsx[0m:[93m176[0m:[93m27[0m - [91merror[0m[90m TS2769: [0mNo overload matches this call.
  Overload 1 of 4, '(schema: Zod3Type<T, FieldValues>, schemaOptions?: ParseParams | undefined, resolverOptions?: NonRawResolverOptions | undefined): Resolver<...>', gave the following error.
    Argument of type 'ZodType<T, unknown, $ZodTypeInternals<T, unknown>>' is not assignable to parameter of type 'Zod3Type<T, FieldValues>'.
      Types of property '_input' are incompatible.
        Type 'unknown' is not assignable to type 'FieldValues'.
  Overload 2 of 4, '(schema: $ZodType<unknown, FieldValues, $ZodTypeInternals<unknown, FieldValues>>, schemaOptions?: ParseContext<$ZodIssue> | undefined, resolverOptions?: NonRawResolverOptions | undefined): Resolver<...>', gave the following error.
    Argument of type 'ZodType<T, unknown, $ZodTypeInternals<T, unknown>>' is not assignable to parameter of type '$ZodType<unknown, FieldValues, $ZodTypeInternals<unknown, FieldValues>>'.
      Types of property '_zod' are incompatible.
        Type '$ZodTypeInternals<T, unknown>' is not assignable to type '$ZodTypeInternals<unknown, FieldValues>'.
          Type 'unknown' is not assignable to type 'FieldValues'.

[7m176[0m     resolver: zodResolver(schema),
[7m   [0m [91m                          ~~~~~~[0m


[96msrc/components/ui/calendar.tsx[0m:[93m128[0m:[93m15[0m - [91merror[0m[90m TS2304: [0mCannot find name 'CalendarRoot'.

[7m128[0m         Root: CalendarRoot,
[7m   [0m [91m              ~~~~~~~~~~~~[0m

[96msrc/components/ui/calendar.tsx[0m:[93m129[0m:[93m18[0m - [91merror[0m[90m TS2304: [0mCannot find name 'CalendarChevron'.

[7m129[0m         Chevron: CalendarChevron,
[7m   [0m [91m                 ~~~~~~~~~~~~~~~[0m

[96msrc/components/ui/calendar.tsx[0m:[93m131[0m:[93m9[0m - [91merror[0m[90m TS2322: [0mType '({ children, ...props }: { children: React.ReactNode; } & React.TdHTMLAttributes<HTMLTableCellElement>) => JSX.Element' is not assignable to type '(props: { week: CalendarWeek; } & ThHTMLAttributes<HTMLTableCellElement>) => Element'.
  Types of parameters '__0' and 'props' are incompatible.
    Type '{ week: CalendarWeek; } & ThHTMLAttributes<HTMLTableCellElement>' is not assignable to type '{ children: ReactNode; } & TdHTMLAttributes<HTMLTableCellElement>'.
      Type '{ week: CalendarWeek; } & ThHTMLAttributes<HTMLTableCellElement>' is not assignable to type '{ children: ReactNode; }'.
        Property 'children' is optional in type '{ week: CalendarWeek; } & ThHTMLAttributes<HTMLTableCellElement>' but required in type '{ children: ReactNode; }'.

[7m131[0m         WeekNumber: CalendarWeekNumber,
[7m   [0m [91m        ~~~~~~~~~~[0m

[96msrc/components/ui/chart.tsx[0m:[93m47[0m:[93m5[0m - [91merror[0m[90m TS2339: [0mProperty 'payload' does not exist on type 'Omit<Props<ValueType, NameType>, PropertiesReadFromContext> & { active?: boolean | undefined; includeHidden?: boolean | undefined; ... 17 more ...; axisId?: AxisId | undefined; } & HTMLAttributes<...> & { ...; }'.

[7m47[0m     payload,
[7m  [0m [91m    ~~~~~~~[0m

[96msrc/components/ui/chart.tsx[0m:[93m48[0m:[93m5[0m - [91merror[0m[90m TS2339: [0mProperty 'label' does not exist on type 'Omit<Props<ValueType, NameType>, PropertiesReadFromContext> & { active?: boolean | undefined; includeHidden?: boolean | undefined; ... 17 more ...; axisId?: AxisId | undefined; } & HTMLAttributes<...> & { ...; }'.

[7m48[0m     label,
[7m  [0m [91m    ~~~~~[0m

[96msrc/components/ui/chart.tsx[0m:[93m62[0m:[93m5[0m - [91merror[0m[90m TS2339: [0mProperty 'accessibilityLayer' does not exist on type 'Omit<Props<ValueType, NameType>, PropertiesReadFromContext> & { active?: boolean | undefined; includeHidden?: boolean | undefined; ... 17 more ...; axisId?: AxisId | undefined; } & HTMLAttributes<...> & { ...; }'.

[7m62[0m     accessibilityLayer,
[7m  [0m [91m    ~~~~~~~~~~~~~~~~~~[0m

[96msrc/components/ui/charts/pie-chart.tsx[0m:[93m39[0m:[93m36[0m - [91merror[0m[90m TS2365: [0mOperator '<' cannot be applied to types '{}' and 'number'.

[7m39[0m     if (!showLabels || !percent || percent < 0.05) { return null } // Don't show labels for slices < 5%
[7m  [0m [91m                                   ~~~~~~~~~~~~~~[0m

[96msrc/components/ui/charts/pie-chart.tsx[0m:[93m42[0m:[93m20[0m - [91merror[0m[90m TS2365: [0mOperator '+' cannot be applied to types '{}' and 'number'.

[7m42[0m     const radius = (innerRadius || 0) + ((outerRadius || 0) - (innerRadius || 0)) * 0.5
[7m  [0m [91m                   ~~~~~~~~~~~~~~~~~~~~~~~~~~~~~~~~~~~~~~~~~~~~~~~~~~~~~~~~~~~~~~~~~~~~[0m

[96msrc/components/ui/charts/pie-chart.tsx[0m:[93m42[0m:[93m42[0m - [91merror[0m[90m TS2362: [0mThe left-hand side of an arithmetic operation must be of type 'any', 'number', 'bigint' or an enum type.

[7m42[0m     const radius = (innerRadius || 0) + ((outerRadius || 0) - (innerRadius || 0)) * 0.5
[7m  [0m [91m                                         ~~~~~~~~~~~~~~~~~~[0m

[96msrc/components/ui/charts/pie-chart.tsx[0m:[93m42[0m:[93m63[0m - [91merror[0m[90m TS2363: [0mThe right-hand side of an arithmetic operation must be of type 'any', 'number', 'bigint' or an enum type.

[7m42[0m     const radius = (innerRadius || 0) + ((outerRadius || 0) - (innerRadius || 0)) * 0.5
[7m  [0m [91m                                                              ~~~~~~~~~~~~~~~~~~[0m

[96msrc/components/ui/charts/pie-chart.tsx[0m:[93m56[0m:[93m14[0m - [91merror[0m[90m TS2362: [0mThe left-hand side of an arithmetic operation must be of type 'any', 'number', 'bigint' or an enum type.

[7m56[0m         {`${(percent * 100).toFixed(0)}%`}
[7m  [0m [91m             ~~~~~~~[0m

[96msrc/components/ui/confirmation-dialog.tsx[0m:[93m83[0m:[93m16[0m - [91merror[0m[90m TS2604: [0mJSX element type 'IconComponent' does not have any construct or call signatures.

[7m83[0m               <IconComponent className={`h-5 w-5 ${config.iconColor}`} />
[7m  [0m [91m               ~~~~~~~~~~~~~[0m

[96msrc/components/ui/confirmation-dialog.tsx[0m:[93m83[0m:[93m16[0m - [91merror[0m[90m TS2786: [0m'IconComponent' cannot be used as a JSX component.
  Its type 'string | number | bigint | true | ReactElement<any, string | JSXElementConstructor<any>> | Iterable<ReactNode> | Promise<...> | ForwardRefExoticComponent<...>' is not a valid JSX element type.
    Type 'number' is not assignable to type 'ElementType'.

[7m83[0m               <IconComponent className={`h-5 w-5 ${config.iconColor}`} />
[7m  [0m [91m               ~~~~~~~~~~~~~[0m

[96msrc/components/ui/crud-form.tsx[0m:[93m165[0m:[93m12[0m - [91merror[0m[90m TS2322: [0mType '{ className: string; rows: number; onChange: (e: ChangeEvent<HTMLInputElement | HTMLTextAreaElement | HTMLSelectElement>) => void; ... 298 more ...; onBlur: () => void; }' is not assignable to type 'DetailedHTMLProps<TextareaHTMLAttributes<HTMLTextAreaElement>, HTMLTextAreaElement>'.
  Type '{ className: string; rows: number; onChange: (e: ChangeEvent<HTMLInputElement | HTMLTextAreaElement | HTMLSelectElement>) => void; ... 298 more ...; onBlur: () => void; }' is not assignable to type 'TextareaHTMLAttributes<HTMLTextAreaElement>'.
    Types of property 'onToggle' are incompatible.
      Type 'ToggleEventHandler<HTMLInputElement> | undefined' is not assignable to type 'ToggleEventHandler<HTMLTextAreaElement> | undefined'.
        Type 'ToggleEventHandler<HTMLInputElement>' is not assignable to type 'ToggleEventHandler<HTMLTextAreaElement>'.
          Type 'HTMLInputElement' is missing the following properties from type 'HTMLTextAreaElement': cols, rows, textLength, wrap

[7m165[0m           <textarea
[7m   [0m [91m           ~~~~~~~~[0m

[96msrc/components/ui/crud-form.tsx[0m:[93m170[0m:[93m14[0m - [91merror[0m[90m TS2322: [0mType '{ children: (Element | Element[])[]; className: string; onChange: (e: ChangeEvent<HTMLInputElement | HTMLTextAreaElement | HTMLSelectElement>) => void; ... 297 more ...; onBlur: () => void; }' is not assignable to type 'DetailedHTMLProps<SelectHTMLAttributes<HTMLSelectElement>, HTMLSelectElement>'.
  Type '{ children: (Element | Element[])[]; className: string; onChange: (e: ChangeEvent<HTMLInputElement | HTMLTextAreaElement | HTMLSelectElement>) => void; ... 297 more ...; onBlur: () => void; }' is not assignable to type 'SelectHTMLAttributes<HTMLSelectElement>'.
    Types of property 'onToggle' are incompatible.
      Type 'ToggleEventHandler<HTMLInputElement> | undefined' is not assignable to type 'ToggleEventHandler<HTMLSelectElement> | undefined'.
        Type 'ToggleEventHandler<HTMLInputElement>' is not assignable to type 'ToggleEventHandler<HTMLSelectElement>'.
          Type 'HTMLInputElement' is missing the following properties from type 'HTMLSelectElement': length, options, selectedIndex, selectedOptions, and 4 more.

[7m170[0m             <select
[7m   [0m [91m             ~~~~~~[0m

[96msrc/components/ui/error-message.tsx[0m:[93m193[0m:[93m25[0m - [91merror[0m[90m TS2322: [0mType 'unknown' is not assignable to type 'ReactNode'.

[7m193[0m                         {showTechnicalDetails && error && (
[7m   [0m [91m                        ~~~~~~~~~~~~~~~~~~~~~~~~~~~~~~~~~~~[0m
[7m194[0m                             <div className="mt-4 w-full">
[7m   [0m [91m~~~~~~~~~~~~~~~~~~~~~~~~~~~~~~~~~~~~~~~~~~~~~~~~~~~~~~~~~[0m
[7m...[0m 
[7m219[0m                             </div>
[7m   [0m [91m~~~~~~~~~~~~~~~~~~~~~~~~~~~~~~~~~~[0m
[7m220[0m                         )}
[7m   [0m [91m~~~~~~~~~~~~~~~~~~~~~~~~~~[0m

[96msrc/components/ui/error-message.tsx[0m:[93m267[0m:[93m17[0m - [91merror[0m[90m TS2322: [0mType 'unknown' is not assignable to type 'ReactNode'.

[7m267[0m                 {showTechnicalDetails && error && (
[7m   [0m [91m                ~~~~~~~~~~~~~~~~~~~~~~~~~~~~~~~~~~~[0m
[7m268[0m                     <div className="mt-6">
[7m   [0m [91m~~~~~~~~~~~~~~~~~~~~~~~~~~~~~~~~~~~~~~~~~~[0m
[7m...[0m 
[7m293[0m                     </div>
[7m   [0m [91m~~~~~~~~~~~~~~~~~~~~~~~~~~[0m
[7m294[0m                 )}
[7m   [0m [91m~~~~~~~~~~~~~~~~~~[0m

[96msrc/components/ui/form.tsx[0m:[93m74[0m:[93m44[0m - [91merror[0m[90m TS2304: [0mCannot find name 'ComponentProps'.

[7m74[0m const FormItem = ({ className, ...props }: ComponentProps<'div'>) => {
[7m  [0m [91m                                           ~~~~~~~~~~~~~~[0m

[96msrc/components/ui/form.tsx[0m:[93m91[0m:[93m4[0m - [91merror[0m[90m TS2304: [0mCannot find name 'ComponentProps'.

[7m91[0m }: ComponentProps<typeof LabelPrimitive.Root>) => {
[7m  [0m [91m   ~~~~~~~~~~~~~~[0m

[96msrc/components/ui/form.tsx[0m:[93m105[0m:[93m36[0m - [91merror[0m[90m TS2304: [0mCannot find name 'ComponentProps'.

[7m105[0m const FormControl = ({ ...props }: ComponentProps<typeof Slot>) => {
[7m   [0m [91m                                   ~~~~~~~~~~~~~~[0m

[96msrc/components/ui/form.tsx[0m:[93m123[0m:[93m51[0m - [91merror[0m[90m TS2304: [0mCannot find name 'ComponentProps'.

[7m123[0m const FormDescription = ({ className, ...props }: ComponentProps<'p'>) => {
[7m   [0m [91m                                                  ~~~~~~~~~~~~~~[0m

[96msrc/components/ui/form.tsx[0m:[93m136[0m:[93m47[0m - [91merror[0m[90m TS2304: [0mCannot find name 'ComponentProps'.

[7m136[0m const FormMessage = ({ className, ...props }: ComponentProps<'p'>) => {
[7m   [0m [91m                                              ~~~~~~~~~~~~~~[0m

[96msrc/components/ui/lazy-wrapper.tsx[0m:[93m86[0m:[93m8[0m - [91merror[0m[90m TS2322: [0mType 'TProps' is not assignable to type 'IntrinsicAttributes & ((PropsWithoutRef<TProps> & RefAttributes<Component<TProps, any, any>>) | PropsWithRef<...>)'.
  Type 'TProps' is not assignable to type 'IntrinsicAttributes & PropsWithRef<TProps>'.
    Type 'TProps' is not assignable to type 'IntrinsicAttributes'.

[7m86[0m       <LazyComponent {...props} />
[7m  [0m [91m       ~~~~~~~~~~~~~[0m

  [96msrc/components/ui/lazy-wrapper.tsx[0m:[93m78[0m:[93m37[0m
    [7m78[0m export function createLazyComponent<TProps = Record<string, unknown>>(
    [7m  [0m [96m                                    ~~~~~~~~~~~~~~~~~~~~~~~~~~~~~~~~[0m
    This type parameter might need an `extends JSX.IntrinsicAttributes` constraint.

[96msrc/components/ui/mobile-table.tsx[0m:[93m80[0m:[93m21[0m - [91merror[0m[90m TS2304: [0mCannot find name 'T'.

[7m80[0m }: MobileTableProps<T>) => {
[7m  [0m [91m                    ~[0m

[96msrc/components/ui/mobile-table.tsx[0m:[93m165[0m:[93m58[0m - [91merror[0m[90m TS2304: [0mCannot find name 'T'.

[7m165[0m   const renderSortIndicator = (column: MobileTableColumn<T>) => {
[7m   [0m [91m                                                         ~[0m

[96msrc/components/ui/mobile-table.tsx[0m:[93m178[0m:[93m31[0m - [91merror[0m[90m TS2304: [0mCannot find name 'T'.

[7m178[0m   const getCellValue = (item: T, column: MobileTableColumn<T>) => {
[7m   [0m [91m                              ~[0m

[96msrc/components/ui/mobile-table.tsx[0m:[93m178[0m:[93m60[0m - [91merror[0m[90m TS2304: [0mCannot find name 'T'.

[7m178[0m   const getCellValue = (item: T, column: MobileTableColumn<T>) => {
[7m   [0m [91m                                                           ~[0m

[96msrc/components/ui/simple-data-table.tsx[0m:[93m131[0m:[93m14[0m - [91merror[0m[90m TS18046: [0m'aVal' is of type 'unknown'.

[7m131[0m       return aVal > bVal ? 1 : -1
[7m   [0m [91m             ~~~~[0m

[96msrc/components/ui/simple-data-table.tsx[0m:[93m131[0m:[93m21[0m - [91merror[0m[90m TS18046: [0m'bVal' is of type 'unknown'.

[7m131[0m       return aVal > bVal ? 1 : -1
[7m   [0m [91m                    ~~~~[0m

[96msrc/components/ui/simple-data-table.tsx[0m:[93m133[0m:[93m12[0m - [91merror[0m[90m TS18046: [0m'aVal' is of type 'unknown'.

[7m133[0m     return aVal < bVal ? 1 : -1
[7m   [0m [91m           ~~~~[0m

[96msrc/components/ui/simple-data-table.tsx[0m:[93m133[0m:[93m19[0m - [91merror[0m[90m TS18046: [0m'bVal' is of type 'unknown'.

[7m133[0m     return aVal < bVal ? 1 : -1
[7m   [0m [91m                  ~~~~[0m

[96msrc/components/ui/simple-data-table.tsx[0m:[93m149[0m:[93m48[0m - [91merror[0m[90m TS2769: [0mNo overload matches this call.
  Overload 1 of 3, '(callbackfn: (previousValue: string, currentValue: string, currentIndex: number, array: string[]) => string, initialValue: string): string', gave the following error.
    Type 'unknown' is not assignable to type 'string'.
  Overload 2 of 3, '(callbackfn: (previousValue: T, currentValue: string, currentIndex: number, array: string[]) => T, initialValue: T): T', gave the following error.
    Type 'unknown' is not assignable to type 'T'.
      'T' could be instantiated with an arbitrary type which could be unrelated to 'unknown'.

[7m149[0m       return key.split('.').reduce((obj, k) => obj?.[k], item)
[7m   [0m [91m                                               ~~~~~~~~[0m

  [96mnode_modules/.pnpm/typescript@5.9.3/node_modules/typescript/lib/lib.es5.d.ts[0m:[93m1489[0m:[93m24[0m
    [7m1489[0m     reduce(callbackfn: (previousValue: T, currentValue: T, currentIndex: number, array: T[]) => T, initialValue: T): T;
    [7m    [0m [96m                       ~~~~~~~~~~~~~~~~~~~~~~~~~~~~~~~~~~~~~~~~~~~~~~~~~~~~~~~~~~~~~~~~~~~~~~~~~~[0m
    The expected type comes from the return type of this signature.
  [96mnode_modules/.pnpm/typescript@5.9.3/node_modules/typescript/lib/lib.es5.d.ts[0m:[93m1495[0m:[93m27[0m
    [7m1495[0m     reduce<U>(callbackfn: (previousValue: U, currentValue: T, currentIndex: number, array: T[]) => U, initialValue: U): U;
    [7m    [0m [96m                          ~~~~~~~~~~~~~~~~~~~~~~~~~~~~~~~~~~~~~~~~~~~~~~~~~~~~~~~~~~~~~~~~~~~~~~~~~~[0m
    The expected type comes from the return type of this signature.

[96msrc/components/ui/skeletons/performance-optimizations.ts[0m:[93m170[0m:[93m55[0m - [91merror[0m[90m TS2339: [0mProperty 'StatsCardSkeleton' does not exist on type 'typeof import("/Users/mymac/Projects/HeyTrack/src/components/index")'.

[7m170[0m   Dashboard: () => import('@/components').then(m => m.StatsCardSkeleton),
[7m   [0m [91m                                                      ~~~~~~~~~~~~~~~~~[0m

[96msrc/components/ui/skeletons/performance-optimizations.ts[0m:[93m171[0m:[93m51[0m - [91merror[0m[90m TS2339: [0mProperty 'DataGridSkeleton' does not exist on type 'typeof import("/Users/mymac/Projects/HeyTrack/src/components/index")'.

[7m171[0m   Table: () => import('@/components').then(m => m.DataGridSkeleton),
[7m   [0m [91m                                                  ~~~~~~~~~~~~~~~~[0m

[96msrc/components/ui/skeletons/performance-optimizations.ts[0m:[93m172[0m:[93m50[0m - [91merror[0m[90m TS2339: [0mProperty 'FormFieldSkeleton' does not exist on type 'typeof import("/Users/mymac/Projects/HeyTrack/src/components/index")'.

[7m172[0m   Form: () => import('@/components').then(m => m.FormFieldSkeleton),
[7m   [0m [91m                                                 ~~~~~~~~~~~~~~~~~[0m

[96msrc/components/ui/table-pagination-controls.tsx[0m:[93m98[0m:[93m20[0m - [91merror[0m[90m TS2339: [0mProperty 'map' does not exist on type '(currentPage: number, totalPages: number) => (string | number)[]'.

[7m98[0m             {pages.map((page, index: number) => (
[7m  [0m [91m                   ~~~[0m

[96msrc/components/ui/table-pagination-controls.tsx[0m:[93m98[0m:[93m25[0m - [91merror[0m[90m TS7006: [0mParameter 'page' implicitly has an 'any' type.

[7m98[0m             {pages.map((page, index: number) => (
[7m  [0m [91m                        ~~~~[0m

[96msrc/hooks/enhanced-crud/useEnhancedCRUD.ts[0m:[93m147[0m:[93m17[0m - [91merror[0m[90m TS2769: [0mNo overload matches this call.
  Overload 1 of 2, '(values: never[TTable] extends { Insert: unknown; } ? never[TTable]["Insert"] : never, options?: { count?: "exact" | "planned" | "estimated" | undefined; } | undefined): PostgrestFilterBuilder<...>', gave the following error.
    Argument of type 'TInsert' is not assignable to parameter of type 'never[TTable] extends { Insert: unknown; } ? never[TTable]["Insert"] : never'.
  Overload 2 of 2, '(values: (never[TTable] extends { Insert: unknown; } ? never[TTable]["Insert"] : never)[], options?: { count?: "exact" | "planned" | "estimated" | undefined; defaultToNull?: boolean | undefined; } | undefined): PostgrestFilterBuilder<...>', gave the following error.
    Argument of type 'TInsert' is not assignable to parameter of type '(never[TTable] extends { Insert: unknown; } ? never[TTable]["Insert"] : never)[]'.

[7m147[0m         .insert(data)
[7m   [0m [91m                ~~~~[0m

  [96msrc/hooks/enhanced-crud/useEnhancedCRUD.ts[0m:[93m105[0m:[93m3[0m
    [7m105[0m   TInsert = TableMap[TTable]['insert'],
    [7m   [0m [96m  ~~~~~~~~~~~~~~~~~~~~~~~~~~~~~~~~~~~~[0m
    This type parameter might need an `extends never[TTable] extends { Insert: unknown; } ? never[TTable]["Insert"] : never` constraint.
  [96msrc/hooks/enhanced-crud/useEnhancedCRUD.ts[0m:[93m105[0m:[93m3[0m
    [7m105[0m   TInsert = TableMap[TTable]['insert'],
    [7m   [0m [96m  ~~~~~~~~~~~~~~~~~~~~~~~~~~~~~~~~~~~~[0m
    This type parameter might need an `extends (never[TTable] extends { Insert: unknown; } ? never[TTable]["Insert"] : never)[]` constraint.

[96msrc/hooks/enhanced-crud/useEnhancedCRUD.ts[0m:[93m176[0m:[93m17[0m - [91merror[0m[90m TS2345: [0mArgument of type 'TUpdate' is not assignable to parameter of type 'never[TTable] extends { Update: unknown; } ? never[TTable]["Update"] : never'.

[7m176[0m         .update(data)
[7m   [0m [91m                ~~~~[0m

  [96msrc/hooks/enhanced-crud/useEnhancedCRUD.ts[0m:[93m106[0m:[93m3[0m
    [7m106[0m   TUpdate = TableMap[TTable]['update']
    [7m   [0m [96m  ~~~~~~~~~~~~~~~~~~~~~~~~~~~~~~~~~~~~[0m
    This type parameter might need an `extends never[TTable] extends { Update: unknown; } ? never[TTable]["Update"] : never` constraint.

[96msrc/hooks/enhanced-crud/useEnhancedCRUD.ts[0m:[93m177[0m:[93m19[0m - [91merror[0m[90m TS2345: [0mArgument of type 'string' is not assignable to parameter of type '("id" extends keyof never[TTable]["Row"] ? never[TTable]["Row"][keyof never[TTable]["Row"] & "id"] : (ContainsNull<never[TTable]["Row"]> extends true ? ContainsNull<...> extends true ? ContainsNull<...> extends true ? ContainsNull<...> extends true ? ContainsNull<...> extends true ? ContainsNull<...> extends true ? ...'.

[7m177[0m         .eq('id', id)
[7m   [0m [91m                  ~~[0m

[96msrc/hooks/enhanced-crud/useEnhancedCRUD.ts[0m:[93m212[0m:[93m19[0m - [91merror[0m[90m TS2345: [0mArgument of type 'string' is not assignable to parameter of type '("id" extends keyof never[TTable]["Row"] ? never[TTable]["Row"][keyof never[TTable]["Row"] & "id"] : (ContainsNull<never[TTable]["Row"]> extends true ? ContainsNull<...> extends true ? ContainsNull<...> extends true ? ContainsNull<...> extends true ? ContainsNull<...> extends true ? ContainsNull<...> extends true ? ...'.

[7m212[0m         .eq('id', id)
[7m   [0m [91m                  ~~[0m

[96msrc/hooks/enhanced-crud/useEnhancedCRUD.ts[0m:[93m222[0m:[93m19[0m - [91merror[0m[90m TS2345: [0mArgument of type 'string' is not assignable to parameter of type '("id" extends keyof never[TTable]["Row"] ? never[TTable]["Row"][keyof never[TTable]["Row"] & "id"] : (ContainsNull<never[TTable]["Row"]> extends true ? ContainsNull<...> extends true ? ContainsNull<...> extends true ? ContainsNull<...> extends true ? ContainsNull<...> extends true ? ContainsNull<...> extends true ? ...'.

[7m222[0m         .eq('id', id)
[7m   [0m [91m                  ~~[0m

[96msrc/hooks/enhanced-crud/useEnhancedCRUD.ts[0m:[93m249[0m:[93m17[0m - [91merror[0m[90m TS2769: [0mNo overload matches this call.
  Overload 1 of 2, '(values: never[TTable] extends { Insert: unknown; } ? never[TTable]["Insert"] : never, options?: { count?: "exact" | "planned" | "estimated" | undefined; } | undefined): PostgrestFilterBuilder<...>', gave the following error.
    Argument of type 'TInsert[]' is not assignable to parameter of type 'never[TTable] extends { Insert: unknown; } ? never[TTable]["Insert"] : never'.
  Overload 2 of 2, '(values: (never[TTable] extends { Insert: unknown; } ? never[TTable]["Insert"] : never)[], options?: { count?: "exact" | "planned" | "estimated" | undefined; defaultToNull?: boolean | undefined; } | undefined): PostgrestFilterBuilder<...>', gave the following error.
    Argument of type 'TInsert[]' is not assignable to parameter of type '(never[TTable] extends { Insert: unknown; } ? never[TTable]["Insert"] : never)[]'.
      Type 'TInsert' is not assignable to type 'never[TTable] extends { Insert: unknown; } ? never[TTable]["Insert"] : never'.

[7m249[0m         .insert(records)
[7m   [0m [91m                ~~~~~~~[0m

  [96msrc/hooks/enhanced-crud/useEnhancedCRUD.ts[0m:[93m105[0m:[93m3[0m
    [7m105[0m   TInsert = TableMap[TTable]['insert'],
    [7m   [0m [96m  ~~~~~~~~~~~~~~~~~~~~~~~~~~~~~~~~~~~~[0m
    This type parameter might need an `extends never[TTable] extends { Insert: unknown; } ? never[TTable]["Insert"] : never` constraint.

[96msrc/hooks/enhanced-crud/useEnhancedCRUD.ts[0m:[93m287[0m:[93m19[0m - [91merror[0m[90m TS2345: [0mArgument of type 'TUpdate' is not assignable to parameter of type 'never[TTable] extends { Update: unknown; } ? never[TTable]["Update"] : never'.

[7m287[0m           .update(update.data)
[7m   [0m [91m                  ~~~~~~~~~~~[0m

  [96msrc/hooks/enhanced-crud/useEnhancedCRUD.ts[0m:[93m106[0m:[93m3[0m
    [7m106[0m   TUpdate = TableMap[TTable]['update']
    [7m   [0m [96m  ~~~~~~~~~~~~~~~~~~~~~~~~~~~~~~~~~~~~[0m
    This type parameter might need an `extends never[TTable] extends { Update: unknown; } ? never[TTable]["Update"] : never` constraint.

[96msrc/hooks/enhanced-crud/useEnhancedCRUD.ts[0m:[93m288[0m:[93m21[0m - [91merror[0m[90m TS2345: [0mArgument of type 'string' is not assignable to parameter of type '("id" extends keyof never[TTable]["Row"] ? never[TTable]["Row"][keyof never[TTable]["Row"] & "id"] : (ContainsNull<never[TTable]["Row"]> extends true ? ContainsNull<...> extends true ? ContainsNull<...> extends true ? ContainsNull<...> extends true ? ContainsNull<...> extends true ? ContainsNull<...> extends true ? ...'.

[7m288[0m           .eq('id', update.id)
[7m   [0m [91m                    ~~~~~~~~~[0m

[96msrc/hooks/enhanced-crud/useEnhancedCRUD.ts[0m:[93m327[0m:[93m19[0m - [91merror[0m[90m TS2345: [0mArgument of type 'string[]' is not assignable to parameter of type 'readonly (("id" extends keyof never[TTable]["Row"] ? never[TTable]["Row"][keyof never[TTable]["Row"] & "id"] : (ContainsNull<never[TTable]["Row"]> extends true ? ContainsNull<...> extends true ? ContainsNull<...> extends true ? ContainsNull<...> extends true ? ContainsNull<...> extends true ? ContainsNull<...> exten...'.
  Type 'string' is not assignable to type '("id" extends keyof never[TTable]["Row"] ? never[TTable]["Row"][keyof never[TTable]["Row"] & "id"] : (ContainsNull<never[TTable]["Row"]> extends true ? ContainsNull<...> extends true ? ContainsNull<...> extends true ? ContainsNull<...> extends true ? ContainsNull<...> extends true ? ContainsNull<...> extends true ? ...'.

[7m327[0m         .in('id', ids)
[7m   [0m [91m                  ~~~[0m

[96msrc/hooks/route-preloading/useButtonPreloading.ts[0m:[93m17[0m:[93m26[0m - [91merror[0m[90m TS2339: [0mProperty 'catch' does not exist on type 'void'.

[7m17[0m     preloadChartBundle().catch(() => {})
[7m  [0m [91m                         ~~~~~[0m

[96msrc/hooks/route-preloading/useIdleTimePreloading.ts[0m:[93m21[0m:[93m30[0m - [91merror[0m[90m TS2339: [0mProperty 'then' does not exist on type 'void'.

[7m21[0m         preloadChartBundle().then(() => {
[7m  [0m [91m                             ~~~~[0m

[96msrc/hooks/route-preloading/useNetworkAwarePreloading.ts[0m:[93m27[0m:[93m32[0m - [91merror[0m[90m TS2339: [0mProperty 'catch' does not exist on type 'void'.

[7m27[0m           preloadChartBundle().catch(() => {})
[7m  [0m [91m                               ~~~~~[0m

[96msrc/hooks/route-preloading/useRoutePreloading.ts[0m:[93m40[0m:[93m38[0m - [91merror[0m[90m TS2339: [0mProperty 'catch' does not exist on type 'void'.

[7m40[0m                 preloadChartBundle().catch(() => {})
[7m  [0m [91m                                     ~~~~~[0m

[96msrc/hooks/route-preloading/useRoutePreloading.ts[0m:[93m111[0m:[93m46[0m - [91merror[0m[90m TS2345: [0mArgument of type 'string' is not assignable to parameter of type '"customers" | "orders" | "recipes" | "inventory" | "finance" | "dashboard" | "settings"'.

[7m111[0m       globalLazyLoadingUtils.preloadForRoute(targetRoute).catch(() => {})
[7m   [0m [91m                                             ~~~~~~~~~~~[0m

[96msrc/hooks/supabase/bulk.ts[0m:[93m23[0m:[93m15[0m - [91merror[0m[90m TS2769: [0mNo overload matches this call.
  Overload 1 of 2, '(values: never[T] extends { Insert: unknown; } ? never[T]["Insert"] : never, options?: { count?: "exact" | "planned" | "estimated" | undefined; } | undefined): PostgrestFilterBuilder<{ PostgrestVersion: "13.0.5"; }, ... 5 more ..., "POST">', gave the following error.
    Argument of type '{ app_settings: { Row: { created_at: string | null; id: string; settings_data: Json; updated_at: string | null; user_id: string; }; Insert: { created_at?: string | null | undefined; id?: string | undefined; settings_data: Json; updated_at?: string | ... 1 more ... | undefined; user_id: string; }; Update: { ...; }; R...' is not assignable to parameter of type 'never[T] extends { Insert: unknown; } ? never[T]["Insert"] : never'.
  Overload 2 of 2, '(values: (never[T] extends { Insert: unknown; } ? never[T]["Insert"] : never)[], options?: { count?: "exact" | "planned" | "estimated" | undefined; defaultToNull?: boolean | undefined; } | undefined): PostgrestFilterBuilder<...>', gave the following error.
    Argument of type '{ app_settings: { Row: { created_at: string | null; id: string; settings_data: Json; updated_at: string | null; user_id: string; }; Insert: { created_at?: string | null | undefined; id?: string | undefined; settings_data: Json; updated_at?: string | ... 1 more ... | undefined; user_id: string; }; Update: { ...; }; R...' is not assignable to parameter of type '(never[T] extends { Insert: unknown; } ? never[T]["Insert"] : never)[]'.
      Type '{ app_settings: { Row: { created_at: string | null; id: string; settings_data: Json; updated_at: string | null; user_id: string; }; Insert: { created_at?: string | null | undefined; id?: string | undefined; settings_data: Json; updated_at?: string | ... 1 more ... | undefined; user_id: string; }; Update: { ...; }; R...' is not assignable to type 'never[T] extends { Insert: unknown; } ? never[T]["Insert"] : never'.
        Type '{ created_at?: string | null | undefined; id?: string | undefined; settings_data: Json; updated_at?: string | null | undefined; user_id: string; } | { context_type: string; created_at?: string | undefined; data: Json; expires_at: string; id?: string | undefined; user_id: string; } | ... 35 more ... | { ...; }' is not assignable to type 'never[T] extends { Insert: unknown; } ? never[T]["Insert"] : never'.
          Type '{ created_at?: string | null | undefined; id?: string | undefined; settings_data: Json; updated_at?: string | null | undefined; user_id: string; }' is not assignable to type 'never[T] extends { Insert: unknown; } ? never[T]["Insert"] : never'.

[7m23[0m       .insert(records)
[7m  [0m [91m              ~~~~~~~[0m


[96msrc/hooks/supabase/bulk.ts[0m:[93m43[0m:[93m17[0m - [91merror[0m[90m TS2345: [0mArgument of type 'TablesUpdate<T, never>' is not assignable to parameter of type 'never[T] extends { Update: unknown; } ? never[T]["Update"] : never'.
  Type '(DatabaseWithoutInternals[T["schema"]]["Tables"][never] extends { Update: infer U; } ? U : never) | (T extends "app_settings" | ... 36 more ... | "whatsapp_templates" ? { ...; }[T] extends { ...; } ? U : never : never)' is not assignable to type 'never[T] extends { Update: unknown; } ? never[T]["Update"] : never'.
    Type 'DatabaseWithoutInternals[T["schema"]]["Tables"][never] extends { Update: infer U; } ? U : never' is not assignable to type 'never[T] extends { Update: unknown; } ? never[T]["Update"] : never'.
      Type 'unknown' is not assignable to type 'never[T] extends { Update: unknown; } ? never[T]["Update"] : never'.
        Type 'unknown' is not assignable to type 'never[T]["Update"]'.
          Type 'unknown' is not assignable to type 'never'.

[7m43[0m         .update(update.data)
[7m  [0m [91m                ~~~~~~~~~~~[0m

[96msrc/hooks/supabase/bulk.ts[0m:[93m44[0m:[93m19[0m - [91merror[0m[90m TS2345: [0mArgument of type 'string' is not assignable to parameter of type '("id" extends keyof never[T]["Row"] ? never[T]["Row"][keyof never[T]["Row"] & "id"] : (ContainsNull<never[T]["Row"]> extends true ? ContainsNull<Exclude<...>> extends true ? ContainsNull<...> extends true ? ContainsNull<...> extends true ? ContainsNull<...> extends true ? ContainsNull<...> extends true ? ContainsNul...'.

[7m44[0m         .eq('id', update.id)
[7m  [0m [91m                  ~~~~~~~~~[0m

[96msrc/hooks/supabase/bulk.ts[0m:[93m67[0m:[93m17[0m - [91merror[0m[90m TS2345: [0mArgument of type 'string[]' is not assignable to parameter of type 'readonly (("id" extends keyof never[T]["Row"] ? never[T]["Row"][keyof never[T]["Row"] & "id"] : (ContainsNull<never[T]["Row"]> extends true ? ContainsNull<Exclude<...>> extends true ? ContainsNull<...> extends true ? ContainsNull<...> extends true ? ContainsNull<...> extends true ? ContainsNull<...> extends true ? C...'.
  Type 'string' is not assignable to type '("id" extends keyof never[T]["Row"] ? never[T]["Row"][keyof never[T]["Row"] & "id"] : (ContainsNull<never[T]["Row"]> extends true ? ContainsNull<Exclude<...>> extends true ? ContainsNull<...> extends true ? ContainsNull<...> extends true ? ContainsNull<...> extends true ? ContainsNull<...> extends true ? ContainsNul...'.

[7m67[0m       .in('id', ids)
[7m  [0m [91m                ~~~[0m

[96msrc/hooks/supabase/bulk.ts[0m:[93m85[0m:[93m15[0m - [91merror[0m[90m TS2769: [0mNo overload matches this call.
  Overload 1 of 2, '(values: never[T] extends { Insert: unknown; } ? never[T]["Insert"] : never, options?: { onConflict?: string | undefined; ignoreDuplicates?: boolean | undefined; count?: "exact" | "planned" | "estimated" | undefined; } | undefined): PostgrestFilterBuilder<...>', gave the following error.
    Argument of type '{ app_settings: { Row: { created_at: string | null; id: string; settings_data: Json; updated_at: string | null; user_id: string; }; Insert: { created_at?: string | null | undefined; id?: string | undefined; settings_data: Json; updated_at?: string | ... 1 more ... | undefined; user_id: string; }; Update: { ...; }; R...' is not assignable to parameter of type 'never[T] extends { Insert: unknown; } ? never[T]["Insert"] : never'.
  Overload 2 of 2, '(values: (never[T] extends { Insert: unknown; } ? never[T]["Insert"] : never)[], options?: { onConflict?: string | undefined; ignoreDuplicates?: boolean | undefined; count?: "exact" | "planned" | "estimated" | undefined; defaultToNull?: boolean | undefined; } | undefined): PostgrestFilterBuilder<...>', gave the following error.
    Argument of type '{ app_settings: { Row: { created_at: string | null; id: string; settings_data: Json; updated_at: string | null; user_id: string; }; Insert: { created_at?: string | null | undefined; id?: string | undefined; settings_data: Json; updated_at?: string | ... 1 more ... | undefined; user_id: string; }; Update: { ...; }; R...' is not assignable to parameter of type '(never[T] extends { Insert: unknown; } ? never[T]["Insert"] : never)[]'.
      Type '{ app_settings: { Row: { created_at: string | null; id: string; settings_data: Json; updated_at: string | null; user_id: string; }; Insert: { created_at?: string | null | undefined; id?: string | undefined; settings_data: Json; updated_at?: string | ... 1 more ... | undefined; user_id: string; }; Update: { ...; }; R...' is not assignable to type 'never[T] extends { Insert: unknown; } ? never[T]["Insert"] : never'.
        Type '{ created_at?: string | null | undefined; id?: string | undefined; settings_data: Json; updated_at?: string | null | undefined; user_id: string; } | { context_type: string; created_at?: string | undefined; data: Json; expires_at: string; id?: string | undefined; user_id: string; } | ... 35 more ... | { ...; }' is not assignable to type 'never[T] extends { Insert: unknown; } ? never[T]["Insert"] : never'.
          Type '{ created_at?: string | null | undefined; id?: string | undefined; settings_data: Json; updated_at?: string | null | undefined; user_id: string; }' is not assignable to type 'never[T] extends { Insert: unknown; } ? never[T]["Insert"] : never'.

[7m85[0m       .upsert(records, { onConflict: conflictColumns.join(',') })
[7m  [0m [91m              ~~~~~~~[0m


[96msrc/hooks/supabase/core.ts[0m:[93m65[0m:[93m20[0m - [91merror[0m[90m TS2345: [0mArgument of type '((never[T] extends { Relationships: infer R; } ? R : unknown) extends null ? GenericStringError : GenericStringError)[]' is not assignable to parameter of type 'SetStateAction<{ app_settings: { Row: { created_at: string | null; id: string; settings_data: Json; updated_at: string | null; user_id: string; }; Insert: { created_at?: string | null | undefined; id?: string | undefined; settings_data: Json; updated_at?: string | ... 1 more ... | undefined; user_id: string; }; Upda...'.
  Type '((never[T] extends { Relationships: infer R; } ? R : unknown) extends null ? GenericStringError : GenericStringError)[]' is not assignable to type '{ app_settings: { Row: { created_at: string | null; id: string; settings_data: Json; updated_at: string | null; user_id: string; }; Insert: { created_at?: string | null | undefined; id?: string | undefined; settings_data: Json; updated_at?: string | ... 1 more ... | undefined; user_id: string; }; Update: { ...; }; R...'.
    Type '(never[T] extends { Relationships: infer R; } ? R : unknown) extends null ? GenericStringError : GenericStringError' is not assignable to type '{ app_settings: { Row: { created_at: string | null; id: string; settings_data: Json; updated_at: string | null; user_id: string; }; Insert: { created_at?: string | null | undefined; id?: string | undefined; settings_data: Json; updated_at?: string | ... 1 more ... | undefined; user_id: string; }; Update: { ...; }; R...'.
      Type 'GenericStringError' is not assignable to type '{ app_settings: { Row: { created_at: string | null; id: string; settings_data: Json; updated_at: string | null; user_id: string; }; Insert: { created_at?: string | null | undefined; id?: string | undefined; settings_data: Json; updated_at?: string | ... 1 more ... | undefined; user_id: string; }; Update: { ...; }; R...'.
        Type 'GenericStringError' is not assignable to type '{ created_at: string | null; id: string; settings_data: Json; updated_at: string | null; user_id: string; } | { context_type: string; created_at: string; data: Json; expires_at: string; id: string; user_id: string; } | ... 35 more ... | { ...; }'.

[7m65[0m       void setData(result || [])
[7m  [0m [91m                   ~~~~~~~~~~~~[0m

[96msrc/hooks/supabase/core.ts[0m:[93m73[0m:[93m13[0m - [91merror[0m[90m TS7030: [0mNot all code paths return a value.

[7m73[0m   useEffect(() => {
[7m  [0m [91m            ~~~~~~~[0m

[96msrc/hooks/supabase/core.ts[0m:[93m87[0m:[93m11[0m - [91merror[0m[90m TS2769: [0mNo overload matches this call.
  The last overload gave the following error.
    Argument of type '"postgres_changes"' is not assignable to parameter of type '"system"'.

[7m87[0m           'postgres_changes',
[7m  [0m [91m          ~~~~~~~~~~~~~~~~~~[0m

  [96mnode_modules/.pnpm/@supabase+realtime-js@2.78.0/node_modules/@supabase/realtime-js/dist/module/RealtimeChannel.d.ts[0m:[93m273[0m:[93m5[0m
    [7m273[0m     on<T extends {
    [7m   [0m [96m    ~~[0m
    The last overload is declared here.

[96msrc/hooks/supabase/crud.ts[0m:[93m61[0m:[93m17[0m - [91merror[0m[90m TS2769: [0mNo overload matches this call.
  Overload 1 of 2, '(values: never[T] extends { Insert: unknown; } ? never[T]["Insert"] : never, options?: { count?: "exact" | "planned" | "estimated" | undefined; } | undefined): PostgrestFilterBuilder<{ PostgrestVersion: "13.0.5"; }, ... 5 more ..., "POST">', gave the following error.
    Argument of type '{ app_settings: { Row: { created_at: string | null; id: string; settings_data: Json; updated_at: string | null; user_id: string; }; Insert: { created_at?: string | null | undefined; id?: string | undefined; settings_data: Json; updated_at?: string | ... 1 more ... | undefined; user_id: string; }; Update: { ...; }; R...' is not assignable to parameter of type 'never[T] extends { Insert: unknown; } ? never[T]["Insert"] : never'.
      Type '{ created_at?: string | null | undefined; id?: string | undefined; settings_data: Json; updated_at?: string | null | undefined; user_id: string; } | { context_type: string; created_at?: string | undefined; data: Json; expires_at: string; id?: string | undefined; user_id: string; } | ... 35 more ... | { ...; }' is not assignable to type 'never[T] extends { Insert: unknown; } ? never[T]["Insert"] : never'.
        Type '{ created_at?: string | null | undefined; id?: string | undefined; settings_data: Json; updated_at?: string | null | undefined; user_id: string; }' is not assignable to type 'never[T] extends { Insert: unknown; } ? never[T]["Insert"] : never'.
  Overload 2 of 2, '(values: (never[T] extends { Insert: unknown; } ? never[T]["Insert"] : never)[], options?: { count?: "exact" | "planned" | "estimated" | undefined; defaultToNull?: boolean | undefined; } | undefined): PostgrestFilterBuilder<...>', gave the following error.
    Argument of type '{ created_at?: string | null | undefined; id?: string | undefined; settings_data: Json; updated_at?: string | null | undefined; user_id: string; } | { context_type: string; created_at?: string | undefined; data: Json; expires_at: string; id?: string | undefined; user_id: string; } | ... 35 more ... | { ...; }' is not assignable to parameter of type '(never[T] extends { Insert: unknown; } ? never[T]["Insert"] : never)[]'.
      Type '{ created_at?: string | null | undefined; id?: string | undefined; settings_data: Json; updated_at?: string | null | undefined; user_id: string; }' is missing the following properties from type '(never[T] extends { Insert: unknown; } ? never[T]["Insert"] : never)[]': length, pop, push, concat, and 35 more.

[7m61[0m         .insert(data)
[7m  [0m [91m                ~~~~[0m


[96msrc/hooks/supabase/crud.ts[0m:[93m88[0m:[93m17[0m - [91merror[0m[90m TS2345: [0mArgument of type '{ app_settings: { Row: { created_at: string | null; id: string; settings_data: Json; updated_at: string | null; user_id: string; }; Insert: { created_at?: string | null | undefined; id?: string | undefined; settings_data: Json; updated_at?: string | ... 1 more ... | undefined; user_id: string; }; Update: { ...; }; R...' is not assignable to parameter of type 'never[T] extends { Update: unknown; } ? never[T]["Update"] : never'.
  Type '{ created_at?: string | null | undefined; id?: string | undefined; settings_data?: Json | undefined; updated_at?: string | null | undefined; user_id?: string | undefined; } | ... 36 more ... | { ...; }' is not assignable to type 'never[T] extends { Update: unknown; } ? never[T]["Update"] : never'.
    Type '{ created_at?: string | null | undefined; id?: string | undefined; settings_data?: Json | undefined; updated_at?: string | null | undefined; user_id?: string | undefined; }' is not assignable to type 'never[T] extends { Update: unknown; } ? never[T]["Update"] : never'.

[7m88[0m         .update(data)
[7m  [0m [91m                ~~~~[0m

[96msrc/hooks/supabase/crud.ts[0m:[93m89[0m:[93m19[0m - [91merror[0m[90m TS2345: [0mArgument of type 'string' is not assignable to parameter of type '("id" extends keyof never[T]["Row"] ? never[T]["Row"][keyof never[T]["Row"] & "id"] : (ContainsNull<never[T]["Row"]> extends true ? ContainsNull<Exclude<...>> extends true ? ContainsNull<...> extends true ? ContainsNull<...> extends true ? ContainsNull<...> extends true ? ContainsNull<...> extends true ? ContainsNul...'.

[7m89[0m         .eq('id', id)
[7m  [0m [91m                  ~~[0m

[96msrc/hooks/supabase/crud.ts[0m:[93m121[0m:[93m19[0m - [91merror[0m[90m TS2345: [0mArgument of type 'string' is not assignable to parameter of type '("id" extends keyof never[T]["Row"] ? never[T]["Row"][keyof never[T]["Row"] & "id"] : (ContainsNull<never[T]["Row"]> extends true ? ContainsNull<Exclude<...>> extends true ? ContainsNull<...> extends true ? ContainsNull<...> extends true ? ContainsNull<...> extends true ? ContainsNull<...> extends true ? ContainsNul...'.

[7m121[0m         .eq('id', id)
[7m   [0m [91m                  ~~[0m

[96msrc/hooks/supabase/entities.ts[0m:[93m55[0m:[93m16[0m - [91merror[0m[90m TS2322: [0mType '"date"' is not assignable to type '"payment_method" | "created_at" | "id" | "updated_at" | "user_id" | "metadata" | "amount" | "category" | "description" | "expense_date" | "is_recurring" | "receipt_number" | ... 7 more ... | "tax_amount"'.

[7m55[0m     orderBy: { column: 'date', ascending: false },
[7m  [0m [91m               ~~~~~~[0m

[96msrc/hooks/supabase/useSupabaseCRUD.ts[0m:[93m15[0m:[93m36[0m - [91merror[0m[90m TS2552: [0mCannot find name 'Tables'. Did you mean 'TTable'?

[7m15[0m type TableRow<TTable extends keyof Tables> = Tables[TTable]['Row']
[7m  [0m [91m                                   ~~~~~~[0m

[96msrc/hooks/supabase/useSupabaseCRUD.ts[0m:[93m15[0m:[93m46[0m - [91merror[0m[90m TS2552: [0mCannot find name 'Tables'. Did you mean 'TTable'?

[7m15[0m type TableRow<TTable extends keyof Tables> = Tables[TTable]['Row']
[7m  [0m [91m                                             ~~~~~~[0m

[96msrc/hooks/supabase/useSupabaseCRUD.ts[0m:[93m16[0m:[93m39[0m - [91merror[0m[90m TS2552: [0mCannot find name 'Tables'. Did you mean 'TTable'?

[7m16[0m type TableInsert<TTable extends keyof Tables> = Tables[TTable]['Insert']
[7m  [0m [91m                                      ~~~~~~[0m

[96msrc/hooks/supabase/useSupabaseCRUD.ts[0m:[93m16[0m:[93m49[0m - [91merror[0m[90m TS2552: [0mCannot find name 'Tables'. Did you mean 'TTable'?

[7m16[0m type TableInsert<TTable extends keyof Tables> = Tables[TTable]['Insert']
[7m  [0m [91m                                                ~~~~~~[0m

[96msrc/hooks/supabase/useSupabaseCRUD.ts[0m:[93m17[0m:[93m39[0m - [91merror[0m[90m TS2552: [0mCannot find name 'Tables'. Did you mean 'TTable'?

[7m17[0m type TableUpdate<TTable extends keyof Tables> = Tables[TTable]['Update']
[7m  [0m [91m                                      ~~~~~~[0m

[96msrc/hooks/supabase/useSupabaseCRUD.ts[0m:[93m17[0m:[93m49[0m - [91merror[0m[90m TS2552: [0mCannot find name 'Tables'. Did you mean 'TTable'?

[7m17[0m type TableUpdate<TTable extends keyof Tables> = Tables[TTable]['Update']
[7m  [0m [91m                                                ~~~~~~[0m

[96msrc/hooks/supabase/useSupabaseCRUD.ts[0m:[93m61[0m:[93m37[0m - [91merror[0m[90m TS2345: [0mArgument of type 'string' is not assignable to parameter of type '("user_id" extends keyof never[TTable]["Row"] ? never[TTable]["Row"][keyof never[TTable]["Row"] & "user_id"] : (ContainsNull<never[TTable]["Row"]> extends true ? ContainsNull<...> extends true ? ContainsNull<...> extends true ? ContainsNull<...> extends true ? ContainsNull<...> extends true ? ContainsNull<...> exten...'.

[7m61[0m         query = query.eq('user_id', user.id)
[7m  [0m [91m                                    ~~~~~~~[0m

[96msrc/hooks/supabase/useSupabaseCRUD.ts[0m:[93m72[0m:[93m38[0m - [91merror[0m[90m TS2345: [0mArgument of type 'string | number | boolean' is not assignable to parameter of type '(string extends keyof never[TTable]["Row"] ? never[TTable]["Row"][keyof never[TTable]["Row"] & string] : (ContainsNull<never[TTable]["Row"]> extends true ? ContainsNull<...> extends true ? ContainsNull<...> extends true ? ContainsNull<...> extends true ? ContainsNull<...> extends true ? ContainsNull<...> extends tru...'.
  Type 'string' is not assignable to type '(string extends keyof never[TTable]["Row"] ? never[TTable]["Row"][keyof never[TTable]["Row"] & string] : (ContainsNull<never[TTable]["Row"]> extends true ? ContainsNull<...> extends true ? ContainsNull<...> extends true ? ContainsNull<...> extends true ? ContainsNull<...> extends true ? ContainsNull<...> extends tru...'.

[7m72[0m             query = query.eq(column, value)
[7m  [0m [91m                                     ~~~~~[0m

[96msrc/hooks/supabase/useSupabaseCRUD.ts[0m:[93m121[0m:[93m19[0m - [91merror[0m[90m TS2345: [0mArgument of type 'string' is not assignable to parameter of type '("id" extends keyof never[TTable]["Row"] ? never[TTable]["Row"][keyof never[TTable]["Row"] & "id"] : (ContainsNull<never[TTable]["Row"]> extends true ? ContainsNull<...> extends true ? ContainsNull<...> extends true ? ContainsNull<...> extends true ? ContainsNull<...> extends true ? ContainsNull<...> extends true ? ...'.

[7m121[0m         .eq('id', id)
[7m   [0m [91m                  ~~[0m

[96msrc/hooks/supabase/useSupabaseCRUD.ts[0m:[93m122[0m:[93m24[0m - [91merror[0m[90m TS2345: [0mArgument of type 'string' is not assignable to parameter of type '("user_id" extends keyof never[TTable]["Row"] ? never[TTable]["Row"][keyof never[TTable]["Row"] & "user_id"] : (ContainsNull<never[TTable]["Row"]> extends true ? ContainsNull<...> extends true ? ContainsNull<...> extends true ? ContainsNull<...> extends true ? ContainsNull<...> extends true ? ContainsNull<...> exten...'.

[7m122[0m         .eq('user_id', user.id) // RLS filter
[7m   [0m [91m                       ~~~~~~~[0m

[96msrc/hooks/supabase/useSupabaseCRUD.ts[0m:[93m156[0m:[93m19[0m - [91merror[0m[90m TS2345: [0mArgument of type 'string' is not assignable to parameter of type '("id" extends keyof never[TTable]["Row"] ? never[TTable]["Row"][keyof never[TTable]["Row"] & "id"] : (ContainsNull<never[TTable]["Row"]> extends true ? ContainsNull<...> extends true ? ContainsNull<...> extends true ? ContainsNull<...> extends true ? ContainsNull<...> extends true ? ContainsNull<...> extends true ? ...'.

[7m156[0m         .eq('id', id)
[7m   [0m [91m                  ~~[0m

[96msrc/hooks/supabase/useSupabaseCRUD.ts[0m:[93m157[0m:[93m24[0m - [91merror[0m[90m TS2345: [0mArgument of type 'string' is not assignable to parameter of type '("user_id" extends keyof never[TTable]["Row"] ? never[TTable]["Row"][keyof never[TTable]["Row"] & "user_id"] : (ContainsNull<never[TTable]["Row"]> extends true ? ContainsNull<...> extends true ? ContainsNull<...> extends true ? ContainsNull<...> extends true ? ContainsNull<...> extends true ? ContainsNull<...> exten...'.

[7m157[0m         .eq('user_id', user.id) // RLS filter
[7m   [0m [91m                       ~~~~~~~[0m

[96msrc/hooks/supabase/useSupabaseCRUD.ts[0m:[93m233[0m:[93m19[0m - [91merror[0m[90m TS2345: [0mArgument of type 'string' is not assignable to parameter of type '("id" extends keyof never[TTable]["Row"] ? never[TTable]["Row"][keyof never[TTable]["Row"] & "id"] : (ContainsNull<never[TTable]["Row"]> extends true ? ContainsNull<...> extends true ? ContainsNull<...> extends true ? ContainsNull<...> extends true ? ContainsNull<...> extends true ? ContainsNull<...> extends true ? ...'.

[7m233[0m         .eq('id', id)
[7m   [0m [91m                  ~~[0m

[96msrc/hooks/supabase/useSupabaseCRUD.ts[0m:[93m234[0m:[93m24[0m - [91merror[0m[90m TS2345: [0mArgument of type 'string' is not assignable to parameter of type '("user_id" extends keyof never[TTable]["Row"] ? never[TTable]["Row"][keyof never[TTable]["Row"] & "user_id"] : (ContainsNull<never[TTable]["Row"]> extends true ? ContainsNull<...> extends true ? ContainsNull<...> extends true ? ContainsNull<...> extends true ? ContainsNull<...> extends true ? ContainsNull<...> exten...'.

[7m234[0m         .eq('user_id', user.id) // RLS filter
[7m   [0m [91m                       ~~~~~~~[0m

[96msrc/hooks/useAuth.ts[0m:[93m84[0m:[93m47[0m - [91merror[0m[90m TS2769: [0mNo overload matches this call.
  Overload 1 of 3, '(obj: "Auth state changed:", msg?: undefined): void', gave the following error.
    Argument of type 'AuthChangeEvent' is not assignable to parameter of type 'undefined'.
      Type '"INITIAL_SESSION"' is not assignable to type 'undefined'.
  Overload 2 of 3, '(obj: "Auth state changed:", msg?: undefined, ...args: unknown[]): void', gave the following error.
    Argument of type 'AuthChangeEvent' is not assignable to parameter of type 'undefined'.
      Type '"INITIAL_SESSION"' is not assignable to type 'undefined'.

[7m84[0m         apiLogger.info('Auth state changed:', event)
[7m  [0m [91m                                              ~~~~~[0m


[96msrc/hooks/useInventoryAlerts.tsx[0m:[93m12[0m:[93m18[0m - [91merror[0m[90m TS2430: [0mInterface 'InventoryAlert' incorrectly extends interface '{ acknowledged_at: string | null; alert_type: string; created_at: string | null; id: string; ingredient_id: string | null; is_active: boolean | null; message: string; metadata: Json; resolved_at: string | null; severity: string | null; updated_at: string | null; user_id: string; }'.
  Types of property 'metadata' are incompatible.
    Type 'Record<string, unknown> | null' is not assignable to type 'Json'.
      Type 'Record<string, unknown>' is not assignable to type 'Json'.
        Type 'Record<string, unknown>' is missing the following properties from type 'Json[]': length, pop, push, concat, and 35 more.

[7m12[0m export interface InventoryAlert extends DatabaseInventoryAlert {
[7m  [0m [91m                 ~~~~~~~~~~~~~~[0m

[96msrc/hooks/useOptimizedQuery.ts[0m:[93m10[0m:[93m78[0m - [91merror[0m[90m TS2304: [0mCannot find name 'QueryKey'.

[7m10[0m interface OptimizedQueryOptions<T> extends Omit<UseQueryOptions<T, Error, T, QueryKey>, 'queryKey' | 'queryFn'> {
[7m  [0m [91m                                                                             ~~~~~~~~[0m

[96msrc/hooks/useOptimizedQuery.ts[0m:[93m38[0m:[93m32[0m - [91merror[0m[90m TS2304: [0mCannot find name 'QueryKey'.

[7m38[0m   return useQuery<T, Error, T, QueryKey>({
[7m  [0m [91m                               ~~~~~~~~[0m

[96msrc/hooks/usePerformance.ts[0m:[93m124[0m:[93m13[0m - [91merror[0m[90m TS2698: [0mSpread types may only be created from object types.

[7m124[0m             ...data,
[7m   [0m [91m            ~~~~~~~[0m

[96msrc/lib/api-cache.ts[0m:[93m66[0m:[93m25[0m - [91merror[0m[90m TS2345: [0mArgument of type 'string | undefined' is not assignable to parameter of type 'string'.
  Type 'undefined' is not assignable to type 'string'.

[7m66[0m       this.cache.delete(firstKey)
[7m  [0m [91m                        ~~~~~~~~[0m

[96msrc/lib/api-core/errors.ts[0m:[93m19[0m:[93m7[0m - [91merror[0m[90m TS2322: [0mType 'string | undefined' is not assignable to type 'Record<string, unknown> | undefined'.
  Type 'string' is not assignable to type 'Record<string, unknown>'.

[7m19[0m       details: error.stack
[7m  [0m [91m      ~~~~~~~[0m

  [96msrc/lib/api-core/types.ts[0m:[93m104[0m:[93m3[0m
    [7m104[0m   details?: Record<string, unknown>
    [7m   [0m [96m  ~~~~~~~[0m
    The expected type comes from property 'details' which is declared here on type 'APIError'

[96msrc/lib/api-core/errors.ts[0m:[93m35[0m:[93m5[0m - [91merror[0m[90m TS2322: [0mType 'unknown' is not assignable to type 'Record<string, unknown> | undefined'.

[7m35[0m     details: error
[7m  [0m [91m    ~~~~~~~[0m

  [96msrc/lib/api-core/types.ts[0m:[93m104[0m:[93m3[0m
    [7m104[0m   details?: Record<string, unknown>
    [7m   [0m [96m  ~~~~~~~[0m
    The expected type comes from property 'details' which is declared here on type 'APIError'

[96msrc/lib/api-core/handlers.ts[0m:[93m30[0m:[93m13[0m - [91merror[0m[90m TS2740: [0mType '{}' is missing the following properties from type 'NextResponse<unknown>': cookies, [INTERNALS], headers, ok, and 14 more.

[7m30[0m             return result
[7m  [0m [91m            ~~~~~~[0m

[96msrc/lib/api-core/handlers.ts[0m:[93m38[0m:[93m64[0m - [91merror[0m[90m TS2345: [0mArgument of type '{}' is not assignable to parameter of type 'ZodType<unknown, unknown, $ZodTypeInternals<unknown, unknown>>'.
  Type '{}' is missing the following properties from type 'ZodType<unknown, unknown, $ZodTypeInternals<unknown, unknown>>': def, type, _def, _output, and 40 more.

[7m38[0m         const result = await validateRequestOrRespond(request, config.validation.body)
[7m  [0m [91m                                                               ~~~~~~~~~~~~~~~~~~~~~~[0m

[96msrc/lib/api-core/handlers.ts[0m:[93m42[0m:[93m9[0m - [91merror[0m[90m TS2322: [0mType 'unknown' is not assignable to type 'T | undefined'.

[7m42[0m         validatedData = result
[7m  [0m [91m        ~~~~~~~~~~~~~[0m

[96msrc/lib/api-core/handlers.ts[0m:[93m49[0m:[93m55[0m - [91merror[0m[90m TS2345: [0mArgument of type '{}' is not assignable to parameter of type 'ZodType<unknown, unknown, $ZodTypeInternals<unknown, unknown>>'.
  Type '{}' is missing the following properties from type 'ZodType<unknown, unknown, $ZodTypeInternals<unknown, unknown>>': def, type, _def, _output, and 40 more.

[7m49[0m         const result = validateRequestData(queryData, config.validation.query)
[7m  [0m [91m                                                      ~~~~~~~~~~~~~~~~~~~~~~~[0m

[96msrc/lib/api-core/handlers.ts[0m:[93m73[0m:[93m9[0m - [91merror[0m[90m TS2322: [0mType '{ page: number; limit: number; offset: number; total?: number | undefined; pages?: number | undefined; } | undefined' is not assignable to type 'PaginationState | undefined'.
  Type '{ page: number; limit: number; offset: number; total?: number | undefined; pages?: number | undefined; }' is not assignable to type 'PaginationState'.
    Types of property 'total' are incompatible.
      Type 'number | undefined' is not assignable to type 'number'.
        Type 'undefined' is not assignable to type 'number'.

[7m73[0m         pagination
[7m  [0m [91m        ~~~~~~~~~~[0m

  [96msrc/lib/api-core/types.ts[0m:[93m132[0m:[93m3[0m
    [7m132[0m   pagination?: PaginationState
    [7m   [0m [96m  ~~~~~~~~~~[0m
    The expected type comes from property 'pagination' which is declared here on type 'RouteHandlerContext<T>'

[96msrc/lib/api-core/validation.ts[0m:[93m25[0m:[93m43[0m - [91merror[0m[90m TS2345: [0mArgument of type 'unknown' is not assignable to parameter of type '$ZodIssue[]'.

[7m25[0m     const errors = formatValidationErrors(err)
[7m  [0m [91m                                          ~~~[0m

[96msrc/lib/api/client.ts[0m:[93m50[0m:[93m7[0m - [91merror[0m[90m TS2322: [0mType 'ApiResponse<unknown>' is not assignable to type 'ApiResponse<T>'.
  Type 'unknown' is not assignable to type 'T'.
    'T' could be instantiated with an arbitrary type which could be unrelated to 'unknown'.

[7m50[0m       return this.handleError(err)
[7m  [0m [91m      ~~~~~~[0m

[96msrc/lib/api/client.ts[0m:[93m72[0m:[93m7[0m - [91merror[0m[90m TS2322: [0mType 'ApiResponse<unknown>' is not assignable to type 'ApiResponse<T>'.
  Type 'unknown' is not assignable to type 'T'.
    'T' could be instantiated with an arbitrary type which could be unrelated to 'unknown'.

[7m72[0m       return this.handleError(err)
[7m  [0m [91m      ~~~~~~[0m

[96msrc/lib/api/client.ts[0m:[93m94[0m:[93m7[0m - [91merror[0m[90m TS2322: [0mType 'ApiResponse<unknown>' is not assignable to type 'ApiResponse<T>'.
  Type 'unknown' is not assignable to type 'T'.
    'T' could be instantiated with an arbitrary type which could be unrelated to 'unknown'.

[7m94[0m       return this.handleError(err)
[7m  [0m [91m      ~~~~~~[0m

[96msrc/lib/api/client.ts[0m:[93m116[0m:[93m7[0m - [91merror[0m[90m TS2322: [0mType 'ApiResponse<unknown>' is not assignable to type 'ApiResponse<T>'.
  Type 'unknown' is not assignable to type 'T'.
    'T' could be instantiated with an arbitrary type which could be unrelated to 'unknown'.

[7m116[0m       return this.handleError(err)
[7m   [0m [91m      ~~~~~~[0m

[96msrc/lib/api/client.ts[0m:[93m137[0m:[93m7[0m - [91merror[0m[90m TS2322: [0mType 'ApiResponse<unknown>' is not assignable to type 'ApiResponse<T>'.
  Type 'unknown' is not assignable to type 'T'.
    'T' could be instantiated with an arbitrary type which could be unrelated to 'unknown'.

[7m137[0m       return this.handleError(err)
[7m   [0m [91m      ~~~~~~[0m

[96msrc/lib/automation-engine.ts[0m:[93m14[0m:[93m10[0m - [91merror[0m[90m TS2305: [0mModule '"./automation/workflows"' has no exported member 'triggerWorkflow'.

[7m14[0m export { triggerWorkflow } from './automation/workflows'
[7m  [0m [91m         ~~~~~~~~~~~~~~~[0m

[96msrc/lib/automation/base-workflow.ts[0m:[93m11[0m:[93m13[0m - [91merror[0m[90m TS2740: [0mType '{ enabled: true; maxConcurrentJobs: number; retryAttempts: number; notificationEnabled: true; }' is missing the following properties from type 'AutomationConfig': defaultProfitMargin, minimumProfitMargin, maximumProfitMargin, autoReorderDays, and 5 more.

[7m11[0m   protected config: AutomationConfig = {
[7m  [0m [91m            ~~~~~~[0m

[96msrc/lib/automation/financial-automation/projection-engine.ts[0m:[93m73[0m:[93m48[0m - [91merror[0m[90m TS2339: [0mProperty 'projections' does not exist on type 'ProjectionResult | { error: string; }'.
  Property 'projections' does not exist on type '{ error: string; }'.

[7m73[0m     const adjustedProjections = baseProjection.projections.map(proj => ({
[7m  [0m [91m                                               ~~~~~~~~~~~[0m

[96msrc/lib/automation/financial-automation/projection-engine.ts[0m:[93m73[0m:[93m64[0m - [91merror[0m[90m TS7006: [0mParameter 'proj' implicitly has an 'any' type.

[7m73[0m     const adjustedProjections = baseProjection.projections.map(proj => ({
[7m  [0m [91m                                                               ~~~~[0m

[96msrc/lib/automation/financial-automation/projection-engine.ts[0m:[93m77[0m:[93m13[0m - [91merror[0m[90m TS7006: [0mParameter 'proj' implicitly has an 'any' type.

[7m77[0m     })).map(proj => ({
[7m  [0m [91m            ~~~~[0m

[96msrc/lib/automation/financial-automation/projection-engine.ts[0m:[93m83[0m:[93m5[0m - [91merror[0m[90m TS2322: [0mType '{ projections: any; seasonalFactors: Record<number, number>; revenueGrowthRate: number; expenseGrowthRate: number; confidence: "High" | "Medium" | "Low"; } | { projections: any; seasonalFactors: Record<...>; error: string; }' is not assignable to type 'ProjectionResult & { seasonalFactors: Record<number, number>; }'.
  Type '{ projections: any; seasonalFactors: Record<number, number>; error: string; }' is not assignable to type 'ProjectionResult & { seasonalFactors: Record<number, number>; }'.
    Type '{ projections: any; seasonalFactors: Record<number, number>; error: string; }' is missing the following properties from type 'ProjectionResult': revenueGrowthRate, expenseGrowthRate, confidence

[7m83[0m     return {
[7m  [0m [91m    ~~~~~~[0m

[96msrc/lib/automation/financial-automation/projection-engine.ts[0m:[93m98[0m:[93m35[0m - [91merror[0m[90m TS2339: [0mProperty 'date' does not exist on type 'HistoricalData'.

[7m98[0m       const month = new Date(data.date).getMonth()
[7m  [0m [91m                                  ~~~~[0m

[96msrc/lib/automation/financial-automation/projection-engine.ts[0m:[93m136[0m:[93m5[0m - [91merror[0m[90m TS2322: [0mType '{ scenarioName: string; projection: ProjectionResult | { error: string; }; }[]' is not assignable to type '{ scenarioName: string; projection: ProjectionResult; }[]'.
  Type '{ scenarioName: string; projection: ProjectionResult | { error: string; }; }' is not assignable to type '{ scenarioName: string; projection: ProjectionResult; }'.
    Types of property 'projection' are incompatible.
      Type 'ProjectionResult | { error: string; }' is not assignable to type 'ProjectionResult'.
        Type '{ error: string; }' is missing the following properties from type 'ProjectionResult': revenueGrowthRate, expenseGrowthRate, projections, confidence

[7m136[0m     return scenarios.map(scenario => {
[7m   [0m [91m    ~~~~~~[0m

[96msrc/lib/automation/financial-automation/system.ts[0m:[93m73[0m:[93m5[0m - [91merror[0m[90m TS2322: [0mType 'ProjectionResult | { error: string; }' is not assignable to type '{ projections: { month: string; revenue: number; expenses: number; profit: number; }[]; trends: Record<string, number>; }'.
  Property 'trends' is missing in type 'ProjectionResult' but required in type '{ projections: { month: string; revenue: number; expenses: number; profit: number; }[]; trends: Record<string, number>; }'.

[7m73[0m     return ProjectionEngine.projectFinancialPerformance(historicalData, projectionMonths)
[7m  [0m [91m    ~~~~~~[0m

  [96msrc/lib/automation/financial-automation/system.ts[0m:[93m72[0m:[93m98[0m
    [7m72[0m   ): { projections: Array<{ month: string; revenue: number; expenses: number; profit: number }>; trends: Record<string, number> } {
    [7m  [0m [96m                                                                                                 ~~~~~~[0m
    'trends' is declared here.

[96msrc/lib/automation/production-automation/system.ts[0m:[93m5[0m:[93m3[0m - [91merror[0m[90m TS2459: [0mModule '"./types"' declares 'Recipe' locally, but it is not exported.

[7m5[0m   Recipe,
[7m [0m [91m  ~~~~~~[0m

  [96msrc/lib/automation/production-automation/types.ts[0m:[93m1[0m:[93m15[0m
    [7m1[0m import type { Recipe, Ingredient, RecipeIngredient } from '@/lib/automation/types'
    [7m [0m [96m              ~~~~~~[0m
    'Recipe' is declared here.

[96msrc/lib/automation/production-automation/system.ts[0m:[93m6[0m:[93m3[0m - [91merror[0m[90m TS2459: [0mModule '"./types"' declares 'RecipeIngredient' locally, but it is not exported.

[7m6[0m   RecipeIngredient,
[7m [0m [91m  ~~~~~~~~~~~~~~~~[0m

  [96msrc/lib/automation/production-automation/types.ts[0m:[93m1[0m:[93m35[0m
    [7m1[0m import type { Recipe, Ingredient, RecipeIngredient } from '@/lib/automation/types'
    [7m [0m [96m                                  ~~~~~~~~~~~~~~~~[0m
    'RecipeIngredient' is declared here.

[96msrc/lib/automation/production-automation/system.ts[0m:[93m7[0m:[93m3[0m - [91merror[0m[90m TS2459: [0mModule '"./types"' declares 'Ingredient' locally, but it is not exported.

[7m7[0m   Ingredient,
[7m [0m [91m  ~~~~~~~~~~[0m

  [96msrc/lib/automation/production-automation/types.ts[0m:[93m1[0m:[93m23[0m
    [7m1[0m import type { Recipe, Ingredient, RecipeIngredient } from '@/lib/automation/types'
    [7m [0m [96m                      ~~~~~~~~~~[0m
    'Ingredient' is declared here.

[96msrc/lib/automation/production-automation/system.ts[0m:[93m8[0m:[93m3[0m - [91merror[0m[90m TS2305: [0mModule '"./types"' has no exported member 'ProductionPlan'.

[7m8[0m   ProductionPlan,
[7m [0m [91m  ~~~~~~~~~~~~~~[0m

[96msrc/lib/automation/production-automation/system.ts[0m:[93m9[0m:[93m3[0m - [91merror[0m[90m TS2305: [0mModule '"./types"' has no exported member 'AutomationConfig'.

[7m9[0m   AutomationConfig,
[7m [0m [91m  ~~~~~~~~~~~~~~~~[0m

[96msrc/lib/automation/production-automation/system.ts[0m:[93m54[0m:[93m5[0m - [91merror[0m[90m TS2322: [0mType '{ scheduledStart: Date; scheduledEnd: Date; isOnTime: boolean; recipeId: string; quantity: number; priority: number; }[]' is not assignable to type 'ScheduledProductionItem[]'.
  Type '{ scheduledStart: Date; scheduledEnd: Date; isOnTime: boolean; recipeId: string; quantity: number; priority: number; }' is missing the following properties from type 'ScheduledProductionItem': orderId, recipe, deliveryDate, production, and 2 more.

[7m54[0m     return TimeCalculator.scheduleOptimalProduction(plan, workingHours)
[7m  [0m [91m    ~~~~~~[0m

[96msrc/lib/automation/production-automation/time-calculator.ts[0m:[93m63[0m:[93m51[0m - [91merror[0m[90m TS2339: [0mProperty 'deliveryDate' does not exist on type '{ recipeId: string; quantity: number; priority: number; }'.

[7m63[0m     const sortedPlan = [...plan].sort((a, b) => a.deliveryDate.getTime() - b.deliveryDate.getTime())
[7m  [0m [91m                                                  ~~~~~~~~~~~~[0m

[96msrc/lib/automation/production-automation/time-calculator.ts[0m:[93m63[0m:[93m78[0m - [91merror[0m[90m TS2339: [0mProperty 'deliveryDate' does not exist on type '{ recipeId: string; quantity: number; priority: number; }'.

[7m63[0m     const sortedPlan = [...plan].sort((a, b) => a.deliveryDate.getTime() - b.deliveryDate.getTime())
[7m  [0m [91m                                                                             ~~~~~~~~~~~~[0m

[96msrc/lib/automation/production-automation/time-calculator.ts[0m:[93m70[0m:[93m69[0m - [91merror[0m[90m TS2339: [0mProperty 'production' does not exist on type '{ recipeId: string; quantity: number; priority: number; }'.

[7m70[0m       const scheduledEnd = new Date(scheduledStart.getTime() + item.production.estimatedDuration * 60 * 60 * 1000)
[7m  [0m [91m                                                                    ~~~~~~~~~~[0m

[96msrc/lib/automation/production-automation/time-calculator.ts[0m:[93m78[0m:[93m59[0m - [91merror[0m[90m TS2339: [0mProperty 'production' does not exist on type '{ recipeId: string; quantity: number; priority: number; }'.

[7m78[0m         const newEnd = new Date(newStart.getTime() + item.production.estimatedDuration * 60 * 60 * 1000)
[7m  [0m [91m                                                          ~~~~~~~~~~[0m

[96msrc/lib/automation/production-automation/time-calculator.ts[0m:[93m86[0m:[93m36[0m - [91merror[0m[90m TS2339: [0mProperty 'deliveryDate' does not exist on type '{ recipeId: string; quantity: number; priority: number; }'.

[7m86[0m           isOnTime: newEnd <= item.deliveryDate
[7m  [0m [91m                                   ~~~~~~~~~~~~[0m

[96msrc/lib/automation/production-automation/time-calculator.ts[0m:[93m95[0m:[93m42[0m - [91merror[0m[90m TS2339: [0mProperty 'deliveryDate' does not exist on type '{ recipeId: string; quantity: number; priority: number; }'.

[7m95[0m           isOnTime: scheduledEnd <= item.deliveryDate
[7m  [0m [91m                                         ~~~~~~~~~~~~[0m

[96msrc/lib/automation/workflows/__tests__/order-workflows.test.ts[0m:[93m49[0m:[93m7[0m - [91merror[0m[90m TS2740: [0mType '{ enabled: true; maxConcurrentJobs: number; retryAttempts: number; notificationEnabled: true; }' is missing the following properties from type 'AutomationConfig': defaultProfitMargin, minimumProfitMargin, maximumProfitMargin, autoReorderDays, and 5 more.

[7m49[0m       config: {
[7m  [0m [91m      ~~~~~~[0m

  [96msrc/lib/automation/types.ts[0m:[93m228[0m:[93m3[0m
    [7m228[0m   config: AutomationConfig
    [7m   [0m [96m  ~~~~~~[0m
    The expected type comes from property 'config' which is declared here on type 'WorkflowContext'

[96msrc/lib/automation/workflows/__tests__/order-workflows.test.ts[0m:[93m64[0m:[93m75[0m - [91merror[0m[90m TS2345: [0mArgument of type 'import("/Users/mymac/Projects/HeyTrack/src/lib/automation/types").WorkflowContext' is not assignable to parameter of type 'import("/Users/mymac/Projects/HeyTrack/src/lib/automation/workflows/order-workflows").WorkflowContext'.
  Types of property 'logger' are incompatible.
    Type '{ info: (msgOrObj: string | Record<string, unknown>, msg?: string | undefined) => void; error: (msgOrObj: string | Record<string, unknown>, msg?: string | undefined) => void; warn: (msgOrObj: string | Record<...>, msg?: string | undefined) => void; }' is not assignable to type 'Logger<never, boolean>'.
      Type '{ info: (msgOrObj: string | Record<string, unknown>, msg?: string | undefined) => void; error: (msgOrObj: string | Record<string, unknown>, msg?: string | undefined) => void; warn: (msgOrObj: string | Record<...>, msg?: string | undefined) => void; }' is missing the following properties from type 'BaseLogger': level, fatal, debug, trace, and 2 more.

[7m64[0m       const result = await OrderWorkflowHandlers.handleOrderStatusChanged(context)
[7m  [0m [91m                                                                          ~~~~~~~[0m

[96msrc/lib/automation/workflows/__tests__/order-workflows.test.ts[0m:[93m79[0m:[93m71[0m - [91merror[0m[90m TS2345: [0mArgument of type '{ supabase: null; event: WorkflowEventData; logger: { info: (msgOrObj: string | Record<string, unknown>, msg?: string) => void; error: (msgOrObj: string | Record<string, unknown>, msg?: string) => void; warn: (msgOrObj: string | Record<string, unknown>, msg?: string) => void; }; config: AutomationConfig; }' is not assignable to parameter of type 'WorkflowContext'.
  Types of property 'logger' are incompatible.
    Type '{ info: (msgOrObj: string | Record<string, unknown>, msg?: string | undefined) => void; error: (msgOrObj: string | Record<string, unknown>, msg?: string | undefined) => void; warn: (msgOrObj: string | Record<...>, msg?: string | undefined) => void; }' is not assignable to type 'Logger<never, boolean>'.
      Type '{ info: (msgOrObj: string | Record<string, unknown>, msg?: string | undefined) => void; error: (msgOrObj: string | Record<string, unknown>, msg?: string | undefined) => void; warn: (msgOrObj: string | Record<...>, msg?: string | undefined) => void; }' is missing the following properties from type 'BaseLogger': level, fatal, debug, trace, and 2 more.

[7m79[0m       const result = await OrderWorkflowHandlers.handleOrderCompleted(contextWithoutSupabase)
[7m  [0m [91m                                                                      ~~~~~~~~~~~~~~~~~~~~~~[0m

[96msrc/lib/automation/workflows/__tests__/order-workflows.test.ts[0m:[93m87[0m:[93m9[0m - [91merror[0m[90m TS2322: [0mType 'Mock<() => { eq: Mock<() => { single: Mock<() => Promise<{ data: null; error: { message: string; }; }>>; }>; }>' is not assignable to type 'Mock<() => { eq: Mock<() => { single: Mock<() => Promise<{ data: null; error: null; }>>; }>; }>'.
  Types of property 'mock' are incompatible.
    Type 'MockContext<() => { eq: Mock<() => { single: Mock<() => Promise<{ data: null; error: { message: string; }; }>>; }>; }>' is not assignable to type 'MockContext<() => { eq: Mock<() => { single: Mock<() => Promise<{ data: null; error: null; }>>; }>; }>'.
      Type '() => { eq: Mock<() => { single: Mock<() => Promise<{ data: null; error: { message: string; }; }>>; }>; }' is not assignable to type '() => { eq: Mock<() => { single: Mock<() => Promise<{ data: null; error: null; }>>; }>; }'.
        Call signature return types '{ eq: Mock<() => { single: Mock<() => Promise<{ data: null; error: { message: string; }; }>>; }>; }' and '{ eq: Mock<() => { single: Mock<() => Promise<{ data: null; error: null; }>>; }>; }' are incompatible.
          The types of 'eq.mock' are incompatible between these types.
            Type 'MockContext<() => { single: Mock<() => Promise<{ data: null; error: { message: string; }; }>>; }>' is not assignable to type 'MockContext<() => { single: Mock<() => Promise<{ data: null; error: null; }>>; }>'.
              Type '() => { single: Mock<() => Promise<{ data: null; error: { message: string; }; }>>; }' is not assignable to type '() => { single: Mock<() => Promise<{ data: null; error: null; }>>; }'.
                Call signature return types '{ single: Mock<() => Promise<{ data: null; error: { message: string; }; }>>; }' and '{ single: Mock<() => Promise<{ data: null; error: null; }>>; }' are incompatible.
                  The types of 'single.mock' are incompatible between these types.
                    Type 'MockContext<() => Promise<{ data: null; error: { message: string; }; }>>' is not assignable to type 'MockContext<() => Promise<{ data: null; error: null; }>>'.
                      Type '() => Promise<{ data: null; error: { message: string; }; }>' is not assignable to type '() => Promise<{ data: null; error: null; }>'.
                        Type 'Promise<{ data: null; error: { message: string; }; }>' is not assignable to type 'Promise<{ data: null; error: null; }>'.
                          Type '{ data: null; error: { message: string; }; }' is not assignable to type '{ data: null; error: null; }'.
                            Types of property 'error' are incompatible.
                              Type '{ message: string; }' is not assignable to type 'null'.

[7m87[0m         select: vi.fn(() => ({
[7m  [0m [91m        ~~~~~~[0m

  [96msrc/lib/automation/workflows/__tests__/order-workflows.test.ts[0m:[93m14[0m:[93m5[0m
    [7m 14[0m     select: vi.fn(() => ({
    [7m   [0m [96m    ~~~~~~~~~~~~~~~~~~~~~~[0m
    [7m 15[0m       eq: vi.fn(() => ({
    [7m   [0m [96m~~~~~~~~~~~~~~~~~~~~~~~~[0m
    [7m...[0m 
    [7m 17[0m       }))
    [7m   [0m [96m~~~~~~~~~[0m
    [7m 18[0m     })),
    [7m   [0m [96m~~~~~~~[0m
    The expected type comes from property 'select' which is declared here on type '{ select: Mock<() => { eq: Mock<() => { single: Mock<() => Promise<{ data: null; error: null; }>>; }>; }>; update: Mock<() => { eq: Mock<() => Promise<{ error: null; }>>; }>; insert: Mock<...>; delete: Mock<...>; }'

[96msrc/lib/automation/workflows/__tests__/order-workflows.test.ts[0m:[93m97[0m:[93m71[0m - [91merror[0m[90m TS2345: [0mArgument of type 'import("/Users/mymac/Projects/HeyTrack/src/lib/automation/types").WorkflowContext' is not assignable to parameter of type 'import("/Users/mymac/Projects/HeyTrack/src/lib/automation/workflows/order-workflows").WorkflowContext'.
  Types of property 'logger' are incompatible.
    Type '{ info: (msgOrObj: string | Record<string, unknown>, msg?: string | undefined) => void; error: (msgOrObj: string | Record<string, unknown>, msg?: string | undefined) => void; warn: (msgOrObj: string | Record<...>, msg?: string | undefined) => void; }' is not assignable to type 'Logger<never, boolean>'.
      Type '{ info: (msgOrObj: string | Record<string, unknown>, msg?: string | undefined) => void; error: (msgOrObj: string | Record<string, unknown>, msg?: string | undefined) => void; warn: (msgOrObj: string | Record<...>, msg?: string | undefined) => void; }' is missing the following properties from type 'BaseLogger': level, fatal, debug, trace, and 2 more.

[7m97[0m       const result = await OrderWorkflowHandlers.handleOrderCompleted(context)
[7m  [0m [91m                                                                      ~~~~~~~[0m

[96msrc/lib/automation/workflows/__tests__/order-workflows.test.ts[0m:[93m114[0m:[93m9[0m - [91merror[0m[90m TS2322: [0mType 'Mock<() => { eq: Mock<() => { single: Mock<() => Promise<{ data: { id: string; order_no: string; order_items: never[]; customer: null; user_id: string; financial_record_id: null; }; error: null; }>>; }>; }>' is not assignable to type 'Mock<() => { eq: Mock<() => { single: Mock<() => Promise<{ data: null; error: null; }>>; }>; }>'.
  Types of property 'mock' are incompatible.
    Type 'MockContext<() => { eq: Mock<() => { single: Mock<() => Promise<{ data: { id: string; order_no: string; order_items: never[]; customer: null; user_id: string; financial_record_id: null; }; error: null; }>>; }>; }>' is not assignable to type 'MockContext<() => { eq: Mock<() => { single: Mock<() => Promise<{ data: null; error: null; }>>; }>; }>'.
      Type '() => { eq: Mock<() => { single: Mock<() => Promise<{ data: { id: string; order_no: string; order_items: never[]; customer: null; user_id: string; financial_record_id: null; }; error: null; }>>; }>; }' is not assignable to type '() => { eq: Mock<() => { single: Mock<() => Promise<{ data: null; error: null; }>>; }>; }'.
        Call signature return types '{ eq: Mock<() => { single: Mock<() => Promise<{ data: { id: string; order_no: string; order_items: never[]; customer: null; user_id: string; financial_record_id: null; }; error: null; }>>; }>; }' and '{ eq: Mock<() => { single: Mock<() => Promise<{ data: null; error: null; }>>; }>; }' are incompatible.
          The types of 'eq.mock' are incompatible between these types.
            Type 'MockContext<() => { single: Mock<() => Promise<{ data: { id: string; order_no: string; order_items: never[]; customer: null; user_id: string; financial_record_id: null; }; error: null; }>>; }>' is not assignable to type 'MockContext<() => { single: Mock<() => Promise<{ data: null; error: null; }>>; }>'.
              Type '() => { single: Mock<() => Promise<{ data: { id: string; order_no: string; order_items: never[]; customer: null; user_id: string; financial_record_id: null; }; error: null; }>>; }' is not assignable to type '() => { single: Mock<() => Promise<{ data: null; error: null; }>>; }'.
                Call signature return types '{ single: Mock<() => Promise<{ data: { id: string; order_no: string; order_items: never[]; customer: null; user_id: string; financial_record_id: null; }; error: null; }>>; }' and '{ single: Mock<() => Promise<{ data: null; error: null; }>>; }' are incompatible.
                  The types of 'single.mock' are incompatible between these types.
                    Type 'MockContext<() => Promise<{ data: { id: string; order_no: string; order_items: never[]; customer: null; user_id: string; financial_record_id: null; }; error: null; }>>' is not assignable to type 'MockContext<() => Promise<{ data: null; error: null; }>>'.
                      Type '() => Promise<{ data: { id: string; order_no: string; order_items: never[]; customer: null; user_id: string; financial_record_id: null; }; error: null; }>' is not assignable to type '() => Promise<{ data: null; error: null; }>'.
                        Type 'Promise<{ data: { id: string; order_no: string; order_items: never[]; customer: null; user_id: string; financial_record_id: null; }; error: null; }>' is not assignable to type 'Promise<{ data: null; error: null; }>'.
                          Type '{ data: { id: string; order_no: string; order_items: never[]; customer: null; user_id: string; financial_record_id: null; }; error: null; }' is not assignable to type '{ data: null; error: null; }'.
                            Types of property 'data' are incompatible.
                              Type '{ id: string; order_no: string; order_items: never[]; customer: null; user_id: string; financial_record_id: null; }' is not assignable to type 'null'.

[7m114[0m         select: vi.fn(() => ({
[7m   [0m [91m        ~~~~~~[0m

  [96msrc/lib/automation/workflows/__tests__/order-workflows.test.ts[0m:[93m14[0m:[93m5[0m
    [7m 14[0m     select: vi.fn(() => ({
    [7m   [0m [96m    ~~~~~~~~~~~~~~~~~~~~~~[0m
    [7m 15[0m       eq: vi.fn(() => ({
    [7m   [0m [96m~~~~~~~~~~~~~~~~~~~~~~~~[0m
    [7m...[0m 
    [7m 17[0m       }))
    [7m   [0m [96m~~~~~~~~~[0m
    [7m 18[0m     })),
    [7m   [0m [96m~~~~~~~[0m
    The expected type comes from property 'select' which is declared here on type '{ select: Mock<() => { eq: Mock<() => { single: Mock<() => Promise<{ data: null; error: null; }>>; }>; }>; update: Mock<() => { eq: Mock<() => Promise<{ error: null; }>>; }>; insert: Mock<...>; delete: Mock<...>; }'

[96msrc/lib/automation/workflows/__tests__/order-workflows.test.ts[0m:[93m126[0m:[93m71[0m - [91merror[0m[90m TS2345: [0mArgument of type 'import("/Users/mymac/Projects/HeyTrack/src/lib/automation/types").WorkflowContext' is not assignable to parameter of type 'import("/Users/mymac/Projects/HeyTrack/src/lib/automation/workflows/order-workflows").WorkflowContext'.
  Types of property 'logger' are incompatible.
    Type '{ info: (msgOrObj: string | Record<string, unknown>, msg?: string | undefined) => void; error: (msgOrObj: string | Record<string, unknown>, msg?: string | undefined) => void; warn: (msgOrObj: string | Record<...>, msg?: string | undefined) => void; }' is not assignable to type 'Logger<never, boolean>'.
      Type '{ info: (msgOrObj: string | Record<string, unknown>, msg?: string | undefined) => void; error: (msgOrObj: string | Record<string, unknown>, msg?: string | undefined) => void; warn: (msgOrObj: string | Record<...>, msg?: string | undefined) => void; }' is missing the following properties from type 'BaseLogger': level, fatal, debug, trace, and 2 more.

[7m126[0m       const result = await OrderWorkflowHandlers.handleOrderCompleted(context)
[7m   [0m [91m                                                                      ~~~~~~~[0m

[96msrc/lib/automation/workflows/__tests__/order-workflows.test.ts[0m:[93m141[0m:[93m71[0m - [91merror[0m[90m TS2345: [0mArgument of type '{ supabase: null; event: WorkflowEventData; logger: { info: (msgOrObj: string | Record<string, unknown>, msg?: string) => void; error: (msgOrObj: string | Record<string, unknown>, msg?: string) => void; warn: (msgOrObj: string | Record<string, unknown>, msg?: string) => void; }; config: AutomationConfig; }' is not assignable to parameter of type 'WorkflowContext'.
  Types of property 'logger' are incompatible.
    Type '{ info: (msgOrObj: string | Record<string, unknown>, msg?: string | undefined) => void; error: (msgOrObj: string | Record<string, unknown>, msg?: string | undefined) => void; warn: (msgOrObj: string | Record<...>, msg?: string | undefined) => void; }' is not assignable to type 'Logger<never, boolean>'.
      Type '{ info: (msgOrObj: string | Record<string, unknown>, msg?: string | undefined) => void; error: (msgOrObj: string | Record<string, unknown>, msg?: string | undefined) => void; warn: (msgOrObj: string | Record<...>, msg?: string | undefined) => void; }' is missing the following properties from type 'BaseLogger': level, fatal, debug, trace, and 2 more.

[7m141[0m       const result = await OrderWorkflowHandlers.handleOrderCancelled(contextWithoutSupabase)
[7m   [0m [91m                                                                      ~~~~~~~~~~~~~~~~~~~~~~[0m

[96msrc/lib/automation/workflows/__tests__/order-workflows.test.ts[0m:[93m158[0m:[93m9[0m - [91merror[0m[90m TS2322: [0mType 'Mock<() => { eq: Mock<() => { single: Mock<() => Promise<{ data: { id: string; order_no: string; order_items: never[]; customer_id: string; user_id: string; financial_record_id: string; }; error: null; }>>; }>; }>' is not assignable to type 'Mock<() => { eq: Mock<() => { single: Mock<() => Promise<{ data: null; error: null; }>>; }>; }>'.
  Types of property 'mock' are incompatible.
    Type 'MockContext<() => { eq: Mock<() => { single: Mock<() => Promise<{ data: { id: string; order_no: string; order_items: never[]; customer_id: string; user_id: string; financial_record_id: string; }; error: null; }>>; }>; }>' is not assignable to type 'MockContext<() => { eq: Mock<() => { single: Mock<() => Promise<{ data: null; error: null; }>>; }>; }>'.
      Type '() => { eq: Mock<() => { single: Mock<() => Promise<{ data: { id: string; order_no: string; order_items: never[]; customer_id: string; user_id: string; financial_record_id: string; }; error: null; }>>; }>; }' is not assignable to type '() => { eq: Mock<() => { single: Mock<() => Promise<{ data: null; error: null; }>>; }>; }'.
        Call signature return types '{ eq: Mock<() => { single: Mock<() => Promise<{ data: { id: string; order_no: string; order_items: never[]; customer_id: string; user_id: string; financial_record_id: string; }; error: null; }>>; }>; }' and '{ eq: Mock<() => { single: Mock<() => Promise<{ data: null; error: null; }>>; }>; }' are incompatible.
          The types of 'eq.mock' are incompatible between these types.
            Type 'MockContext<() => { single: Mock<() => Promise<{ data: { id: string; order_no: string; order_items: never[]; customer_id: string; user_id: string; financial_record_id: string; }; error: null; }>>; }>' is not assignable to type 'MockContext<() => { single: Mock<() => Promise<{ data: null; error: null; }>>; }>'.
              Type '() => { single: Mock<() => Promise<{ data: { id: string; order_no: string; order_items: never[]; customer_id: string; user_id: string; financial_record_id: string; }; error: null; }>>; }' is not assignable to type '() => { single: Mock<() => Promise<{ data: null; error: null; }>>; }'.
                Call signature return types '{ single: Mock<() => Promise<{ data: { id: string; order_no: string; order_items: never[]; customer_id: string; user_id: string; financial_record_id: string; }; error: null; }>>; }' and '{ single: Mock<() => Promise<{ data: null; error: null; }>>; }' are incompatible.
                  The types of 'single.mock' are incompatible between these types.
                    Type 'MockContext<() => Promise<{ data: { id: string; order_no: string; order_items: never[]; customer_id: string; user_id: string; financial_record_id: string; }; error: null; }>>' is not assignable to type 'MockContext<() => Promise<{ data: null; error: null; }>>'.
                      Type '() => Promise<{ data: { id: string; order_no: string; order_items: never[]; customer_id: string; user_id: string; financial_record_id: string; }; error: null; }>' is not assignable to type '() => Promise<{ data: null; error: null; }>'.
                        Type 'Promise<{ data: { id: string; order_no: string; order_items: never[]; customer_id: string; user_id: string; financial_record_id: string; }; error: null; }>' is not assignable to type 'Promise<{ data: null; error: null; }>'.
                          Type '{ data: { id: string; order_no: string; order_items: never[]; customer_id: string; user_id: string; financial_record_id: string; }; error: null; }' is not assignable to type '{ data: null; error: null; }'.
                            Types of property 'data' are incompatible.
                              Type '{ id: string; order_no: string; order_items: never[]; customer_id: string; user_id: string; financial_record_id: string; }' is not assignable to type 'null'.

[7m158[0m         select: vi.fn(() => ({
[7m   [0m [91m        ~~~~~~[0m

  [96msrc/lib/automation/workflows/__tests__/order-workflows.test.ts[0m:[93m14[0m:[93m5[0m
    [7m 14[0m     select: vi.fn(() => ({
    [7m   [0m [96m    ~~~~~~~~~~~~~~~~~~~~~~[0m
    [7m 15[0m       eq: vi.fn(() => ({
    [7m   [0m [96m~~~~~~~~~~~~~~~~~~~~~~~~[0m
    [7m...[0m 
    [7m 17[0m       }))
    [7m   [0m [96m~~~~~~~~~[0m
    [7m 18[0m     })),
    [7m   [0m [96m~~~~~~~[0m
    The expected type comes from property 'select' which is declared here on type '{ select: Mock<() => { eq: Mock<() => { single: Mock<() => Promise<{ data: null; error: null; }>>; }>; }>; update: Mock<() => { eq: Mock<() => Promise<{ error: null; }>>; }>; insert: Mock<...>; delete: Mock<...>; }'

[96msrc/lib/automation/workflows/__tests__/order-workflows.test.ts[0m:[93m172[0m:[93m71[0m - [91merror[0m[90m TS2345: [0mArgument of type 'import("/Users/mymac/Projects/HeyTrack/src/lib/automation/types").WorkflowContext' is not assignable to parameter of type 'import("/Users/mymac/Projects/HeyTrack/src/lib/automation/workflows/order-workflows").WorkflowContext'.
  Types of property 'logger' are incompatible.
    Type '{ info: (msgOrObj: string | Record<string, unknown>, msg?: string | undefined) => void; error: (msgOrObj: string | Record<string, unknown>, msg?: string | undefined) => void; warn: (msgOrObj: string | Record<...>, msg?: string | undefined) => void; }' is not assignable to type 'Logger<never, boolean>'.
      Type '{ info: (msgOrObj: string | Record<string, unknown>, msg?: string | undefined) => void; error: (msgOrObj: string | Record<string, unknown>, msg?: string | undefined) => void; warn: (msgOrObj: string | Record<...>, msg?: string | undefined) => void; }' is missing the following properties from type 'BaseLogger': level, fatal, debug, trace, and 2 more.

[7m172[0m       const result = await OrderWorkflowHandlers.handleOrderCancelled(context)
[7m   [0m [91m                                                                      ~~~~~~~[0m

[96msrc/lib/automation/workflows/financial-workflows.ts[0m:[93m36[0m:[93m55[0m - [91merror[0m[90m TS2345: [0mArgument of type '{ ingredientId: string; oldPrice: number; newPrice: number; priceChange: string; affectedRecipesCount: number; }' is not assignable to parameter of type 'string'.

[7m 36[0m     logger.info('Processing ingredient price change', {
[7m   [0m [91m                                                      ~[0m
[7m 37[0m       ingredientId,
[7m   [0m [91m~~~~~~~~~~~~~~~~~~~[0m
[7m...[0m 
[7m 41[0m       affectedRecipesCount: affectedRecipes?.length || 0
[7m   [0m [91m~~~~~~~~~~~~~~~~~~~~~~~~~~~~~~~~~~~~~~~~~~~~~~~~~~~~~~~~[0m
[7m 42[0m     })
[7m   [0m [91m~~~~~[0m

[96msrc/lib/automation/workflows/financial-workflows.ts[0m:[93m61[0m:[93m65[0m - [91merror[0m[90m TS2345: [0mArgument of type '{ ingredientId: string; error: string; }' is not assignable to parameter of type 'string'.

[7m61[0m       logger.error('Failed to process ingredient price change', {
[7m  [0m [91m                                                                ~[0m
[7m62[0m         ingredientId,
[7m  [0m [91m~~~~~~~~~~~~~~~~~~~~~[0m
[7m63[0m         error: getErrorMessage(error)
[7m  [0m [91m~~~~~~~~~~~~~~~~~~~~~~~~~~~~~~~~~~~~~[0m
[7m64[0m       })
[7m  [0m [91m~~~~~~~[0m

[96msrc/lib/automation/workflows/financial-workflows.ts[0m:[93m97[0m:[93m55[0m - [91merror[0m[90m TS2345: [0mArgument of type '{ costId: string; costName: string; oldAmount: number; newAmount: number; }' is not assignable to parameter of type 'string'.

[7m 97[0m     logger.info('Processing operational cost change', {
[7m   [0m [91m                                                      ~[0m
[7m 98[0m       costId,
[7m   [0m [91m~~~~~~~~~~~~~[0m
[7m...[0m 
[7m101[0m       newAmount
[7m   [0m [91m~~~~~~~~~~~~~~~[0m
[7m102[0m     })
[7m   [0m [91m~~~~~[0m

[96msrc/lib/automation/workflows/financial-workflows.ts[0m:[93m113[0m:[93m69[0m - [91merror[0m[90m TS2345: [0mArgument of type '{ costChange: string; }' is not assignable to parameter of type 'string'.

[7m113[0m         logger.warn('Significant operational cost change detected', {
[7m   [0m [91m                                                                    ~[0m
[7m114[0m           costChange: costChange.toFixed(1)
[7m   [0m [91m~~~~~~~~~~~~~~~~~~~~~~~~~~~~~~~~~~~~~~~~~~~[0m
[7m115[0m         })
[7m   [0m [91m~~~~~~~~~[0m

[96msrc/lib/automation/workflows/financial-workflows.ts[0m:[93m119[0m:[93m67[0m - [91merror[0m[90m TS2345: [0mArgument of type '{ costId: string; }' is not assignable to parameter of type 'string'.

[7m119[0m           logger.info('Pricing review triggered for cost change', { costId })
[7m   [0m [91m                                                                  ~~~~~~~~~~[0m

[96msrc/lib/automation/workflows/financial-workflows.ts[0m:[93m136[0m:[93m65[0m - [91merror[0m[90m TS2345: [0mArgument of type '{ costId: string; error: string; }' is not assignable to parameter of type 'string'.

[7m136[0m       logger.error('Failed to process operational cost change', {
[7m   [0m [91m                                                                ~[0m
[7m137[0m         costId,
[7m   [0m [91m~~~~~~~~~~~~~~~[0m
[7m138[0m         error: getErrorMessage(error)
[7m   [0m [91m~~~~~~~~~~~~~~~~~~~~~~~~~~~~~~~~~~~~~[0m
[7m139[0m       })
[7m   [0m [91m~~~~~~~[0m

[96msrc/lib/automation/workflows/index.ts[0m:[93m46[0m:[93m9[0m - [91merror[0m[90m TS2322: [0mType 'import("/Users/mymac/Projects/HeyTrack/src/lib/automation/workflows/order-workflows").WorkflowResult' is not assignable to type 'import("/Users/mymac/Projects/HeyTrack/src/lib/automation/types").WorkflowResult'.
  Types of property 'data' are incompatible.
    Type 'unknown' is not assignable to type 'Record<string, unknown> | undefined'.

[7m46[0m         return OrderWorkflowHandlers.handleOrderCompleted(context)
[7m  [0m [91m        ~~~~~~[0m

[96msrc/lib/automation/workflows/index.ts[0m:[93m46[0m:[93m59[0m - [91merror[0m[90m TS2345: [0mArgument of type 'import("/Users/mymac/Projects/HeyTrack/src/lib/automation/types").WorkflowContext' is not assignable to parameter of type 'import("/Users/mymac/Projects/HeyTrack/src/lib/automation/workflows/order-workflows").WorkflowContext'.
  Types of property 'logger' are incompatible.
    Type '{ info: (msgOrObj: string | Record<string, unknown>, msg?: string | undefined) => void; error: (msgOrObj: string | Record<string, unknown>, msg?: string | undefined) => void; warn: (msgOrObj: string | Record<...>, msg?: string | undefined) => void; }' is not assignable to type 'Logger<never, boolean>'.
      Type '{ info: (msgOrObj: string | Record<string, unknown>, msg?: string | undefined) => void; error: (msgOrObj: string | Record<string, unknown>, msg?: string | undefined) => void; warn: (msgOrObj: string | Record<...>, msg?: string | undefined) => void; }' is missing the following properties from type 'BaseLogger': level, fatal, debug, trace, and 2 more.

[7m46[0m         return OrderWorkflowHandlers.handleOrderCompleted(context)
[7m  [0m [91m                                                          ~~~~~~~[0m

[96msrc/lib/automation/workflows/index.ts[0m:[93m48[0m:[93m9[0m - [91merror[0m[90m TS2322: [0mType 'import("/Users/mymac/Projects/HeyTrack/src/lib/automation/workflows/order-workflows").WorkflowResult' is not assignable to type 'import("/Users/mymac/Projects/HeyTrack/src/lib/automation/types").WorkflowResult'.
  Types of property 'data' are incompatible.
    Type 'unknown' is not assignable to type 'Record<string, unknown> | undefined'.

[7m48[0m         return OrderWorkflowHandlers.handleOrderCancelled(context)
[7m  [0m [91m        ~~~~~~[0m

[96msrc/lib/automation/workflows/index.ts[0m:[93m48[0m:[93m59[0m - [91merror[0m[90m TS2345: [0mArgument of type 'import("/Users/mymac/Projects/HeyTrack/src/lib/automation/types").WorkflowContext' is not assignable to parameter of type 'import("/Users/mymac/Projects/HeyTrack/src/lib/automation/workflows/order-workflows").WorkflowContext'.
  Types of property 'logger' are incompatible.
    Type '{ info: (msgOrObj: string | Record<string, unknown>, msg?: string | undefined) => void; error: (msgOrObj: string | Record<string, unknown>, msg?: string | undefined) => void; warn: (msgOrObj: string | Record<...>, msg?: string | undefined) => void; }' is not assignable to type 'Logger<never, boolean>'.
      Type '{ info: (msgOrObj: string | Record<string, unknown>, msg?: string | undefined) => void; error: (msgOrObj: string | Record<string, unknown>, msg?: string | undefined) => void; warn: (msgOrObj: string | Record<...>, msg?: string | undefined) => void; }' is missing the following properties from type 'BaseLogger': level, fatal, debug, trace, and 2 more.

[7m48[0m         return OrderWorkflowHandlers.handleOrderCancelled(context)
[7m  [0m [91m                                                          ~~~~~~~[0m

[96msrc/lib/automation/workflows/index.ts[0m:[93m62[0m:[93m42[0m - [91merror[0m[90m TS2339: [0mProperty 'handleHPPRecalculationNeeded' does not exist on type 'typeof FinancialWorkflowHandlers'.

[7m62[0m         return FinancialWorkflowHandlers.handleHPPRecalculationNeeded(context)
[7m  [0m [91m                                         ~~~~~~~~~~~~~~~~~~~~~~~~~~~~[0m

[96msrc/lib/automation/workflows/inventory-workflows.ts[0m:[93m213[0m:[93m46[0m - [91merror[0m[90m TS2339: [0mProperty 'Insert' does not exist on type '{ action_url: string | null; category: string; created_at: string | null; entity_id: string | null; entity_type: string | null; expires_at: string | null; id: string; is_dismissed: boolean | null; ... 7 more ...; user_id: string | null; }'.

[7m213[0m       const notification: NotificationsTable['Insert'] = {
[7m   [0m [91m                                             ~~~~~~~~[0m

[96msrc/lib/business-services/utils.ts[0m:[93m59[0m:[93m5[0m - [91merror[0m[90m TS2322: [0mType 'string | null' is not assignable to type 'string'.
  Type 'null' is not assignable to type 'string'.

[7m59[0m     scheduled_date: scheduledDate || null
[7m  [0m [91m    ~~~~~~~~~~~~~~[0m

  [96msrc/lib/business-services/types.ts[0m:[93m14[0m:[93m3[0m
    [7m14[0m   scheduled_date: string
    [7m  [0m [96m  ~~~~~~~~~~~~~~[0m
    The expected type comes from property 'scheduled_date' which is declared here on type 'Omit<ProductionBatch, "id" | "status">'

[96msrc/lib/communications/manager.ts[0m:[93m79[0m:[93m40[0m - [91merror[0m[90m TS2345: [0mArgument of type '{ category: "orders"; priority: "medium"; title: string; message: string; data: OrderData; status: "sent"; }' is not assignable to parameter of type 'Omit<SmartNotification, "type" | "timestamp" | "id" | "isRead">'.
  Types of property 'data' are incompatible.
    Type 'OrderData' is not assignable to type 'Record<string, unknown>'.
      Index signature for type 'string' is missing in type 'OrderData'.

[7m79[0m     this.notifications.addNotification(notificationData);
[7m  [0m [91m                                       ~~~~~~~~~~~~~~~~[0m

[96msrc/lib/database/order-transactions.ts[0m:[93m91[0m:[93m19[0m - [91merror[0m[90m TS2769: [0mNo overload matches this call.
  Overload 1 of 2, '(values: { id?: string | undefined; order_id: string; product_name?: string | null | undefined; quantity: number; recipe_id: string; special_requests?: string | null | undefined; total_price: number; unit_price: number; updated_at?: string | ... 1 more ... | undefined; user_id: string; }, options?: { ...; } | undefined): PostgrestFilterBuilder<...>', gave the following error.
    Argument of type '{ recipe_id: string; product_name: string | null | undefined; quantity: number; unit_price: number; total_price: number; special_requests: string | null | undefined; order_id: string | undefined; user_id: string; }[]' is not assignable to parameter of type '{ id?: string | undefined; order_id: string; product_name?: string | null | undefined; quantity: number; recipe_id: string; special_requests?: string | null | undefined; total_price: number; unit_price: number; updated_at?: string | ... 1 more ... | undefined; user_id: string; }'.
      Type '{ recipe_id: string; product_name: string | null | undefined; quantity: number; unit_price: number; total_price: number; special_requests: string | null | undefined; order_id: string | undefined; user_id: string; }[]' is missing the following properties from type '{ id?: string | undefined; order_id: string; product_name?: string | null | undefined; quantity: number; recipe_id: string; special_requests?: string | null | undefined; total_price: number; unit_price: number; updated_at?: string | ... 1 more ... | undefined; user_id: string; }': order_id, quantity, recipe_id, total_price, and 2 more.
  Overload 2 of 2, '(values: { id?: string | undefined; order_id: string; product_name?: string | null | undefined; quantity: number; recipe_id: string; special_requests?: string | null | undefined; total_price: number; unit_price: number; updated_at?: string | ... 1 more ... | undefined; user_id: string; }[], options?: { ...; } | undefined): PostgrestFilterBuilder<...>', gave the following error.
    Argument of type '{ recipe_id: string; product_name: string | null | undefined; quantity: number; unit_price: number; total_price: number; special_requests: string | null | undefined; order_id: string | undefined; user_id: string; }[]' is not assignable to parameter of type '{ id?: string | undefined; order_id: string; product_name?: string | null | undefined; quantity: number; recipe_id: string; special_requests?: string | null | undefined; total_price: number; unit_price: number; updated_at?: string | ... 1 more ... | undefined; user_id: string; }[]'.
      Type '{ recipe_id: string; product_name: string | null | undefined; quantity: number; unit_price: number; total_price: number; special_requests: string | null | undefined; order_id: string | undefined; user_id: string; }' is not assignable to type '{ id?: string | undefined; order_id: string; product_name?: string | null | undefined; quantity: number; recipe_id: string; special_requests?: string | null | undefined; total_price: number; unit_price: number; updated_at?: string | ... 1 more ... | undefined; user_id: string; }'.
        Types of property 'order_id' are incompatible.
          Type 'string | undefined' is not assignable to type 'string'.
            Type 'undefined' is not assignable to type 'string'.

[7m91[0m           .insert(itemsWithOrderId)
[7m  [0m [91m                  ~~~~~~~~~~~~~~~~[0m


[96msrc/lib/database/order-transactions.ts[0m:[93m156[0m:[93m43[0m - [91merror[0m[90m TS2345: [0mArgument of type '(TransactionOperation<{ id: string; }[]> | TransactionOperation<{ id: string; } | null>)[]' is not assignable to parameter of type 'TransactionOperation<{ id: string; }[] | null>[]'.
  Type 'TransactionOperation<{ id: string; }[]> | TransactionOperation<{ id: string; } | null>' is not assignable to type 'TransactionOperation<{ id: string; }[] | null>'.
    Type 'TransactionOperation<{ id: string; } | null>' is not assignable to type 'TransactionOperation<{ id: string; }[] | null>'.
      Type '{ id: string; } | null' is not assignable to type '{ id: string; }[] | null'.
        Type '{ id: string; }' is missing the following properties from type '{ id: string; }[]': length, pop, push, concat, and 35 more.

[7m156[0m   const result = await executeTransaction(operations, { logProgress: true })
[7m   [0m [91m                                          ~~~~~~~~~~[0m

[96msrc/lib/errors/error-handler.ts[0m:[93m69[0m:[93m7[0m - [91merror[0m[90m TS2358: [0mThe left-hand side of an 'instanceof' expression must be of type 'any', an object type or a type parameter.

[7m69[0m   if (error instanceof Error) {
[7m  [0m [91m      ~~~~~[0m

[96msrc/lib/errors/error-handler.ts[0m:[93m72[0m:[93m22[0m - [91merror[0m[90m TS2339: [0mProperty 'message' does not exist on type 'never'.

[7m72[0m         error: error.message,
[7m  [0m [91m                     ~~~~~~~[0m

[96msrc/lib/errors/monitoring-service.ts[0m:[93m101[0m:[93m9[0m - [91merror[0m[90m TS2322: [0mType 'string | undefined' is not assignable to type 'string'.
  Type 'undefined' is not assignable to type 'string'.

[7m101[0m         environment: this.config.environment,
[7m   [0m [91m        ~~~~~~~~~~~[0m

[96msrc/lib/errors/monitoring-service.ts[0m:[93m102[0m:[93m9[0m - [91merror[0m[90m TS2322: [0mType 'string | undefined' is not assignable to type 'string'.
  Type 'undefined' is not assignable to type 'string'.

[7m102[0m         release: this.config.release
[7m   [0m [91m        ~~~~~~~[0m

[96msrc/lib/errors/monitoring-service.ts[0m:[93m152[0m:[93m9[0m - [91merror[0m[90m TS2322: [0mType 'string | undefined' is not assignable to type 'string'.
  Type 'undefined' is not assignable to type 'string'.

[7m152[0m         environment: this.config.environment,
[7m   [0m [91m        ~~~~~~~~~~~[0m

[96msrc/lib/errors/monitoring-service.ts[0m:[93m153[0m:[93m9[0m - [91merror[0m[90m TS2322: [0mType 'string | undefined' is not assignable to type 'string'.
  Type 'undefined' is not assignable to type 'string'.

[7m153[0m         release: this.config.release
[7m   [0m [91m        ~~~~~~~[0m

[96msrc/lib/errors/monitoring-service.ts[0m:[93m166[0m:[93m9[0m - [91merror[0m[90m TS7053: [0mElement implicitly has an 'any' type because expression of type '"debug" | "info" | "error" | "warning"' can't be used to index type 'BaseLogger & LoggerExtras<never, boolean> & { customLevels: {}; useOnlyCustomLevels: boolean; } & { debug: LogFn; info: LogFn; fatal: LogFn; error: LogFn; warn: LogFn; trace: LogFn; } & {}'.
  Property 'warning' does not exist on type 'BaseLogger & LoggerExtras<never, boolean> & { customLevels: {}; useOnlyCustomLevels: boolean; } & { debug: LogFn; info: LogFn; fatal: LogFn; error: LogFn; warn: LogFn; trace: LogFn; } & {}'.

[7m166[0m         apiLogger[level === 'error' || level === 'fatal' ? 'error' : level]({
[7m   [0m [91m        ~~~~~~~~~~~~~~~~~~~~~~~~~~~~~~~~~~~~~~~~~~~~~~~~~~~~~~~~~~~~~~~~~~~[0m

[96msrc/lib/export/global-export.ts[0m:[93m35[0m:[93m45[0m - [91merror[0m[90m TS2345: [0mArgument of type '{ id: string; name: string; servings: number | null; selling_price: number | null; cost_per_unit: number | null; is_active: boolean | null; created_at: string | null; }[]' is not assignable to parameter of type '{ batch_size: number | null; category: string | null; cook_time: number | null; cost_per_unit: number | null; created_at: string | null; created_by: string | null; description: string | null; ... 18 more ...; user_id: string; }[]'.
  Type '{ id: string; name: string; servings: number | null; selling_price: number | null; cost_per_unit: number | null; is_active: boolean | null; created_at: string | null; }' is missing the following properties from type '{ batch_size: number | null; category: string | null; cook_time: number | null; cost_per_unit: number | null; created_at: string | null; created_by: string | null; description: string | null; ... 18 more ...; user_id: string; }': batch_size, category, cook_time, created_by, and 15 more.

[7m35[0m     await this.createRecipesSheet(workbook, recipes)
[7m  [0m [91m                                            ~~~~~~~[0m

[96msrc/lib/export/global-export.ts[0m:[93m36[0m:[93m44[0m - [91merror[0m[90m TS2345: [0mArgument of type '{ id: string; order_no: string; customer_name: string | null; total_amount: number | null; status: "PENDING" | "CONFIRMED" | "IN_PROGRESS" | "READY" | "DELIVERED" | "CANCELLED" | null; order_date: string | null; created_at: string | null; }[]' is not assignable to parameter of type '{ created_at: string | null; created_by: string | null; customer_address: string | null; customer_id: string | null; customer_name: string | null; customer_phone: string | null; ... 19 more ...; user_id: string; }[]'.
  Type '{ id: string; order_no: string; customer_name: string | null; total_amount: number | null; status: "PENDING" | "CONFIRMED" | "IN_PROGRESS" | "READY" | "DELIVERED" | "CANCELLED" | null; order_date: string | null; created_at: string | null; }' is missing the following properties from type '{ created_at: string | null; created_by: string | null; customer_address: string | null; customer_id: string | null; customer_name: string | null; customer_phone: string | null; ... 19 more ...; user_id: string; }': created_by, customer_address, customer_id, customer_phone, and 15 more.

[7m36[0m     await this.createOrdersSheet(workbook, orders)
[7m  [0m [91m                                           ~~~~~~[0m

[96msrc/lib/export/global-export.ts[0m:[93m37[0m:[93m49[0m - [91merror[0m[90m TS2345: [0mArgument of type '{ id: string; name: string; unit: string; current_stock: number | null; min_stock: number | null; weighted_average_cost: number; price_per_unit: number; created_at: string | null; }[]' is not assignable to parameter of type '{ category: string | null; cost_per_batch: number | null; created_at: string | null; created_by: string | null; current_stock: number | null; description: string | null; expiry_date: string | null; ... 19 more ...; weighted_average_cost: number; }[]'.
  Type '{ id: string; name: string; unit: string; current_stock: number | null; min_stock: number | null; weighted_average_cost: number; price_per_unit: number; created_at: string | null; }' is missing the following properties from type '{ category: string | null; cost_per_batch: number | null; created_at: string | null; created_by: string | null; current_stock: number | null; description: string | null; expiry_date: string | null; ... 19 more ...; weighted_average_cost: number; }': category, cost_per_batch, created_by, description, and 15 more.

[7m37[0m     await this.createIngredientsSheet(workbook, ingredients)
[7m  [0m [91m                                                ~~~~~~~~~~~[0m

[96msrc/lib/export/global-export.ts[0m:[93m38[0m:[93m47[0m - [91merror[0m[90m TS2345: [0mArgument of type '{ id: string; name: string; phone: string | null; email: string | null; address: string | null; created_at: string | null; }[]' is not assignable to parameter of type '{ address: string | null; created_at: string | null; created_by: string | null; customer_type: string | null; discount_percentage: number | null; email: string | null; favorite_items: Json; ... 11 more ...; user_id: string; }[]'.
  Type '{ id: string; name: string; phone: string | null; email: string | null; address: string | null; created_at: string | null; }' is missing the following properties from type '{ address: string | null; created_at: string | null; created_by: string | null; customer_type: string | null; discount_percentage: number | null; email: string | null; favorite_items: Json; ... 11 more ...; user_id: string; }': created_by, customer_type, discount_percentage, favorite_items, and 9 more.

[7m38[0m     await this.createCustomersSheet(workbook, customers)
[7m  [0m [91m                                              ~~~~~~~~~[0m

[96msrc/lib/export/global-export.ts[0m:[93m39[0m:[93m55[0m - [91merror[0m[90m TS2345: [0mArgument of type '{ id: string; ingredient_id: string; type: "PURCHASE" | "USAGE" | "ADJUSTMENT" | "WASTE"; quantity: number; unit_price: number | null; created_at: string | null; }[]' is not assignable to parameter of type '{ created_at: string | null; created_by: string | null; id: string; ingredient_id: string; notes: string | null; quantity: number; reference: string | null; total_price: number | null; type: "PURCHASE" | ... 2 more ... | "WASTE"; unit_price: number | null; user_id: string; }[]'.
  Type '{ id: string; ingredient_id: string; type: "PURCHASE" | "USAGE" | "ADJUSTMENT" | "WASTE"; quantity: number; unit_price: number | null; created_at: string | null; }' is missing the following properties from type '{ created_at: string | null; created_by: string | null; id: string; ingredient_id: string; notes: string | null; quantity: number; reference: string | null; total_price: number | null; type: "PURCHASE" | ... 2 more ... | "WASTE"; unit_price: number | null; user_id: string; }': created_by, notes, reference, total_price, user_id

[7m39[0m     await this.createStockTransactionsSheet(workbook, stockTransactions)
[7m  [0m [91m                                                      ~~~~~~~~~~~~~~~~~[0m

[96msrc/lib/export/global-export.ts[0m:[93m40[0m:[93m47[0m - [91merror[0m[90m TS2322: [0mType '{ id: string; name: string; servings: number | null; selling_price: number | null; cost_per_unit: number | null; is_active: boolean | null; created_at: string | null; }[]' is not assignable to type '{ batch_size: number | null; category: string | null; cook_time: number | null; cost_per_unit: number | null; created_at: string | null; created_by: string | null; description: string | null; ... 18 more ...; user_id: string; }[]'.
  Type '{ id: string; name: string; servings: number | null; selling_price: number | null; cost_per_unit: number | null; is_active: boolean | null; created_at: string | null; }' is missing the following properties from type '{ batch_size: number | null; category: string | null; cook_time: number | null; cost_per_unit: number | null; created_at: string | null; created_by: string | null; description: string | null; ... 18 more ...; user_id: string; }': batch_size, category, cook_time, created_by, and 15 more.

[7m40[0m     await this.createSummarySheet(workbook, { recipes, orders, ingredients, customers })
[7m  [0m [91m                                              ~~~~~~~[0m

  [96msrc/lib/export/global-export.ts[0m:[93m302[0m:[93m13[0m
    [7m302[0m     data: { recipes: Recipe[]; orders: Order[]; ingredients: Ingredient[]; customers: Customer[] }
    [7m   [0m [96m            ~~~~~~~[0m
    The expected type comes from property 'recipes' which is declared here on type '{ recipes: { batch_size: number | null; category: string | null; cook_time: number | null; cost_per_unit: number | null; created_at: string | null; created_by: string | null; description: string | null; ... 18 more ...; user_id: string; }[]; orders: { ...; }[]; ingredients: { ...; }[]; customers: { ...; }[]; }'

[96msrc/lib/export/global-export.ts[0m:[93m40[0m:[93m56[0m - [91merror[0m[90m TS2322: [0mType '{ id: string; order_no: string; customer_name: string | null; total_amount: number | null; status: "PENDING" | "CONFIRMED" | "IN_PROGRESS" | "READY" | "DELIVERED" | "CANCELLED" | null; order_date: string | null; created_at: string | null; }[]' is not assignable to type '{ created_at: string | null; created_by: string | null; customer_address: string | null; customer_id: string | null; customer_name: string | null; customer_phone: string | null; ... 19 more ...; user_id: string; }[]'.
  Type '{ id: string; order_no: string; customer_name: string | null; total_amount: number | null; status: "PENDING" | "CONFIRMED" | "IN_PROGRESS" | "READY" | "DELIVERED" | "CANCELLED" | null; order_date: string | null; created_at: string | null; }' is missing the following properties from type '{ created_at: string | null; created_by: string | null; customer_address: string | null; customer_id: string | null; customer_name: string | null; customer_phone: string | null; ... 19 more ...; user_id: string; }': created_by, customer_address, customer_id, customer_phone, and 15 more.

[7m40[0m     await this.createSummarySheet(workbook, { recipes, orders, ingredients, customers })
[7m  [0m [91m                                                       ~~~~~~[0m

  [96msrc/lib/export/global-export.ts[0m:[93m302[0m:[93m32[0m
    [7m302[0m     data: { recipes: Recipe[]; orders: Order[]; ingredients: Ingredient[]; customers: Customer[] }
    [7m   [0m [96m                               ~~~~~~[0m
    The expected type comes from property 'orders' which is declared here on type '{ recipes: { batch_size: number | null; category: string | null; cook_time: number | null; cost_per_unit: number | null; created_at: string | null; created_by: string | null; description: string | null; ... 18 more ...; user_id: string; }[]; orders: { ...; }[]; ingredients: { ...; }[]; customers: { ...; }[]; }'

[96msrc/lib/export/global-export.ts[0m:[93m40[0m:[93m64[0m - [91merror[0m[90m TS2322: [0mType '{ id: string; name: string; unit: string; current_stock: number | null; min_stock: number | null; weighted_average_cost: number; price_per_unit: number; created_at: string | null; }[]' is not assignable to type '{ category: string | null; cost_per_batch: number | null; created_at: string | null; created_by: string | null; current_stock: number | null; description: string | null; expiry_date: string | null; ... 19 more ...; weighted_average_cost: number; }[]'.
  Type '{ id: string; name: string; unit: string; current_stock: number | null; min_stock: number | null; weighted_average_cost: number; price_per_unit: number; created_at: string | null; }' is missing the following properties from type '{ category: string | null; cost_per_batch: number | null; created_at: string | null; created_by: string | null; current_stock: number | null; description: string | null; expiry_date: string | null; ... 19 more ...; weighted_average_cost: number; }': category, cost_per_batch, created_by, description, and 15 more.

[7m40[0m     await this.createSummarySheet(workbook, { recipes, orders, ingredients, customers })
[7m  [0m [91m                                                               ~~~~~~~~~~~[0m

  [96msrc/lib/export/global-export.ts[0m:[93m302[0m:[93m49[0m
    [7m302[0m     data: { recipes: Recipe[]; orders: Order[]; ingredients: Ingredient[]; customers: Customer[] }
    [7m   [0m [96m                                                ~~~~~~~~~~~[0m
    The expected type comes from property 'ingredients' which is declared here on type '{ recipes: { batch_size: number | null; category: string | null; cook_time: number | null; cost_per_unit: number | null; created_at: string | null; created_by: string | null; description: string | null; ... 18 more ...; user_id: string; }[]; orders: { ...; }[]; ingredients: { ...; }[]; customers: { ...; }[]; }'

[96msrc/lib/export/global-export.ts[0m:[93m40[0m:[93m77[0m - [91merror[0m[90m TS2322: [0mType '{ id: string; name: string; phone: string | null; email: string | null; address: string | null; created_at: string | null; }[]' is not assignable to type '{ address: string | null; created_at: string | null; created_by: string | null; customer_type: string | null; discount_percentage: number | null; email: string | null; favorite_items: Json; ... 11 more ...; user_id: string; }[]'.
  Type '{ id: string; name: string; phone: string | null; email: string | null; address: string | null; created_at: string | null; }' is missing the following properties from type '{ address: string | null; created_at: string | null; created_by: string | null; customer_type: string | null; discount_percentage: number | null; email: string | null; favorite_items: Json; ... 11 more ...; user_id: string; }': created_by, customer_type, discount_percentage, favorite_items, and 9 more.

[7m40[0m     await this.createSummarySheet(workbook, { recipes, orders, ingredients, customers })
[7m  [0m [91m                                                                            ~~~~~~~~~[0m

  [96msrc/lib/export/global-export.ts[0m:[93m302[0m:[93m76[0m
    [7m302[0m     data: { recipes: Recipe[]; orders: Order[]; ingredients: Ingredient[]; customers: Customer[] }
    [7m   [0m [96m                                                                           ~~~~~~~~~[0m
    The expected type comes from property 'customers' which is declared here on type '{ recipes: { batch_size: number | null; category: string | null; cook_time: number | null; cost_per_unit: number | null; created_at: string | null; created_by: string | null; description: string | null; ... 18 more ...; user_id: string; }[]; orders: { ...; }[]; ingredients: { ...; }[]; customers: { ...; }[]; }'

[96msrc/lib/export/global-export.ts[0m:[93m182[0m:[93m38[0m - [91merror[0m[90m TS2345: [0mArgument of type 'string | null' is not assignable to parameter of type 'string'.
  Type 'null' is not assignable to type 'string'.

[7m182[0m         status: this.translateStatus(order.status),
[7m   [0m [91m                                     ~~~~~~~~~~~~[0m

[96msrc/lib/ingredients-toast.ts[0m:[93m48[0m:[93m20[0m - [91merror[0m[90m TS2352: [0mConversion of type '{ altText: string; onClick: () => void; children: string; }' to type 'ToastActionElement' may be a mistake because neither type sufficiently overlaps with the other. If this was intentional, convert the expression to 'unknown' first.
  Type '{ altText: string; onClick: () => void; children: string; }' is missing the following properties from type 'ReactElement<ForwardRefExoticComponent<Omit<ToastActionProps & RefAttributes<HTMLButtonElement>, "ref"> & RefAttributes<HTMLButtonElement>>, string | JSXElementConstructor<...>>': type, props, key

[7m 48[0m   action: onUndo ? {
[7m   [0m [91m                   ~[0m
[7m 49[0m     altText: 'Undo',
[7m   [0m [91m~~~~~~~~~~~~~~~~~~~~[0m
[7m...[0m 
[7m 51[0m     children: 'Batalkan'
[7m   [0m [91m~~~~~~~~~~~~~~~~~~~~~~~~[0m
[7m 52[0m   } as ToastActionElement : undefined
[7m   [0m [91m~~~~~~~~~~~~~~~~~~~~~~~~~[0m

[96msrc/lib/logger.ts[0m:[93m40[0m:[93m27[0m - [91merror[0m[90m TS2352: [0mConversion of type 'Error' to type 'Record<string, unknown>' may be a mistake because neither type sufficiently overlaps with the other. If this was intentional, convert the expression to 'unknown' first.
  Index signature for type 'string' is missing in type 'Error'.

[7m40[0m               acc[key] = (err as Record<string, unknown>)[key as keyof Error];
[7m  [0m [91m                          ~~~~~~~~~~~~~~~~~~~~~~~~~~~~~~[0m

[96msrc/lib/notifications/grouping.ts[0m:[93m32[0m:[93m32[0m - [91merror[0m[90m TS2769: [0mNo overload matches this call.
  Overload 1 of 4, '(value: string | number | Date): Date', gave the following error.
    Argument of type 'string | null' is not assignable to parameter of type 'string | number | Date'.
      Type 'null' is not assignable to type 'string | number | Date'.
  Overload 2 of 4, '(value: string | number): Date', gave the following error.
    Argument of type 'string | null' is not assignable to parameter of type 'string | number'.
      Type 'null' is not assignable to type 'string | number'.

[7m32[0m     const createdAt = new Date(notification.created_at).getTime()
[7m  [0m [91m                               ~~~~~~~~~~~~~~~~~~~~~~~[0m


[96msrc/lib/notifications/grouping.ts[0m:[93m47[0m:[93m9[0m - [91merror[0m[90m TS2322: [0mType 'string | null' is not assignable to type 'string'.
  Type 'null' is not assignable to type 'string'.

[7m47[0m         latest_created_at: notification.created_at,
[7m  [0m [91m        ~~~~~~~~~~~~~~~~~[0m

  [96msrc/lib/notifications/grouping.ts[0m:[93m12[0m:[93m3[0m
    [7m12[0m   latest_created_at: string
    [7m  [0m [96m  ~~~~~~~~~~~~~~~~~[0m
    The expected type comes from property 'latest_created_at' which is declared here on type 'GroupedNotification'

[96msrc/lib/notifications/grouping.ts[0m:[93m63[0m:[93m20[0m - [91merror[0m[90m TS2769: [0mNo overload matches this call.
  Overload 1 of 4, '(value: string | number | Date): Date', gave the following error.
    Argument of type 'string | null' is not assignable to parameter of type 'string | number | Date'.
      Type 'null' is not assignable to type 'string | number | Date'.
  Overload 2 of 4, '(value: string | number): Date', gave the following error.
    Argument of type 'string | null' is not assignable to parameter of type 'string | number'.
      Type 'null' is not assignable to type 'string | number'.

[7m63[0m       if (new Date(notification.created_at) > new Date(group.latest_created_at)) {
[7m  [0m [91m                   ~~~~~~~~~~~~~~~~~~~~~~~[0m


[96msrc/lib/notifications/grouping.ts[0m:[93m64[0m:[93m9[0m - [91merror[0m[90m TS2322: [0mType 'string | null' is not assignable to type 'string'.
  Type 'null' is not assignable to type 'string'.

[7m64[0m         group.latest_created_at = notification.created_at
[7m  [0m [91m        ~~~~~~~~~~~~~~~~~~~~~~~[0m

[96msrc/lib/notifications/grouping.ts[0m:[93m86[0m:[93m9[0m - [91merror[0m[90m TS2322: [0mType 'string | null' is not assignable to type 'string'.
  Type 'null' is not assignable to type 'string'.

[7m86[0m         latest_created_at: notification.created_at,
[7m  [0m [91m        ~~~~~~~~~~~~~~~~~[0m

  [96msrc/lib/notifications/grouping.ts[0m:[93m12[0m:[93m3[0m
    [7m12[0m   latest_created_at: string
    [7m  [0m [96m  ~~~~~~~~~~~~~~~~~[0m
    The expected type comes from property 'latest_created_at' which is declared here on type 'GroupedNotification'

[96msrc/lib/notifications/grouping.ts[0m:[93m162[0m:[93m26[0m - [91merror[0m[90m TS2769: [0mNo overload matches this call.
  Overload 1 of 4, '(value: string | number | Date): Date', gave the following error.
    Argument of type 'string | null' is not assignable to parameter of type 'string | number | Date'.
      Type 'null' is not assignable to type 'string | number | Date'.
  Overload 2 of 4, '(value: string | number): Date', gave the following error.
    Argument of type 'string | null' is not assignable to parameter of type 'string | number'.
      Type 'null' is not assignable to type 'string | number'.

[7m162[0m   const time1 = new Date(notif1.created_at).getTime()
[7m   [0m [91m                         ~~~~~~~~~~~~~~~~~[0m


[96msrc/lib/notifications/grouping.ts[0m:[93m163[0m:[93m26[0m - [91merror[0m[90m TS2769: [0mNo overload matches this call.
  Overload 1 of 4, '(value: string | number | Date): Date', gave the following error.
    Argument of type 'string | null' is not assignable to parameter of type 'string | number | Date'.
      Type 'null' is not assignable to type 'string | number | Date'.
  Overload 2 of 4, '(value: string | number): Date', gave the following error.
    Argument of type 'string | null' is not assignable to parameter of type 'string | number'.
      Type 'null' is not assignable to type 'string | number'.

[7m163[0m   const time2 = new Date(notif2.created_at).getTime()
[7m   [0m [91m                         ~~~~~~~~~~~~~~~~~[0m


[96msrc/lib/performance-optimized.ts[0m:[93m53[0m:[93m9[0m - [91merror[0m[90m TS2304: [0mCannot find name 'DependencyList'.

[7m53[0m   deps: DependencyList = []
[7m  [0m [91m        ~~~~~~~~~~~~~~[0m

[96msrc/lib/performance-optimized.ts[0m:[93m97[0m:[93m40[0m - [91merror[0m[90m TS2304: [0mCannot find name 'ReactUIEvent'.

[7m97[0m   const handleScroll = useCallback((e: ReactUIEvent<HTMLDivElement>) => {
[7m  [0m [91m                                       ~~~~~~~~~~~~[0m

[96msrc/lib/performance-optimized.ts[0m:[93m328[0m:[93m20[0m - [91merror[0m[90m TS2345: [0mArgument of type 'string | undefined' is not assignable to parameter of type 'string'.
  Type 'undefined' is not assignable to type 'string'.

[7m328[0m       cache.delete(firstKey)
[7m   [0m [91m                   ~~~~~~~~[0m

[96msrc/lib/performance/web-vitals.tsx[0m:[93m4[0m:[93m24[0m - [91merror[0m[90m TS2305: [0mModule '"web-vitals"' has no exported member 'onFID'.

[7m4[0m import { onCLS, onFCP, onFID, onLCP, onTTFB, type Metric } from 'web-vitals'
[7m [0m [91m                       ~~~~~[0m

[96msrc/lib/performance/web-vitals.tsx[0m:[93m105[0m:[93m46[0m - [91merror[0m[90m TS2769: [0mNo overload matches this call.
  Overload 1 of 2, '(predicate: (value: PerformanceEntry, index: number, array: PerformanceEntry[]) => value is PerformanceEntry, thisArg?: any): PerformanceEntry[]', gave the following error.
    Argument of type '(entry: PerformanceResourceTiming) => boolean' is not assignable to parameter of type '(value: PerformanceEntry, index: number, array: PerformanceEntry[]) => value is PerformanceEntry'.
      Types of parameters 'entry' and 'value' are incompatible.
        Type 'PerformanceEntry' is missing the following properties from type 'PerformanceResourceTiming': connectEnd, connectStart, decodedBodySize, domainLookupEnd, and 15 more.
  Overload 2 of 2, '(predicate: (value: PerformanceEntry, index: number, array: PerformanceEntry[]) => unknown, thisArg?: any): PerformanceEntry[]', gave the following error.
    Argument of type '(entry: PerformanceResourceTiming) => boolean' is not assignable to parameter of type '(value: PerformanceEntry, index: number, array: PerformanceEntry[]) => unknown'.
      Types of parameters 'entry' and 'value' are incompatible.
        Type 'PerformanceEntry' is missing the following properties from type 'PerformanceResourceTiming': connectEnd, connectStart, decodedBodySize, domainLookupEnd, and 15 more.

[7m105[0m         const slowResources = entries.filter((entry: PerformanceResourceTiming) =>
[7m   [0m [91m                                             ~~~~~~~~~~~~~~~~~~~~~~~~~~~~~~~~~~~~~[0m
[7m106[0m             entry.duration > 1000 // Resources taking > 1s
[7m   [0m [91m~~~~~~~~~~~~~~~~~~~~~~~~~~~~~~~~~[0m


[96msrc/lib/services/BusinessContextService.ts[0m:[93m147[0m:[93m5[0m - [91merror[0m[90m TS2322: [0mType '{ id: string; customer_name: string | null; total_amount: number | null; status: "PENDING" | "CONFIRMED" | "IN_PROGRESS" | "READY" | "DELIVERED" | "CANCELLED" | null; created_at: string | null; }[]' is not assignable to type 'OrderSummary[]'.
  Type '{ id: string; customer_name: string | null; total_amount: number | null; status: "PENDING" | "CONFIRMED" | "IN_PROGRESS" | "READY" | "DELIVERED" | "CANCELLED" | null; created_at: string | null; }' is not assignable to type 'OrderSummary'.
    Types of property 'customer_name' are incompatible.
      Type 'string | null' is not assignable to type 'string'.
        Type 'null' is not assignable to type 'string'.

[7m147[0m     return data || [];
[7m   [0m [91m    ~~~~~~[0m

[96msrc/lib/services/BusinessContextService.ts[0m:[93m268[0m:[93m47[0m - [91merror[0m[90m TS2769: [0mNo overload matches this call.
  Overload 1 of 2, '(values: { context_type: string; created_at?: string | undefined; data: Json; expires_at: string; id?: string | undefined; user_id: string; }, options?: { onConflict?: string | undefined; ignoreDuplicates?: boolean | undefined; count?: "exact" | ... 2 more ... | undefined; } | undefined): PostgrestFilterBuilder<...>', gave the following error.
    Type 'BusinessContext' is not assignable to type 'Json'.
      Type 'BusinessContext' is not assignable to type '{ [key: string]: Json | undefined; }'.
        Index signature for type 'string' is missing in type 'BusinessContext'.
  Overload 2 of 2, '(values: { context_type: string; created_at?: string | undefined; data: Json; expires_at: string; id?: string | undefined; user_id: string; }[], options?: { onConflict?: string | undefined; ignoreDuplicates?: boolean | undefined; count?: "exact" | ... 2 more ... | undefined; defaultToNull?: boolean | undefined; } | undefined): PostgrestFilterBuilder<...>', gave the following error.
    Object literal may only specify known properties, and 'user_id' does not exist in type '{ context_type: string; created_at?: string | undefined; data: Json; expires_at: string; id?: string | undefined; user_id: string; }[]'.

[7m268[0m     await supabase.from('chat_context_cache').upsert({
[7m   [0m [91m                                              ~~~~~~[0m

  [96msrc/types/supabase-generated.ts[0m:[93m54[0m:[93m11[0m
    [7m54[0m           data: Json
    [7m  [0m [96m          ~~~~[0m
    The expected type comes from property 'data' which is declared here on type '{ context_type: string; created_at?: string | undefined; data: Json; expires_at: string; id?: string | undefined; user_id: string; }'

[96msrc/lib/services/ChatSessionService.ts[0m:[93m2[0m:[93m10[0m - [91merror[0m[90m TS2614: [0mModule '"@/lib/logger"' has no exported member 'SessionNotFoundError'. Did you mean to use 'import SessionNotFoundError from "@/lib/logger"' instead?

[7m2[0m import { SessionNotFoundError, logger } from '@/lib/logger'
[7m [0m [91m         ~~~~~~~~~~~~~~~~~~~~[0m

[96msrc/lib/services/ChatSessionService.ts[0m:[93m25[0m:[93m8[0m - [91merror[0m[90m TS2769: [0mNo overload matches this call.
  Overload 1 of 2, '(values: { context_snapshot?: Json | undefined; created_at?: string | undefined; deleted_at?: string | null | undefined; id?: string | undefined; title?: string | undefined; updated_at?: string | undefined; user_id: string; }, options?: { ...; } | undefined): PostgrestFilterBuilder<...>', gave the following error.
    Type 'BusinessContext' is not assignable to type 'Json | undefined'.
      Type 'BusinessContext' is not assignable to type '{ [key: string]: Json | undefined; }'.
        Index signature for type 'string' is missing in type 'BusinessContext'.
  Overload 2 of 2, '(values: { context_snapshot?: Json | undefined; created_at?: string | undefined; deleted_at?: string | null | undefined; id?: string | undefined; title?: string | undefined; updated_at?: string | undefined; user_id: string; }[], options?: { ...; } | undefined): PostgrestFilterBuilder<...>', gave the following error.
    Object literal may only specify known properties, and 'user_id' does not exist in type '{ context_snapshot?: Json | undefined; created_at?: string | undefined; deleted_at?: string | null | undefined; id?: string | undefined; title?: string | undefined; updated_at?: string | undefined; user_id: string; }[]'.

[7m25[0m       .insert({
[7m  [0m [91m       ~~~~~~[0m

  [96msrc/types/supabase-generated.ts[0m:[93m115[0m:[93m11[0m
    [7m115[0m           context_snapshot?: Json | null
    [7m   [0m [96m          ~~~~~~~~~~~~~~~~[0m
    The expected type comes from property 'context_snapshot' which is declared here on type '{ context_snapshot?: Json | undefined; created_at?: string | undefined; deleted_at?: string | null | undefined; id?: string | undefined; title?: string | undefined; updated_at?: string | undefined; user_id: string; }'

[96msrc/lib/services/ChatSessionService.ts[0m:[93m39[0m:[93m5[0m - [91merror[0m[90m TS2322: [0mType '{ context_snapshot: Json; created_at: string; deleted_at: string | null; id: string; title: string; updated_at: string; user_id: string; }' is not assignable to type 'ChatSession'.
  Types of property 'context_snapshot' are incompatible.
    Type 'Json' is not assignable to type 'BusinessContext'.
      Type 'null' is not assignable to type 'BusinessContext'.

[7m39[0m     return data;
[7m  [0m [91m    ~~~~~~[0m

[96msrc/lib/services/ChatSessionService.ts[0m:[93m63[0m:[93m5[0m - [91merror[0m[90m TS2322: [0mType '{ context_snapshot: Json; created_at: string; deleted_at: string | null; id: string; title: string; updated_at: string; user_id: string; }' is not assignable to type 'ChatSession'.
  Types of property 'context_snapshot' are incompatible.
    Type 'Json' is not assignable to type 'BusinessContext'.
      Type 'null' is not assignable to type 'BusinessContext'.

[7m63[0m     return data;
[7m  [0m [91m    ~~~~~~[0m

[96msrc/lib/services/ChatSessionService.ts[0m:[93m178[0m:[93m8[0m - [91merror[0m[90m TS2769: [0mNo overload matches this call.
  Overload 1 of 2, '(values: { content: string; created_at?: string | undefined; id?: string | undefined; metadata?: Json | undefined; role: string; session_id: string; }, options?: { count?: "exact" | "planned" | "estimated" | undefined; } | undefined): PostgrestFilterBuilder<...>', gave the following error.
    Type 'Record<string, unknown>' is not assignable to type 'Json | undefined'.
      Type 'Record<string, unknown>' is missing the following properties from type 'Json[]': length, pop, push, concat, and 35 more.
  Overload 2 of 2, '(values: { content: string; created_at?: string | undefined; id?: string | undefined; metadata?: Json | undefined; role: string; session_id: string; }[], options?: { count?: "exact" | "planned" | "estimated" | undefined; defaultToNull?: boolean | undefined; } | undefined): PostgrestFilterBuilder<...>', gave the following error.
    Object literal may only specify known properties, and 'session_id' does not exist in type '{ content: string; created_at?: string | undefined; id?: string | undefined; metadata?: Json | undefined; role: string; session_id: string; }[]'.

[7m178[0m       .insert({
[7m   [0m [91m       ~~~~~~[0m

  [96msrc/types/supabase-generated.ts[0m:[93m82[0m:[93m11[0m
    [7m82[0m           metadata?: Json | null
    [7m  [0m [96m          ~~~~~~~~[0m
    The expected type comes from property 'metadata' which is declared here on type '{ content: string; created_at?: string | undefined; id?: string | undefined; metadata?: Json | undefined; role: string; session_id: string; }'

[96msrc/lib/services/ChatSessionService.ts[0m:[93m198[0m:[93m5[0m - [91merror[0m[90m TS2322: [0mType '{ content: string; created_at: string; id: string; metadata: Json; role: string; session_id: string; }' is not assignable to type 'ChatMessage'.
  Types of property 'role' are incompatible.
    Type 'string' is not assignable to type '"user" | "assistant" | "system"'.

[7m198[0m     return data;
[7m   [0m [91m    ~~~~~~[0m

[96msrc/lib/services/ChatSessionService.ts[0m:[93m226[0m:[93m5[0m - [91merror[0m[90m TS2322: [0mType '{ content: string; created_at: string; id: string; metadata: Json; role: string; session_id: string; }[]' is not assignable to type 'ChatMessage[]'.
  Type '{ content: string; created_at: string; id: string; metadata: Json; role: string; session_id: string; }' is not assignable to type 'ChatMessage'.
    Types of property 'role' are incompatible.
      Type 'string' is not assignable to type '"user" | "assistant" | "system"'.

[7m226[0m     return data || [];
[7m   [0m [91m    ~~~~~~[0m

[96msrc/lib/shared/api-utils.ts[0m:[93m197[0m:[93m5[0m - [91merror[0m[90m TS2698: [0mSpread types may only be created from object types.

[7m197[0m     ...additionalData
[7m   [0m [91m    ~~~~~~~~~~~~~~~~~[0m

[96msrc/lib/shared/api.ts[0m:[93m78[0m:[93m10[0m - [91merror[0m[90m TS2540: [0mCannot assign to 'code' because it is a read-only property.

[7m78[0m     this.code = code
[7m  [0m [91m         ~~~~[0m

[96msrc/lib/shared/api.ts[0m:[93m79[0m:[93m10[0m - [91merror[0m[90m TS2540: [0mCannot assign to 'statusCode' because it is a read-only property.

[7m79[0m     this.statusCode = statusCode
[7m  [0m [91m         ~~~~~~~~~~[0m

[96msrc/lib/shared/api.ts[0m:[93m80[0m:[93m10[0m - [91merror[0m[90m TS2540: [0mCannot assign to 'details' because it is a read-only property.

[7m80[0m     this.details = details
[7m  [0m [91m         ~~~~~~~[0m

[96msrc/lib/shared/api.ts[0m:[93m182[0m:[93m24[0m - [91merror[0m[90m TS18004: [0mNo value exists in scope for the shorthand property 'error'. Either declare one or provide an initializer.

[7m182[0m       apiLogger.warn({ error, attempt: attempt + 1, maxRetries: maxRetries + 1, delay }, 'API call failed, retrying')
[7m   [0m [91m                       ~~~~~[0m

[96msrc/lib/shared/api.ts[0m:[93m252[0m:[93m7[0m - [91merror[0m[90m TS2322: [0mType '{}' is not assignable to type 'T'.
  'T' could be instantiated with an arbitrary type which could be unrelated to '{}'.

[7m252[0m       return cached
[7m   [0m [91m      ~~~~~~[0m

[96msrc/lib/shared/data-management.ts[0m:[93m94[0m:[93m22[0m - [91merror[0m[90m TS2345: [0mArgument of type '{}' is not assignable to parameter of type 'SetStateAction<T | null>'.

[7m94[0m         void setData(cached)
[7m  [0m [91m                     ~~~~~~[0m

[96msrc/lib/shared/data-management.ts[0m:[93m120[0m:[93m22[0m - [91merror[0m[90m TS2345: [0mArgument of type '{}' is not assignable to parameter of type 'SetStateAction<T | null>'.

[7m120[0m         void setData(cached)
[7m   [0m [91m                     ~~~~~~[0m

[96msrc/lib/shared/data-management.ts[0m:[93m428[0m:[93m54[0m - [91merror[0m[90m TS2558: [0mExpected 0 type arguments, but got 1.

[7m428[0m   get: <T = unknown>(key: string) => globalCache.get<T>(key),
[7m   [0m [91m                                                     ~[0m

[96msrc/lib/shared/form-utils.ts[0m:[93m19[0m:[93m3[0m - [91merror[0m[90m TS2322: [0mType 'UseFormReturn<T, any, TFieldValues>' is not assignable to type 'UseFormReturn<T>'.
  Types of property 'handleSubmit' are incompatible.
    Type 'UseFormHandleSubmit<T, TFieldValues>' is not assignable to type 'UseFormHandleSubmit<T, T>'.
      Types of parameters 'onValid' and 'onValid' are incompatible.
        Types of parameters 'data' and 'data' are incompatible.
          Type 'TFieldValues' is not assignable to type 'T'.
            'TFieldValues' is assignable to the constraint of type 'T', but 'T' could be instantiated with a different subtype of constraint 'FieldValues'.

[7m19[0m   return useForm<T>({
[7m  [0m [91m  ~~~~~~[0m

[96msrc/lib/shared/form-utils.ts[0m:[93m20[0m:[93m5[0m - [91merror[0m[90m TS2322: [0mType 'Resolver<FieldValues, any, unknown>' is not assignable to type 'Resolver<T, any, T>'.
  Types of parameters 'options' and 'options' are incompatible.
    Type 'ResolverOptions<T>' is not assignable to type 'ResolverOptions<FieldValues>'.
      Type 'FieldValues' is not assignable to type 'T'.
        'FieldValues' is assignable to the constraint of type 'T', but 'T' could be instantiated with a different subtype of constraint 'FieldValues'.

[7m20[0m     resolver: zodResolver(schema),
[7m  [0m [91m    ~~~~~~~~[0m

[96msrc/lib/shared/form-utils.ts[0m:[93m20[0m:[93m27[0m - [91merror[0m[90m TS2769: [0mNo overload matches this call.
  Overload 1 of 4, '(schema: Zod3Type<unknown, FieldValues>, schemaOptions?: ParseParams | undefined, resolverOptions?: NonRawResolverOptions | undefined): Resolver<...>', gave the following error.
    Argument of type 'ZodType<unknown, unknown, $ZodTypeInternals<unknown, unknown>>' is not assignable to parameter of type 'Zod3Type<unknown, FieldValues>'.
      Types of property '_input' are incompatible.
        Type 'unknown' is not assignable to type 'FieldValues'.
  Overload 2 of 4, '(schema: $ZodType<unknown, FieldValues, $ZodTypeInternals<unknown, FieldValues>>, schemaOptions?: ParseContext<$ZodIssue> | undefined, resolverOptions?: NonRawResolverOptions | undefined): Resolver<...>', gave the following error.
    Argument of type 'ZodType<unknown, unknown, $ZodTypeInternals<unknown, unknown>>' is not assignable to parameter of type '$ZodType<unknown, FieldValues, $ZodTypeInternals<unknown, FieldValues>>'.
      Types of property '_zod' are incompatible.
        Type '$ZodTypeInternals<unknown, unknown>' is not assignable to type '$ZodTypeInternals<unknown, FieldValues>'.
          Type 'unknown' is not assignable to type 'FieldValues'.

[7m20[0m     resolver: zodResolver(schema),
[7m  [0m [91m                          ~~~~~~[0m


[96msrc/lib/shared/performance.ts[0m:[93m103[0m:[93m19[0m - [91merror[0m[90m TS2322: [0mType '{ name: string; value: number; timestamp: number; type: string; }[]' is not assignable to type 'PerformanceMetric[]'.
  Type '{ name: string; value: number; timestamp: number; type: string; }' is not assignable to type 'PerformanceMetric'.
    Types of property 'type' are incompatible.
      Type 'string' is not assignable to type '"mark" | "resource" | "navigation" | "measure" | "paint"'.

[7m103[0m             const newMetrics: PerformanceMetric[] = entries.map(entry => ({
[7m   [0m [91m                  ~~~~~~~~~~[0m

[96msrc/lib/shared/performance.ts[0m:[93m144[0m:[93m13[0m - [91merror[0m[90m TS2322: [0mType 'string' is not assignable to type '"mark" | "resource" | "navigation" | "measure" | "paint"'.

[7m144[0m             type: entry.entryType
[7m   [0m [91m            ~~~~[0m

  [96msrc/lib/shared/performance.ts[0m:[93m17[0m:[93m3[0m
    [7m17[0m   type: 'measure' | 'mark' | 'navigation' | 'resource' | 'paint'
    [7m  [0m [96m  ~~~~[0m
    The expected type comes from property 'type' which is declared here on type 'PerformanceMetric'

[96msrc/lib/shared/performance.ts[0m:[93m314[0m:[93m142[0m - [91merror[0m[90m TS2304: [0mCannot find name 'NetworkInformation'.

[7m314[0m       const connection = (navigator as any).connection || (navigator as any).mozConnection || (navigator as Navigator & { webkitConnection?: NetworkInformation }).webkitConnection
[7m   [0m [91m                                                                                                                                             ~~~~~~~~~~~~~~~~~~[0m

[96msrc/lib/shared/performance.ts[0m:[93m335[0m:[93m59[0m - [91merror[0m[90m TS2304: [0mCannot find name 'NetworkInformation'.

[7m335[0m       const connection = (navigator as any).connection as NetworkInformation
[7m   [0m [91m                                                          ~~~~~~~~~~~~~~~~~~[0m

[96msrc/lib/shared/performance.ts[0m:[93m344[0m:[93m61[0m - [91merror[0m[90m TS2304: [0mCannot find name 'NetworkInformation'.

[7m344[0m         const connection = (navigator as any).connection as NetworkInformation
[7m   [0m [91m                                                            ~~~~~~~~~~~~~~~~~~[0m

[96msrc/lib/shared/table-utils.ts[0m:[93m48[0m:[93m9[0m - [91merror[0m[90m TS18046: [0m'aValue' is of type 'unknown'.

[7m48[0m     if (aValue < bValue) {return direction === 'asc' ? -1 : 1}
[7m  [0m [91m        ~~~~~~[0m

[96msrc/lib/shared/table-utils.ts[0m:[93m48[0m:[93m18[0m - [91merror[0m[90m TS18046: [0m'bValue' is of type 'unknown'.

[7m48[0m     if (aValue < bValue) {return direction === 'asc' ? -1 : 1}
[7m  [0m [91m                 ~~~~~~[0m

[96msrc/lib/shared/table-utils.ts[0m:[93m49[0m:[93m9[0m - [91merror[0m[90m TS18046: [0m'aValue' is of type 'unknown'.

[7m49[0m     if (aValue > bValue) {return direction === 'asc' ? 1 : -1}
[7m  [0m [91m        ~~~~~~[0m

[96msrc/lib/shared/table-utils.ts[0m:[93m49[0m:[93m18[0m - [91merror[0m[90m TS18046: [0m'bValue' is of type 'unknown'.

[7m49[0m     if (aValue > bValue) {return direction === 'asc' ? 1 : -1}
[7m  [0m [91m                 ~~~~~~[0m

[96msrc/lib/shared/table-utils.ts[0m:[93m343[0m:[93m23[0m - [91merror[0m[90m TS2315: [0mType 'UIEvent' is not generic.

[7m343[0m     onScroll: (event: UIEvent<HTMLDivElement>) => {
[7m   [0m [91m                      ~~~~~~~~~~~~~~~~~~~~~~~[0m

[96msrc/lib/shared/theme.ts[0m:[93m130[0m:[93m12[0m - [91merror[0m[90m TS7053: [0mElement implicitly has an 'any' type because expression of type '100 | 500 | 50 | 400 | 200 | 300 | 800 | 600 | 900 | 700 | 950' can't be used to index type '{ readonly 50: "#eff6ff"; readonly 100: "#dbeafe"; readonly 200: "#bfdbfe"; readonly 300: "#93c5fd"; readonly 400: "#60a5fa"; readonly 500: "#3b82f6"; readonly 600: "#2563eb"; readonly 700: "#1d4ed8"; readonly 800: "#1e40af"; readonly 900: "#1e3a8a"; readonly 950: "#172554"; } | ... 4 more ... | { ...; }'.
  Property '100' does not exist on type '{ readonly 50: "#eff6ff"; readonly 100: "#dbeafe"; readonly 200: "#bfdbfe"; readonly 300: "#93c5fd"; readonly 400: "#60a5fa"; readonly 500: "#3b82f6"; readonly 600: "#2563eb"; readonly 700: "#1d4ed8"; readonly 800: "#1e40af"; readonly 900: "#1e3a8a"; readonly 950: "#172554"; } | ... 4 more ... | { ...; }'.

[7m130[0m     return colorGroup[shade] || colorGroup[500]
[7m   [0m [91m           ~~~~~~~~~~~~~~~~~[0m

[96msrc/lib/shared/theme.ts[0m:[93m130[0m:[93m33[0m - [91merror[0m[90m TS7053: [0mElement implicitly has an 'any' type because expression of type '500' can't be used to index type '{ readonly 50: "#eff6ff"; readonly 100: "#dbeafe"; readonly 200: "#bfdbfe"; readonly 300: "#93c5fd"; readonly 400: "#60a5fa"; readonly 500: "#3b82f6"; readonly 600: "#2563eb"; readonly 700: "#1d4ed8"; readonly 800: "#1e40af"; readonly 900: "#1e3a8a"; readonly 950: "#172554"; } | ... 4 more ... | { ...; }'.
  Property '500' does not exist on type '{ readonly 50: "#eff6ff"; readonly 100: "#dbeafe"; readonly 200: "#bfdbfe"; readonly 300: "#93c5fd"; readonly 400: "#60a5fa"; readonly 500: "#3b82f6"; readonly 600: "#2563eb"; readonly 700: "#1d4ed8"; readonly 800: "#1e40af"; readonly 900: "#1e3a8a"; readonly 950: "#172554"; } | ... 4 more ... | { ...; }'.

[7m130[0m     return colorGroup[shade] || colorGroup[500]
[7m   [0m [91m                                ~~~~~~~~~~~~~~~[0m

[96msrc/lib/supabase-client.ts[0m:[93m18[0m:[93m38[0m - [91merror[0m[90m TS2304: [0mCannot find name 'Tables'.

[7m18[0m type TableRow<T extends TableName> = Tables<T>
[7m  [0m [91m                                     ~~~~~~[0m

[96msrc/lib/supabase-client.ts[0m:[93m19[0m:[93m41[0m - [91merror[0m[90m TS2552: [0mCannot find name 'TablesInsert'. Did you mean 'TableInsert'?

[7m19[0m type TableInsert<T extends TableName> = TablesInsert<T>
[7m  [0m [91m                                        ~~~~~~~~~~~~[0m

[96msrc/lib/supabase-client.ts[0m:[93m20[0m:[93m41[0m - [91merror[0m[90m TS2304: [0mCannot find name 'TablesUpdate'.

[7m20[0m type TableUpdate<T extends TableName> = TablesUpdate<T>
[7m  [0m [91m                                        ~~~~~~~~~~~~[0m

[96msrc/lib/supabase-client.ts[0m:[93m78[0m:[93m15[0m - [91merror[0m[90m TS2345: [0mArgument of type 'string' is not assignable to parameter of type '("id" extends keyof { app_settings: { Row: { created_at: string | null; id: string; settings_data: Json; updated_at: string | null; user_id: string; }; Insert: { created_at?: string | null | undefined; id?: string | undefined; settings_data: Json; updated_at?: string | ... 1 more ... | undefined; user_id: string; };...'.

[7m78[0m     .eq('id', id)
[7m  [0m [91m              ~~[0m

[96msrc/lib/supabase-client.ts[0m:[93m109[0m:[93m15[0m - [91merror[0m[90m TS2345: [0mArgument of type 'string' is not assignable to parameter of type '("id" extends keyof { app_settings: { Row: { created_at: string | null; id: string; settings_data: Json; updated_at: string | null; user_id: string; }; Insert: { created_at?: string | null | undefined; id?: string | undefined; settings_data: Json; updated_at?: string | ... 1 more ... | undefined; user_id: string; };...'.

[7m109[0m     .eq('id', id)
[7m   [0m [91m              ~~[0m

[96msrc/lib/supabase-client.ts[0m:[93m152[0m:[93m48[0m - [91merror[0m[90m TS2345: [0mArgument of type '{}' is not assignable to parameter of type '(string extends keyof { app_settings: { Row: { created_at: string | null; id: string; settings_data: Json; updated_at: string | null; user_id: string; }; Insert: { created_at?: string | ... 1 more ... | undefined; id?: string | undefined; settings_data: Json; updated_at?: string | ... 1 more ... | undefined; user_id...'.

[7m152[0m         queryBuilder = queryBuilder.eq(column, value)
[7m   [0m [91m                                               ~~~~~[0m

[96msrc/lib/supabase/type-helpers.ts[0m:[93m24[0m:[93m13[0m - [91merror[0m[90m TS2769: [0mNo overload matches this call.
  Overload 1 of 2, '(values: { app_settings: { Row: { created_at: string | null; id: string; settings_data: Json; updated_at: string | null; user_id: string; }; Insert: { created_at?: string | null | undefined; id?: string | undefined; settings_data: Json; updated_at?: string | ... 1 more ... | undefined; user_id: string; }; Update: { ...; }; Relationships: []; }; ... 36 more ...; whatsapp_templates: { ...; }; }[T] extends { ...; } ? { ...; }[T]["Insert"] : never, options?: { ...; } | undefined): PostgrestFilterBuilder<...>', gave the following error.
    Argument of type '{ app_settings: { Row: { created_at: string | null; id: string; settings_data: import("/Users/mymac/Projects/HeyTrack/src/types/supabase-generated").Json; updated_at: string | null; user_id: string; }; Insert: { ...; }; Update: { ...; }; Relationships: []; }; ... 36 more ...; whatsapp_templates: { ...; }; }[T]["Inse...' is not assignable to parameter of type '{ app_settings: { Row: { created_at: string | null; id: string; settings_data: import("/Users/mymac/Projects/HeyTrack/src/types/supabase-generated").Json; updated_at: string | null; user_id: string; }; Insert: { ...; }; Update: { ...; }; Relationships: []; }; ... 36 more ...; whatsapp_templates: { ...; }; }[T] exten...'.
      Type '{ created_at?: string | null | undefined; id?: string | undefined; settings_data: Json; updated_at?: string | null | undefined; user_id: string; } | { context_type: string; created_at?: string | undefined; data: Json; expires_at: string; id?: string | undefined; user_id: string; } | ... 35 more ... | { ...; }' is not assignable to type '{ app_settings: { Row: { created_at: string | null; id: string; settings_data: Json; updated_at: string | null; user_id: string; }; Insert: { created_at?: string | null | undefined; id?: string | undefined; settings_data: Json; updated_at?: string | ... 1 more ... | undefined; user_id: string; }; Update: { ...; }; R...'.
        Type '{ created_at?: string | null | undefined; id?: string | undefined; settings_data: Json; updated_at?: string | null | undefined; user_id: string; }' is not assignable to type '{ app_settings: { Row: { created_at: string | null; id: string; settings_data: Json; updated_at: string | null; user_id: string; }; Insert: { created_at?: string | null | undefined; id?: string | undefined; settings_data: Json; updated_at?: string | ... 1 more ... | undefined; user_id: string; }; Update: { ...; }; R...'.
  Overload 2 of 2, '(values: ({ app_settings: { Row: { created_at: string | null; id: string; settings_data: Json; updated_at: string | null; user_id: string; }; Insert: { created_at?: string | null | undefined; id?: string | undefined; settings_data: Json; updated_at?: string | ... 1 more ... | undefined; user_id: string; }; Update: { ...; }; Relationships: []; }; ... 36 more ...; whatsapp_templates: { ...; }; }[T] extends { ...; } ? { ...; }[T]["Insert"] : never)[], options?: { ...; } | undefined): PostgrestFilterBuilder<...>', gave the following error.
    Argument of type '{ created_at?: string | null | undefined; id?: string | undefined; settings_data: Json; updated_at?: string | null | undefined; user_id: string; } | { context_type: string; created_at?: string | undefined; data: Json; expires_at: string; id?: string | undefined; user_id: string; } | ... 35 more ... | { ...; }' is not assignable to parameter of type '({ app_settings: { Row: { created_at: string | null; id: string; settings_data: Json; updated_at: string | null; user_id: string; }; Insert: { created_at?: string | null | undefined; id?: string | undefined; settings_data: Json; updated_at?: string | ... 1 more ... | undefined; user_id: string; }; Update: { ...; }; ...'.
      Type '{ created_at?: string | null | undefined; id?: string | undefined; settings_data: Json; updated_at?: string | null | undefined; user_id: string; }' is missing the following properties from type '({ app_settings: { Row: { created_at: string | null; id: string; settings_data: Json; updated_at: string | null; user_id: string; }; Insert: { created_at?: string | null | undefined; id?: string | undefined; settings_data: Json; updated_at?: string | ... 1 more ... | undefined; user_id: string; }; Update: { ...; }; ...': length, pop, push, concat, and 35 more.

[7m24[0m     .insert(data)
[7m  [0m [91m            ~~~~[0m


[96msrc/lib/supabase/type-helpers.ts[0m:[93m37[0m:[93m13[0m - [91merror[0m[90m TS2345: [0mArgument of type '{ app_settings: { Row: { created_at: string | null; id: string; settings_data: import("/Users/mymac/Projects/HeyTrack/src/types/supabase-generated").Json; updated_at: string | null; user_id: string; }; Insert: { ...; }; Update: { ...; }; Relationships: []; }; ... 36 more ...; whatsapp_templates: { ...; }; }[T]["Upda...' is not assignable to parameter of type '{ app_settings: { Row: { created_at: string | null; id: string; settings_data: import("/Users/mymac/Projects/HeyTrack/src/types/supabase-generated").Json; updated_at: string | null; user_id: string; }; Insert: { ...; }; Update: { ...; }; Relationships: []; }; ... 36 more ...; whatsapp_templates: { ...; }; }[T] exten...'.
  Type '{ created_at?: string | null | undefined; id?: string | undefined; settings_data?: Json | undefined; updated_at?: string | null | undefined; user_id?: string | undefined; } | ... 36 more ... | { ...; }' is not assignable to type '{ app_settings: { Row: { created_at: string | null; id: string; settings_data: Json; updated_at: string | null; user_id: string; }; Insert: { created_at?: string | null | undefined; id?: string | undefined; settings_data: Json; updated_at?: string | ... 1 more ... | undefined; user_id: string; }; Update: { ...; }; R...'.
    Type '{ created_at?: string | null | undefined; id?: string | undefined; settings_data?: Json | undefined; updated_at?: string | null | undefined; user_id?: string | undefined; }' is not assignable to type '{ app_settings: { Row: { created_at: string | null; id: string; settings_data: Json; updated_at: string | null; user_id: string; }; Insert: { created_at?: string | null | undefined; id?: string | undefined; settings_data: Json; updated_at?: string | ... 1 more ... | undefined; user_id: string; }; Update: { ...; }; R...'.

[7m37[0m     .update(data)
[7m  [0m [91m            ~~~~[0m

[96msrc/lib/validations/cache.ts[0m:[93m82[0m:[93m7[0m - [91merror[0m[90m TS2322: [0mType 'ValidationCacheEntry<unknown>' is not assignable to type 'ValidationCacheEntry<T>'.
  Type 'unknown' is not assignable to type 'T'.
    'T' could be instantiated with an arbitrary type which could be unrelated to 'unknown'.

[7m82[0m       return entry
[7m  [0m [91m      ~~~~~~[0m

[96msrc/lib/validations/domains/common.ts[0m:[93m82[0m:[93m14[0m - [91merror[0m[90m TS2554: [0mExpected 2-3 arguments, but got 1.

[7m82[0m   updates: z.record(z.unknown()),
[7m  [0m [91m             ~~~~~~[0m

  [96mnode_modules/.pnpm/zod@4.1.12/node_modules/zod/v4/classic/schemas.d.cts[0m:[93m482[0m:[93m107[0m
    [7m482[0m export declare function record<Key extends core.$ZodRecordKey, Value extends core.SomeType>(keyType: Key, valueType: Value, params?: string | core.$ZodRecordParams): ZodRecord<Key, Value>;
    [7m   [0m [96m                                                                                                          ~~~~~~~~~~~~~~~~[0m
    An argument for 'valueType' was not provided.

[96msrc/lib/validations/domains/common.ts[0m:[93m93[0m:[93m14[0m - [91merror[0m[90m TS2554: [0mExpected 2-3 arguments, but got 1.

[7m93[0m   filters: z.record(z.any()).optional(),
[7m  [0m [91m             ~~~~~~[0m

  [96mnode_modules/.pnpm/zod@4.1.12/node_modules/zod/v4/classic/schemas.d.cts[0m:[93m482[0m:[93m107[0m
    [7m482[0m export declare function record<Key extends core.$ZodRecordKey, Value extends core.SomeType>(keyType: Key, valueType: Value, params?: string | core.$ZodRecordParams): ZodRecord<Key, Value>;
    [7m   [0m [96m                                                                                                          ~~~~~~~~~~~~~~~~[0m
    An argument for 'valueType' was not provided.

[96msrc/lib/validations/domains/customer-helpers.ts[0m:[93m66[0m:[93m68[0m - [91merror[0m[90m TS2304: [0mCannot find name 'CustomerInsert'.

[7m66[0m   static validateInsert(data: unknown): { success: boolean; data?: CustomerInsert; errors?: string[] } {
[7m  [0m [91m                                                                   ~~~~~~~~~~~~~~[0m

[96msrc/lib/validations/domains/customer-helpers.ts[0m:[93m82[0m:[93m68[0m - [91merror[0m[90m TS2304: [0mCannot find name 'CustomerUpdate'.

[7m82[0m   static validateUpdate(data: unknown): { success: boolean; data?: CustomerUpdate; errors?: string[] } {
[7m  [0m [91m                                                                   ~~~~~~~~~~~~~~[0m

[96msrc/lib/validations/domains/customer-helpers.ts[0m:[93m119[0m:[93m12[0m - [91merror[0m[90m TS2304: [0mCannot find name 'CustomerInsert'.

[7m119[0m     valid: CustomerInsert[]
[7m   [0m [91m           ~~~~~~~~~~~~~~[0m

[96msrc/lib/validations/domains/customer-helpers.ts[0m:[93m122[0m:[93m18[0m - [91merror[0m[90m TS2304: [0mCannot find name 'CustomerInsert'.

[7m122[0m     const valid: CustomerInsert[] = []
[7m   [0m [91m                 ~~~~~~~~~~~~~~[0m

[96msrc/lib/validations/domains/notification.ts[0m:[93m16[0m:[93m15[0m - [91merror[0m[90m TS2554: [0mExpected 2-3 arguments, but got 1.

[7m16[0m   metadata: z.record(z.unknown()).optional(),
[7m  [0m [91m              ~~~~~~[0m

  [96mnode_modules/.pnpm/zod@4.1.12/node_modules/zod/v4/classic/schemas.d.cts[0m:[93m482[0m:[93m107[0m
    [7m482[0m export declare function record<Key extends core.$ZodRecordKey, Value extends core.SomeType>(keyType: Key, valueType: Value, params?: string | core.$ZodRecordParams): ZodRecord<Key, Value>;
    [7m   [0m [96m                                                                                                          ~~~~~~~~~~~~~~~~[0m
    An argument for 'valueType' was not provided.

[96msrc/lib/validations/domains/recipe-helpers.ts[0m:[93m209[0m:[93m20[0m - [91merror[0m[90m TS2345: [0mArgument of type '{ name: string; servings: number; difficulty: "EASY" | "MEDIUM" | "HARD"; ingredients: { ingredient_id: string; quantity: number; unit: string; notes?: string | null | undefined; }[]; description?: string | ... 1 more ... | undefined; ... 11 more ...; instructions?: { ...; }[] | undefined; } | undefined' is not assignable to parameter of type 'Record<string, unknown>'.
  Type 'undefined' is not assignable to type 'Record<string, unknown>'.

[7m209[0m         valid.push(result.data)
[7m   [0m [91m                   ~~~~~~~~~~~[0m

[96msrc/modules/charts/components/LazyCharts.tsx[0m:[93m144[0m:[93m3[0m - [91merror[0m[90m TS7027: [0mUnreachable code detected.

[7m144[0m   return fallback
[7m   [0m [91m  ~~~~~~[0m

[96msrc/modules/hpp/components/HppCostTrendsChart.tsx[0m:[93m8[0m:[93m28[0m - [91merror[0m[90m TS2459: [0mModule '"@/hooks/useCurrency"' declares 'Currency' locally, but it is not exported.

[7m8[0m import { useCurrency, type Currency } from '@/hooks/useCurrency'
[7m [0m [91m                           ~~~~~~~~[0m

  [96msrc/hooks/useCurrency.ts[0m:[93m2[0m:[93m15[0m
    [7m2[0m import type { Currency } from '@/shared'
    [7m [0m [96m              ~~~~~~~~[0m
    'Currency' is declared here.

[96msrc/modules/hpp/components/HppCostTrendsChart.tsx[0m:[93m93[0m:[93m15[0m - [91merror[0m[90m TS2322: [0mType '(value: number, name: string) => [string, string]' is not assignable to type 'Formatter<ValueType, NameType>'.
  Types of parameters 'value' and 'value' are incompatible.
    Type 'ValueType' is not assignable to type 'number'.
      Type 'string' is not assignable to type 'number'.

[7m93[0m               formatter={(value: number, name: string) => [formatCurrencyValue(value), legendLabel(name)]}
[7m  [0m [91m              ~~~~~~~~~[0m

  [96mnode_modules/.pnpm/recharts@3.3.0_@types+react@18.3.26_react-dom@18.3.1_react@18.3.1__react-is@18.3.1_react@18.3.1_redux@5.0.1/node_modules/recharts/types/component/DefaultTooltipContent.d.ts[0m:[93m33[0m:[93m5[0m
    [7m33[0m     formatter?: Formatter<TValue, TName>;
    [7m  [0m [96m    ~~~~~~~~~[0m
    The expected type comes from property 'formatter' which is declared here on type 'IntrinsicAttributes & Omit<Props<ValueType, NameType>, PropertiesReadFromContext> & { ...; }'

[96msrc/modules/hpp/components/UnifiedHppPage.tsx[0m:[93m31[0m:[93m5[0m - [91merror[0m[90m TS2339: [0mProperty 'markAlertAsRead' does not exist on type 'UseUnifiedHppReturn'.

[7m31[0m     markAlertAsRead
[7m  [0m [91m    ~~~~~~~~~~~~~~~[0m

[96msrc/modules/inventory/components/BulkImportWizard.tsx[0m:[93m188[0m:[93m114[0m - [91merror[0m[90m TS2304: [0mCannot find name 'getStepCircleClasses'.

[7m188[0m                             <div className={`w-10 h-10 rounded-full flex items-center justify-center font-bold ${getStepCircleClasses(index, currentIndex)}`}>
[7m   [0m [91m                                                                                                                 ~~~~~~~~~~~~~~~~~~~~[0m

[96msrc/modules/inventory/components/BulkImportWizard.tsx[0m:[93m194[0m:[93m64[0m - [91merror[0m[90m TS2304: [0mCannot find name 'getStepConnectorClasses'.

[7m194[0m                             <div className={`h-1 flex-1 mx-2 ${getStepConnectorClasses(index, currentIndex)}`} />
[7m   [0m [91m                                                               ~~~~~~~~~~~~~~~~~~~~~~~[0m

[96msrc/modules/inventory/services/InventoryNotificationService.ts[0m:[93m22[0m:[93m43[0m - [91merror[0m[90m TS2345: [0mArgument of type '"min_stock"' is not assignable to parameter of type '"calculate_ingredient_wac" | "calculate_recipe_hpp" | "clean_old_logs" | "cleanup_expired_context_cache" | "create_default_whatsapp_templates" | "decrement_ingredient_stock" | ... 14 more ... | "validate_data_integrity"'.

[7m22[0m         .lt('current_stock', supabase.rpc('min_stock'))
[7m  [0m [91m                                          ~~~~~~~~~~~[0m

[96msrc/modules/notifications/services/NotificationService.ts[0m:[93m29[0m:[93m9[0m - [91merror[0m[90m TS2322: [0mType 'Record<string, unknown>' is not assignable to type 'Json | undefined'.
  Type 'Record<string, unknown>' is missing the following properties from type 'Json[]': length, pop, push, concat, and 35 more.

[7m29[0m         metadata: params.metadata || {},
[7m  [0m [91m        ~~~~~~~~[0m

  [96msrc/types/supabase-generated.ts[0m:[93m1185[0m:[93m11[0m
    [7m1185[0m           metadata?: Json | null
    [7m    [0m [96m          ~~~~~~~~[0m
    The expected type comes from property 'metadata' which is declared here on type '{ action_url?: string | null | undefined; category: string; created_at?: string | null | undefined; entity_id?: string | null | undefined; entity_type?: string | null | undefined; expires_at?: string | ... 1 more ... | undefined; ... 9 more ...; user_id?: string | ... 1 more ... | undefined; }'

[96msrc/modules/orders/components/OrderForm/index.tsx[0m:[93m298[0m:[93m25[0m - [91merror[0m[90m TS2322: [0mType 'FormState' is not assignable to type 'CustomerFormData'.
  Types of property 'priority' are incompatible.
    Type 'string | null' is not assignable to type 'string'.
      Type 'null' is not assignable to type 'string'.

[7m298[0m                         formData={formData}
[7m   [0m [91m                        ~~~~~~~~[0m

  [96msrc/modules/orders/components/OrderForm/CustomerSection.tsx[0m:[93m29[0m:[93m5[0m
    [7m29[0m     formData: CustomerFormData
    [7m  [0m [96m    ~~~~~~~~[0m
    The expected type comes from property 'formData' which is declared here on type 'IntrinsicAttributes & CustomerSectionProps'

[96msrc/modules/orders/components/OrderForm/index.tsx[0m:[93m322[0m:[93m25[0m - [91merror[0m[90m TS2322: [0mType '<K extends keyof FormState>(field: K, value: FormState[K]) => void' is not assignable to type '<K extends DeliveryField>(field: K, value: DeliveryFormData[K]) => void'.
  Types of parameters 'value' and 'value' are incompatible.
    Type 'DeliveryFormData[K]' is not assignable to type 'FormState[K]'.
      Type 'DeliveryFormData' is missing the following properties from type 'FormState': customer_name, customer_phone, customer_address, order_date, and 5 more.

[7m322[0m                         onInputChange={handleInputChange}
[7m   [0m [91m                        ~~~~~~~~~~~~~[0m

  [96msrc/modules/orders/components/OrderForm/DeliverySection.tsx[0m:[93m25[0m:[93m5[0m
    [7m25[0m     onInputChange: <K extends DeliveryField>(field: K, value: DeliveryFormData[K]) => void
    [7m  [0m [96m    ~~~~~~~~~~~~~[0m
    The expected type comes from property 'onInputChange' which is declared here on type 'IntrinsicAttributes & DeliverySectionProps'

[96msrc/modules/orders/components/OrderForm/index.tsx[0m:[93m334[0m:[93m25[0m - [91merror[0m[90m TS2322: [0mType '<K extends keyof FormState>(field: K, value: FormState[K]) => void' is not assignable to type '<K extends PaymentField>(field: K, value: PaymentFormData[K]) => void'.
  Types of parameters 'value' and 'value' are incompatible.
    Type 'PaymentFormData[K]' is not assignable to type 'FormState[K]'.
      Type 'PaymentFormData' is missing the following properties from type 'FormState': customer_name, customer_phone, customer_address, order_date, and 6 more.

[7m334[0m                         onInputChange={handleInputChange}
[7m   [0m [91m                        ~~~~~~~~~~~~~[0m

  [96msrc/modules/orders/components/OrderForm/PaymentSection.tsx[0m:[93m31[0m:[93m5[0m
    [7m31[0m     onInputChange: <K extends PaymentField>(field: K, value: PaymentFormData[K]) => void
    [7m  [0m [96m    ~~~~~~~~~~~~~[0m
    The expected type comes from property 'onInputChange' which is declared here on type 'IntrinsicAttributes & PaymentSectionProps'

[96msrc/modules/orders/components/OrdersPage/OrderCard.tsx[0m:[93m60[0m:[93m53[0m - [91merror[0m[90m TS7053: [0mElement implicitly has an 'any' type because expression of type 'string' can't be used to index type 'Record<PaymentStatus, string>'.
  No index signature with a parameter of type 'string' was found on type 'Record<PaymentStatus, string>'.

[7m60[0m                             {order.payment_status ? PAYMENT_STATUS_LABELS[order.payment_status] : 'N/A'}
[7m  [0m [91m                                                    ~~~~~~~~~~~~~~~~~~~~~~~~~~~~~~~~~~~~~~~~~~~[0m

[96msrc/modules/orders/services/PricingAssistantService.ts[0m:[93m60[0m:[93m32[0m - [91merror[0m[90m TS2339: [0mProperty 'selling_price' does not exist on type 'never'.

[7m60[0m       const hppValue = (recipe.selling_price || 0) * 0.7 // Estimate 70% cost
[7m  [0m [91m                               ~~~~~~~~~~~~~[0m

[96msrc/modules/orders/services/PricingAssistantService.ts[0m:[93m71[0m:[93m16[0m - [91merror[0m[90m TS2339: [0mProperty 'selling_price' does not exist on type 'never'.

[7m71[0m         recipe.selling_price || 0,
[7m  [0m [91m               ~~~~~~~~~~~~~[0m

[96msrc/modules/orders/services/PricingAssistantService.ts[0m:[93m81[0m:[93m30[0m - [91merror[0m[90m TS2339: [0mProperty 'selling_price' does not exist on type 'never'.

[7m81[0m         currentPrice: recipe.selling_price || 0,
[7m  [0m [91m                             ~~~~~~~~~~~~~[0m

[96msrc/modules/orders/services/PricingAssistantService.ts[0m:[93m119[0m:[93m59[0m - [91merror[0m[90m TS2339: [0mProperty 'selling_price' does not exist on type 'never'.

[7m119[0m       const competitorPrices = similarRecipes?.map(r => r.selling_price || 0) || []
[7m   [0m [91m                                                          ~~~~~~~~~~~~~[0m

[96msrc/modules/orders/services/PricingAssistantService.ts[0m:[93m388[0m:[93m26[0m - [91merror[0m[90m TS2339: [0mProperty 'selling_price' does not exist on type 'never'.

[7m388[0m         ?.filter(r => (r.selling_price || 0) < 50000)
[7m   [0m [91m                         ~~~~~~~~~~~~~[0m

[96msrc/modules/orders/services/PricingAssistantService.ts[0m:[93m390[0m:[93m23[0m - [91merror[0m[90m TS2339: [0mProperty 'id' does not exist on type 'never'.

[7m390[0m           recipeId: r.id,
[7m   [0m [91m                      ~~[0m

[96msrc/modules/orders/services/PricingAssistantService.ts[0m:[93m391[0m:[93m25[0m - [91merror[0m[90m TS2339: [0mProperty 'name' does not exist on type 'never'.

[7m391[0m           recipeName: r.name,
[7m   [0m [91m                        ~~~~[0m

[96msrc/modules/orders/services/RecipeAvailabilityService.ts[0m:[93m84[0m:[93m62[0m - [91merror[0m[90m TS2345: [0mArgument of type '{ ingredient: { id: string; name: string; current_stock: number | null; reorder_point: number | null; is_active: boolean | null; }; quantity: number; unit: string; }[]' is not assignable to parameter of type '{ quantity: number; ingredient: { is_active: boolean; current_stock: number | null; reorder_point: number | null; } | null; }[]'.
  Type '{ ingredient: { id: string; name: string; current_stock: number | null; reorder_point: number | null; is_active: boolean | null; }; quantity: number; unit: string; }' is not assignable to type '{ quantity: number; ingredient: { is_active: boolean; current_stock: number | null; reorder_point: number | null; } | null; }'.
    The types of 'ingredient.is_active' are incompatible between these types.
      Type 'boolean | null' is not assignable to type 'boolean'.
        Type 'null' is not assignable to type 'boolean'.

[7m84[0m         const isAvailable = this.checkIngredientAvailability(recipeIngredients)
[7m  [0m [91m                                                             ~~~~~~~~~~~~~~~~~[0m

[96msrc/modules/orders/services/RecipeRecommendationService.ts[0m:[93m111[0m:[93m38[0m - [91merror[0m[90m TS2339: [0mProperty 'selling_price' does not exist on type '{ id: string; name: string; category: string | null; price: number | null; }'.

[7m111[0m           selling_price: data.recipe.selling_price || 0,
[7m   [0m [91m                                     ~~~~~~~~~~~~~[0m

[96msrc/modules/orders/services/RecipeRecommendationService.ts[0m:[93m112[0m:[93m38[0m - [91merror[0m[90m TS2339: [0mProperty 'cost_per_unit' does not exist on type '{ id: string; name: string; category: string | null; price: number | null; }'.

[7m112[0m           cost_per_unit: data.recipe.cost_per_unit || null,
[7m   [0m [91m                                     ~~~~~~~~~~~~~[0m

[96msrc/modules/orders/services/RecipeRecommendationService.ts[0m:[93m113[0m:[93m42[0m - [91merror[0m[90m TS2339: [0mProperty 'margin_percentage' does not exist on type '{ id: string; name: string; category: string | null; price: number | null; }'.

[7m113[0m           margin_percentage: data.recipe.margin_percentage || null,
[7m   [0m [91m                                         ~~~~~~~~~~~~~~~~~[0m

[96msrc/modules/orders/services/RecipeRecommendationService.ts[0m:[93m115[0m:[93m34[0m - [91merror[0m[90m TS2339: [0mProperty 'prep_time' does not exist on type '{ id: string; name: string; category: string | null; price: number | null; }'.

[7m115[0m           prep_time: data.recipe.prep_time || null,
[7m   [0m [91m                                 ~~~~~~~~~[0m

[96msrc/modules/orders/services/RecipeRecommendationService.ts[0m:[93m116[0m:[93m34[0m - [91merror[0m[90m TS2339: [0mProperty 'cook_time' does not exist on type '{ id: string; name: string; category: string | null; price: number | null; }'.

[7m116[0m           cook_time: data.recipe.cook_time || null
[7m   [0m [91m                                 ~~~~~~~~~[0m

[96msrc/modules/orders/types.ts[0m:[93m37[0m:[93m30[0m - [91merror[0m[90m TS2300: [0mDuplicate identifier 'OrderStatus'.

[7m37[0m export type { PaymentMethod, OrderStatus }
[7m  [0m [91m                             ~~~~~~~~~~~[0m

[96msrc/modules/orders/types.ts[0m:[93m60[0m:[93m15[0m - [91merror[0m[90m TS2300: [0mDuplicate identifier 'OrderStatus'.

[7m60[0m export type { OrderStatus } from '@/types/database'
[7m  [0m [91m              ~~~~~~~~~~~[0m

[96msrc/modules/recipes/components/LazyComponents.tsx[0m:[93m10[0m:[93m9[0m - [91merror[0m[90m TS2322: [0mType 'Promise<typeof import("/Users/mymac/Projects/HeyTrack/src/modules/recipes/components/SmartPricingAssistant")>' is not assignable to type 'Promise<{ default: ComponentType<Record<string, unknown>>; }>'.
  Type 'typeof import("/Users/mymac/Projects/HeyTrack/src/modules/recipes/components/SmartPricingAssistant")' is not assignable to type '{ default: ComponentType<Record<string, unknown>>; }'.
    Types of property 'default' are incompatible.
      Type '({ recipe, onPriceUpdate }: SmartPricingAssistantProps) => JSX.Element' is not assignable to type 'ComponentType<Record<string, unknown>>'.
        Type '({ recipe, onPriceUpdate }: SmartPricingAssistantProps) => JSX.Element' is not assignable to type 'FunctionComponent<Record<string, unknown>>'.
          Types of parameters '__0' and 'props' are incompatible.
            Type 'Record<string, unknown>' is missing the following properties from type 'SmartPricingAssistantProps': recipe, onPriceUpdate

[7m10[0m   () => import('./SmartPricingAssistant'),
[7m  [0m [91m        ~~~~~~~~~~~~~~~~~~~~~~~~~~~~~~~~~[0m

  [96msrc/components/lazy/LazyWrapper.tsx[0m:[93m71[0m:[93m15[0m
    [7m71[0m   importFunc: () => Promise<{ default: T }>,
    [7m  [0m [96m              ~~~~~~~~~~~~~~~~~~~~~~~~~~~~~[0m
    The expected type comes from the return type of this signature.

[96msrc/providers/PreloadingProvider.tsx[0m:[93m112[0m:[93m50[0m - [91merror[0m[90m TS2304: [0mCannot find name 'preloadedComponents'.

[7m112[0m       apiLogger.info(`🧩 Preloaded components: ${preloadedComponents.size}`)
[7m   [0m [91m                                                 ~~~~~~~~~~~~~~~~~~~[0m

[96msrc/providers/PreloadingProvider.tsx[0m:[93m114[0m:[93m39[0m - [91merror[0m[90m TS2304: [0mCannot find name 'preloadedComponents'.

[7m114[0m   }, [pathname, preloadedRoutes.size, preloadedComponents.size, debug])
[7m   [0m [91m                                      ~~~~~~~~~~~~~~~~~~~[0m

[96msrc/providers/PreloadingProvider.tsx[0m:[93m120[0m:[93m31[0m - [91merror[0m[90m TS2304: [0mCannot find name 'preloadedComponents'.

[7m120[0m     preloadedComponentsCount: preloadedComponents.size,
[7m   [0m [91m                              ~~~~~~~~~~~~~~~~~~~[0m

[96msrc/providers/PreloadingProvider.tsx[0m:[93m122[0m:[93m37[0m - [91merror[0m[90m TS2304: [0mCannot find name 'preloadedComponents'.

[7m122[0m     preloadedComponents: Array.from(preloadedComponents)
[7m   [0m [91m                                    ~~~~~~~~~~~~~~~~~~~[0m

[96msrc/providers/PreloadingProvider.tsx[0m:[93m129[0m:[93m5[0m - [91merror[0m[90m TS18004: [0mNo value exists in scope for the shorthand property 'preloadedComponents'. Either declare one or provide an initializer.

[7m129[0m     preloadedComponents,
[7m   [0m [91m    ~~~~~~~~~~~~~~~~~~~[0m

[96msrc/providers/QueryProvider.tsx[0m:[93m24[0m:[93m25[0m - [91merror[0m[90m TS7006: [0mParameter 'previousData' implicitly has an 'any' type.

[7m24[0m       placeholderData: (previousData) => previousData,
[7m  [0m [91m                        ~~~~~~~~~~~~[0m

[96msrc/providers/SupabaseProvider.tsx[0m:[93m28[0m:[93m32[0m - [91merror[0m[90m TS2322: [0mType 'SupabaseClient<Database, "public", { Tables: { app_settings: { Row: { created_at: string | null; id: string; settings_data: Json; updated_at: string | null; user_id: string; }; Insert: { ...; }; Update: { ...; }; Relationships: []; }; ... 36 more ...; whatsapp_templates: { ...; }; }; Views: { ...; }; Functions: { .....' is not assignable to type 'SupabaseClient<Database, "public", "public", { Tables: { app_settings: { Row: { created_at: string | null; id: string; settings_data: Json; updated_at: string | null; user_id: string; }; Insert: { ...; }; Update: { ...; }; Relationships: []; }; ... 36 more ...; whatsapp_templates: { ...; }; }; Views: { ...; }; Funct...'.
  Type '{ Tables: { app_settings: { Row: { created_at: string | null; id: string; settings_data: Json; updated_at: string | null; user_id: string; }; Insert: { created_at?: string | null | undefined; id?: string | undefined; settings_data: Json; updated_at?: string | ... 1 more ... | undefined; user_id: string; }; Update: {...' is not assignable to type '"public"'.

[7m28[0m     <Context.Provider value={{ supabase }}>
[7m  [0m [91m                               ~~~~~~~~[0m

[96msrc/services/hpp/HppCalculatorService.ts[0m:[93m128[0m:[93m9[0m - [91merror[0m[90m TS2345: [0mArgument of type '{ id: string; ingredient_id: string; quantity: number; recipe_id: string; unit: string; user_id: string; ingredients: { id: string; name: string; price_per_unit: number; weighted_average_cost: number; unit: string; }; }[] & RecipeIngredientItem[]' is not assignable to parameter of type '({ id: string; ingredient_id: string; quantity: number; recipe_id: string; unit: string; user_id: string; } & { ingredients: { category: string | null; cost_per_batch: number | null; created_at: string | null; ... 23 more ...; weighted_average_cost: number; } | null; })[]'.
  The types returned by 'pop()' are incompatible between these types.
    Type '{ id: string; ingredient_id: string; quantity: number; recipe_id: string; unit: string; user_id: string; ingredients: { id: string; name: string; price_per_unit: number; weighted_average_cost: number; unit: string; }; } | undefined' is not assignable to type '({ id: string; ingredient_id: string; quantity: number; recipe_id: string; unit: string; user_id: string; } & { ingredients: { category: string | null; cost_per_batch: number | null; created_at: string | null; ... 23 more ...; weighted_average_cost: number; } | null; }) | undefined'.
      Type '{ id: string; ingredient_id: string; quantity: number; recipe_id: string; unit: string; user_id: string; ingredients: { id: string; name: string; price_per_unit: number; weighted_average_cost: number; unit: string; }; }' is not assignable to type '{ id: string; ingredient_id: string; quantity: number; recipe_id: string; unit: string; user_id: string; } & { ingredients: { category: string | null; cost_per_batch: number | null; created_at: string | null; ... 23 more ...; weighted_average_cost: number; } | null; }'.
        Type '{ id: string; ingredient_id: string; quantity: number; recipe_id: string; unit: string; user_id: string; ingredients: { id: string; name: string; price_per_unit: number; weighted_average_cost: number; unit: string; }; }' is not assignable to type '{ ingredients: { category: string | null; cost_per_batch: number | null; created_at: string | null; created_by: string | null; current_stock: number | null; description: string | null; ... 20 more ...; weighted_average_cost: number; } | null; }'.
          Types of property 'ingredients' are incompatible.
            Type '{ id: string; name: string; price_per_unit: number; weighted_average_cost: number; unit: string; }' is missing the following properties from type '{ category: string | null; cost_per_batch: number | null; created_at: string | null; created_by: string | null; current_stock: number | null; description: string | null; expiry_date: string | null; ... 19 more ...; weighted_average_cost: number; }': category, cost_per_batch, created_at, created_by, and 18 more.

[7m128[0m         recipeIngredients
[7m   [0m [91m        ~~~~~~~~~~~~~~~~~[0m

[96msrc/services/production/ProductionBatchService.ts[0m:[93m137[0m:[93m9[0m - [91merror[0m[90m TS2353: [0mObject literal may only specify known properties, and 'batch_status' does not exist in type '{ actual_end_time?: string | null | undefined; actual_quantity?: number | null | undefined; completed_at?: string | null | undefined; cost_per_unit: number; created_at?: string | null | undefined; ... 11 more ...; user_id: string; }'.

[7m137[0m         batch_status: 'PLANNED',
[7m   [0m [91m        ~~~~~~~~~~~~[0m

[96msrc/services/production/ProductionBatchService.ts[0m:[93m257[0m:[93m34[0m - [91merror[0m[90m TS2345: [0mArgument of type 'SelectQueryError<"column 'production_batch_id' does not exist on 'orders'.">' is not assignable to parameter of type 'DataObject | null | undefined'.
  Type 'SelectQueryError<"column 'production_batch_id' does not exist on 'orders'.">' is not assignable to type 'DataObject'.
    Index signature for type 'string' is missing in type '{ error: true; } & String'.

[7m257[0m         const isUrgent = safeGet(order, 'production_priority') === 'URGENT'
[7m   [0m [91m                                 ~~~~~[0m

[96msrc/services/production/ProductionBatchService.ts[0m:[93m264[0m:[93m40[0m - [91merror[0m[90m TS2345: [0mArgument of type 'SelectQueryError<"column 'production_batch_id' does not exist on 'orders'.">' is not assignable to parameter of type 'DataObject | null | undefined'.
  Type 'SelectQueryError<"column 'production_batch_id' does not exist on 'orders'.">' is not assignable to type 'DataObject'.
    Index signature for type 'string' is missing in type '{ error: true; } & String'.

[7m264[0m           const deliveryDate = safeGet(order, 'delivery_date')
[7m   [0m [91m                                       ~~~~~[0m

[96msrc/services/production/ProductionBatchService.ts[0m:[93m266[0m:[93m13[0m - [91merror[0m[90m TS2322: [0mType 'string | number | true | JsonValue[] | { [key: string]: JsonValue | undefined; }' is not assignable to type 'string | null'.
  Type 'number' is not assignable to type 'string'.

[7m266[0m             existing.earliest_delivery = deliveryDate
[7m   [0m [91m            ~~~~~~~~~~~~~~~~~~~~~~~~~~[0m

[96msrc/services/production/ProductionBatchService.ts[0m:[93m276[0m:[93m38[0m - [91merror[0m[90m TS2339: [0mProperty 'delivery_date' does not exist on type 'SelectQueryError<"column 'production_batch_id' does not exist on 'orders'.">'.

[7m276[0m             earliest_delivery: order.delivery_date
[7m   [0m [91m                                     ~~~~~~~~~~~~~[0m

[96msrc/services/production/ProductionBatchService.ts[0m:[93m336[0m:[93m9[0m - [91merror[0m[90m TS2353: [0mObject literal may only specify known properties, and 'batch_status' does not exist in type '{ actual_end_time?: string | null | undefined; actual_quantity?: number | null | undefined; completed_at?: string | null | undefined; cost_per_unit?: number | undefined; created_at?: string | ... 1 more ... | undefined; ... 11 more ...; user_id?: string | undefined; }'.

[7m336[0m         batch_status: 'COMPLETED',
[7m   [0m [91m        ~~~~~~~~~~~~[0m

[96msrc/utils/supabase/helpers.ts[0m:[93m27[0m:[93m58[0m - [91merror[0m[90m TS2344: [0mType 'unknown' does not satisfy the constraint '"public" | { PostgrestVersion: string; }'.

[7m27[0m export function typed<T extends SupabaseClient<Database, unknown, unknown>>(client: T) {
[7m  [0m [91m                                                         ~~~~~~~[0m

[96msrc/utils/supabase/server.ts[0m:[93m33[0m:[93m10[0m - [91merror[0m[90m TS2352: [0mConversion of type 'SupabaseClient<Database, "public", { Tables: { app_settings: { Row: { created_at: string | null; id: string; settings_data: Json; updated_at: string | null; user_id: string; }; Insert: { ...; }; Update: { ...; }; Relationships: []; }; ... 36 more ...; whatsapp_templates: { ...; }; }; Views: { ...; }; Functions: { .....' to type 'SupabaseClient<Database, "public", "public", { Tables: { app_settings: { Row: { created_at: string | null; id: string; settings_data: Json; updated_at: string | null; user_id: string; }; Insert: { ...; }; Update: { ...; }; Relationships: []; }; ... 36 more ...; whatsapp_templates: { ...; }; }; Views: { ...; }; Funct...' may be a mistake because neither type sufficiently overlaps with the other. If this was intentional, convert the expression to 'unknown' first.
  Type '{ Tables: { app_settings: { Row: { created_at: string | null; id: string; settings_data: Json; updated_at: string | null; user_id: string; }; Insert: { created_at?: string | null | undefined; id?: string | undefined; settings_data: Json; updated_at?: string | ... 1 more ... | undefined; user_id: string; }; Update: {...' is not comparable to type '"public"'.

[7m 33[0m   return createServerClient<Database>(
[7m   [0m [91m         ~~~~~~~~~~~~~~~~~~~~~~~~~~~~~[0m
[7m 34[0m     process.env['NEXT_PUBLIC_SUPABASE_URL'] || '',
[7m   [0m [91m~~~~~~~~~~~~~~~~~~~~~~~~~~~~~~~~~~~~~~~~~~~~~~~~~~[0m
[7m...[0m 
[7m 56[0m     }
[7m   [0m [91m~~~~~[0m
[7m 57[0m   ) as SupabaseClient<Database>
[7m   [0m [91m~~~~~~~~~~~~~~~~~~~~~~~~~~~~~~~[0m


Found 322 errors in 101 files.

Errors  Files
     1  src/app/api/recipes/[id]/pricing/route.ts[90m:108[0m
     2  src/app/customers/[id]/page.tsx[90m:259[0m
     3  src/app/recipes/ai-generator/components/AIRecipeGeneratorLayout.tsx[90m:224[0m
     3  src/components/lazy/modal-lazy-loader.tsx[90m:144[0m
     4  src/components/lazy/progressive-loading.tsx[90m:130[0m
     5  src/components/orders/useOrders.ts[90m:253[0m
     7  src/components/production/ProductionBatchExecution.tsx[90m:78[0m
    10  src/components/production/ProductionTimeline.tsx[90m:11[0m
     1  src/components/recipes/RecipeFormPage.tsx[90m:96[0m
     1  src/components/recipes/RecipeStatsCards.tsx[90m:73[0m
     7  src/components/shared/ErrorBoundary.tsx[90m:12[0m
     1  src/components/shared/SharedDataTable.tsx[90m:363[0m
     8  src/components/shared/SharedForm.tsx[90m:86[0m
     3  src/components/ui/calendar.tsx[90m:128[0m
     3  src/components/ui/chart.tsx[90m:47[0m
     5  src/components/ui/charts/pie-chart.tsx[90m:39[0m
     2  src/components/ui/confirmation-dialog.tsx[90m:83[0m
     2  src/components/ui/crud-form.tsx[90m:165[0m
     2  src/components/ui/error-message.tsx[90m:193[0m
     5  src/components/ui/form.tsx[90m:74[0m
     1  src/components/ui/lazy-wrapper.tsx[90m:86[0m
     4  src/components/ui/mobile-table.tsx[90m:80[0m
     5  src/components/ui/simple-data-table.tsx[90m:131[0m
     3  src/components/ui/skeletons/performance-optimizations.ts[90m:170[0m
     2  src/components/ui/table-pagination-controls.tsx[90m:98[0m
     9  src/hooks/enhanced-crud/useEnhancedCRUD.ts[90m:147[0m
     1  src/hooks/route-preloading/useButtonPreloading.ts[90m:17[0m
     1  src/hooks/route-preloading/useIdleTimePreloading.ts[90m:21[0m
     1  src/hooks/route-preloading/useNetworkAwarePreloading.ts[90m:27[0m
     2  src/hooks/route-preloading/useRoutePreloading.ts[90m:40[0m
     5  src/hooks/supabase/bulk.ts[90m:23[0m
     3  src/hooks/supabase/core.ts[90m:65[0m
     4  src/hooks/supabase/crud.ts[90m:61[0m
     1  src/hooks/supabase/entities.ts[90m:55[0m
    14  src/hooks/supabase/useSupabaseCRUD.ts[90m:15[0m
     1  src/hooks/useAuth.ts[90m:84[0m
     1  src/hooks/useInventoryAlerts.tsx[90m:12[0m
     2  src/hooks/useOptimizedQuery.ts[90m:10[0m
     1  src/hooks/usePerformance.ts[90m:124[0m
     1  src/lib/api-cache.ts[90m:66[0m
     2  src/lib/api-core/errors.ts[90m:19[0m
     5  src/lib/api-core/handlers.ts[90m:30[0m
     1  src/lib/api-core/validation.ts[90m:25[0m
     5  src/lib/api/client.ts[90m:50[0m
     1  src/lib/automation-engine.ts[90m:14[0m
     1  src/lib/automation/base-workflow.ts[90m:11[0m
     6  src/lib/automation/financial-automation/projection-engine.ts[90m:73[0m
     1  src/lib/automation/financial-automation/system.ts[90m:73[0m
     6  src/lib/automation/production-automation/system.ts[90m:5[0m
     6  src/lib/automation/production-automation/time-calculator.ts[90m:63[0m
    10  src/lib/automation/workflows/__tests__/order-workflows.test.ts[90m:49[0m
     6  src/lib/automation/workflows/financial-workflows.ts[90m:36[0m
     5  src/lib/automation/workflows/index.ts[90m:46[0m
     1  src/lib/automation/workflows/inventory-workflows.ts[90m:213[0m
     1  src/lib/business-services/utils.ts[90m:59[0m
     1  src/lib/communications/manager.ts[90m:79[0m
     2  src/lib/database/order-transactions.ts[90m:91[0m
     2  src/lib/errors/error-handler.ts[90m:69[0m
     5  src/lib/errors/monitoring-service.ts[90m:101[0m
    10  src/lib/export/global-export.ts[90m:35[0m
     1  src/lib/ingredients-toast.ts[90m:48[0m
     1  src/lib/logger.ts[90m:40[0m
     7  src/lib/notifications/grouping.ts[90m:32[0m
     3  src/lib/performance-optimized.ts[90m:53[0m
     2  src/lib/performance/web-vitals.tsx[90m:4[0m
     2  src/lib/services/BusinessContextService.ts[90m:147[0m
     7  src/lib/services/ChatSessionService.ts[90m:2[0m
     1  src/lib/shared/api-utils.ts[90m:197[0m
     5  src/lib/shared/api.ts[90m:78[0m
     3  src/lib/shared/data-management.ts[90m:94[0m
     3  src/lib/shared/form-utils.ts[90m:19[0m
     5  src/lib/shared/performance.ts[90m:103[0m
     5  src/lib/shared/table-utils.ts[90m:48[0m
     2  src/lib/shared/theme.ts[90m:130[0m
     6  src/lib/supabase-client.ts[90m:18[0m
     2  src/lib/supabase/type-helpers.ts[90m:24[0m
     1  src/lib/validations/cache.ts[90m:82[0m
     2  src/lib/validations/domains/common.ts[90m:82[0m
     4  src/lib/validations/domains/customer-helpers.ts[90m:66[0m
     1  src/lib/validations/domains/notification.ts[90m:16[0m
     1  src/lib/validations/domains/recipe-helpers.ts[90m:209[0m
     1  src/modules/charts/components/LazyCharts.tsx[90m:144[0m
     2  src/modules/hpp/components/HppCostTrendsChart.tsx[90m:8[0m
     1  src/modules/hpp/components/UnifiedHppPage.tsx[90m:31[0m
     2  src/modules/inventory/components/BulkImportWizard.tsx[90m:188[0m
     1  src/modules/inventory/services/InventoryNotificationService.ts[90m:22[0m
     1  src/modules/notifications/services/NotificationService.ts[90m:29[0m
     3  src/modules/orders/components/OrderForm/index.tsx[90m:298[0m
     1  src/modules/orders/components/OrdersPage/OrderCard.tsx[90m:60[0m
     7  src/modules/orders/services/PricingAssistantService.ts[90m:60[0m
     1  src/modules/orders/services/RecipeAvailabilityService.ts[90m:84[0m
     5  src/modules/orders/services/RecipeRecommendationService.ts[90m:111[0m
     2  src/modules/orders/types.ts[90m:37[0m
     1  src/modules/recipes/components/LazyComponents.tsx[90m:10[0m
     5  src/providers/PreloadingProvider.tsx[90m:112[0m
     1  src/providers/QueryProvider.tsx[90m:24[0m
     1  src/providers/SupabaseProvider.tsx[90m:28[0m
     1  src/services/hpp/HppCalculatorService.ts[90m:128[0m
     6  src/services/production/ProductionBatchService.ts[90m:137[0m
     1  src/utils/supabase/helpers.ts[90m:27[0m
     1  src/utils/supabase/server.ts[90m:33[0m
